[(¦t1.4¦verb¦manufacture¦VBZ¦ACTIVITY:t1.6¦ (¦t1.3¦noun¦company¦NN¦ ¦t1.1¦determiner¦a¦DT¦ ¦t1.2¦adjective¦small¦JJ¦) (¦t1.6¦noun¦bicycle¦NNS¦ ¦t1.5¦verb¦customize¦VBN¦ACTIVITY:t1.6¦) ¦t1.7¦punctuation¦.¦Fp¦), (¦t2.5¦verb¦receive¦VBZ¦ACTIVITY:t2.7¦ ¦t2.1¦adverb¦whenever¦WRB¦ (¦t2.4¦noun¦department¦NN¦ ¦t2.2¦determiner¦the¦DT¦ ¦t2.3¦noun¦sale¦NNS¦) (¦t2.7¦noun¦order¦NN¦ ¦t2.6¦determiner¦a¦DT¦ (¦t2.13¦verb¦be¦VBZ¦ ¦t2.8¦punctuation¦,¦Fc¦ (¦t2.12¦noun¦instance¦NN¦ ¦t2.9¦determiner¦a¦DT¦ ¦t2.10¦adjective¦new¦JJ¦ ¦t2.11¦noun¦process¦NN¦) ¦t2.14¦verb¦create¦VBN¦ACTIVITY:t2.7¦)) ¦t2.15¦punctuation¦.¦Fp¦), (¦t3.7¦verb¦can¦MD¦ (¦t3.2¦noun¦member¦NN¦ ¦t3.1¦determiner¦a¦DT¦ (¦t3.3¦preposition¦of¦IN¦ (¦t3.6¦noun¦department¦NN¦ ¦t3.4¦determiner¦the¦DT¦ ¦t3.5¦noun¦sale¦NNS¦))) ¦t3.8¦adverb¦then¦RB¦ (¦t3.9¦verb¦reject¦VB¦CONDITION:null¦ (¦t3.10¦conjunction¦or¦CC¦ ¦t3.11¦verb¦accept¦VB¦CONDITION:null¦) (¦t3.13¦noun¦order¦NN¦ ¦t3.12¦determiner¦the¦DT¦ (¦t3.14¦preposition¦for¦IN¦ (¦t3.17¦noun¦bike¦NN¦ ¦t3.15¦determiner¦a¦DT¦ ¦t3.16¦verb¦customize¦VBN¦ACTIVITY:t3.17¦)))) ¦t3.18¦punctuation¦.¦Fp¦), (¦t4.9¦verb¦be¦VBZ¦ (¦t4.1¦preposition¦in¦IN¦ (¦t4.4¦noun¦case¦NN¦ ¦t4.2¦determiner¦the¦DT¦ ¦t4.3¦adjective¦former¦JJ¦)) ¦t4.5¦punctuation¦,¦Fc¦ (¦t4.8¦noun¦instance¦NN¦ ¦t4.6¦determiner¦the¦DT¦ ¦t4.7¦noun¦process¦NN¦) ¦t4.10¦verb¦finish¦VBN¦ACTIVITY:t4.8¦ ¦t4.11¦punctuation¦.¦Fp¦), (¦t5.12¦verb¦be¦VBP¦ (¦t5.1¦preposition¦in¦IN¦ (¦t5.4¦noun¦case¦NN¦ ¦t5.2¦determiner¦the¦DT¦ ¦t5.3¦adjective¦latter¦JJ¦)) ¦t5.5¦punctuation¦,¦Fc¦ (¦t5.7¦noun¦storehouse¦NN¦ ¦t5.6¦determiner¦the¦DT¦ (¦t5.8¦conjunction¦and¦CC¦ (¦t5.11¦noun¦department¦NN¦ ¦t5.9¦determiner¦the¦DT¦ ¦t5.10¦noun¦engineering¦NN¦))) ¦t5.13¦verb¦inform¦VBN¦ACTIVITY:t5.7¦ ¦t5.14¦punctuation¦.¦Fp¦), (¦t6.4¦verb¦process¦VBZ¦ACTIVITY:t6.7¦ (¦t6.2¦noun¦storehouse¦NN¦ ¦t6.1¦determiner¦the¦DT¦) ¦t6.3¦adverb¦immediately¦RB¦ (¦t6.7¦noun¦list¦NN¦ ¦t6.5¦determiner¦the¦DT¦ ¦t6.6¦noun¦part¦NN¦ (¦t6.8¦preposition¦of¦IN¦ (¦t6.10¦noun¦order¦NN¦ ¦t6.9¦determiner¦the¦DT¦ (¦t6.11¦conjunction¦and¦CC¦ ¦t6.12¦noun¦check¦NNS¦ (¦t6.15¦noun¦quantity¦NN¦ ¦t6.13¦determiner¦the¦DT¦ ¦t6.14¦verb¦require¦VBN¦ACTIVITY:t6.15¦ (¦t6.16¦preposition¦of¦IN¦ (¦t6.18¦noun¦part¦NN¦ ¦t6.17¦determiner¦each¦DT¦))))))) ¦t6.19¦punctuation¦.¦Fp¦), (¦t7.9¦verb¦be¦VBZ¦ (¦t7.1¦preposition¦if¦IN¦ (¦t7.4¦verb¦be¦VBZ¦CONDITION:null¦ (¦t7.3¦noun¦part¦NN¦ ¦t7.2¦determiner¦the¦DT¦) ¦t7.5¦adjective¦available¦JJ¦ ¦t7.6¦adverb¦in-house¦RB¦)) ¦t7.7¦punctuation¦,¦Fc¦ ¦t7.8¦pronoun¦it¦PRP¦ ¦t7.10¦verb¦reserve¦VBN¦ACTIVITY:t7.8¦ ¦t7.11¦punctuation¦.¦Fp¦), (¦t8.8¦verb¦be¦VBZ¦ (¦t8.1¦preposition¦if¦IN¦ (¦t8.3¦verb¦be¦VBZ¦CONDITION:null¦ ¦t8.2¦pronoun¦it¦PRP¦ ¦t8.4¦adverb¦not¦RB¦ ¦t8.5¦adjective¦available¦JJ¦)) ¦t8.6¦punctuation¦,¦Fc¦ ¦t8.7¦pronoun¦it¦PRP¦ ¦t8.9¦verb¦back_order¦VBN¦ACTIVITY:t8.7¦ ¦t8.10¦punctuation¦.¦Fp¦), (¦t9.3¦verb¦be¦VBZ¦ (¦t9.2¦noun¦procedure¦NN¦ ¦t9.1¦determiner¦this¦DT¦) (¦t9.4¦verb¦repeat¦VBN¦ACTIVITY:t9.2¦ (¦t9.5¦preposition¦for¦IN¦ (¦t9.7¦noun¦item¦NN¦ ¦t9.6¦determiner¦each¦DT¦ (¦t9.8¦preposition¦on¦IN¦ (¦t9.11¦noun¦list¦NN¦ ¦t9.9¦determiner¦the¦DT¦ ¦t9.10¦noun¦part¦NN¦))))) ¦t9.12¦punctuation¦.¦Fp¦), (¦t10.6¦verb¦prepare¦VBZ¦ACTIVITY:t10.7¦ ¦t10.1¦adverb¦in_the_meantime¦RB¦ ¦t10.2¦punctuation¦,¦Fc¦ (¦t10.5¦noun¦department¦NN¦ ¦t10.3¦determiner¦the¦DT¦ ¦t10.4¦noun¦engineering¦NN¦) (¦t10.7¦pronoun¦everything¦PRP¦ (¦t10.8¦preposition¦for¦IN¦ (¦t10.10¦verb¦assemble¦VBG¦ACTIVITY:t10.11¦ ¦t10.9¦determiner¦the¦DT¦ (¦t10.11¦preposition¦of¦IN¦ (¦t10.14¦noun¦bicycle¦NN¦ ¦t10.12¦determiner¦the¦DT¦ ¦t10.13¦verb¦order¦VBN¦ACTIVITY:t10.14¦))))) ¦t10.15¦punctuation¦.¦Fp¦), (¦t11.25¦verb¦assemble¦VBZ¦ACTIVITY:t11.27¦ (¦t11.1¦preposition¦if¦IN¦ (¦t11.4¦verb¦have¦VBZ¦CONDITION:null¦ (¦t11.3¦noun¦storehouse¦NN¦ ¦t11.2¦determiner¦the¦DT¦) (¦t11.6¦verb¦reserve¦VBN¦ ¦t11.5¦adverb¦successfully¦RB¦ (¦t11.7¦conjunction¦or¦CC¦ ¦t11.8¦verb¦back_order¦VBN¦))) (¦t11.19¦verb¦have¦VBZ¦ (¦t11.10¦noun¦item¦NN¦ ¦t11.9¦determiner¦every¦DT¦ (¦t11.11¦preposition¦of¦IN¦ (¦t11.14¦noun¦list¦NN¦ ¦t11.12¦determiner¦the¦DT¦ ¦t11.13¦noun¦part¦NN¦)) ¦t11.15¦conjunction¦and¦CC¦) (¦t11.18¦noun¦activity¦NN¦ ¦t11.16¦determiner¦the¦DT¦ ¦t11.17¦noun¦preparation¦NN¦) ¦t11.20¦verb¦finish¦VBN¦ACTIVITY:t11.10¦)) ¦t11.21¦punctuation¦,¦Fc¦ (¦t11.24¦noun¦department¦NN¦ ¦t11.22¦determiner¦the¦DT¦ ¦t11.23¦noun¦engineering¦NN¦) (¦t11.27¦noun¦bicycle¦NN¦ ¦t11.26¦determiner¦the¦DT¦) ¦t11.28¦punctuation¦.¦Fp¦), (¦t12.1¦adverb¦afterwards¦RB¦ ¦t12.2¦punctuation¦,¦Fc¦ (¦t12.6¦noun¦ship¦NNS¦ ¦t12.3¦determiner¦the¦DT¦ ¦t12.4¦noun¦sale¦NNS¦ ¦t12.5¦noun¦department¦NN¦ (¦t12.8¦noun¦bicycle¦NN¦ ¦t12.7¦determiner¦the¦DT¦ (¦t12.9¦particle¦to¦TO¦ (¦t12.11¦noun¦customer¦NN¦ ¦t12.10¦determiner¦the¦DT¦))) (¦t12.12¦conjunction¦and¦CC¦ (¦t12.13¦verb¦finish¦VBZ¦ACTIVITY:t12.16¦ (¦t12.16¦noun¦instance¦NN¦ ¦t12.14¦determiner¦the¦DT¦ ¦t12.15¦noun¦process¦NN¦)))) ¦t12.17¦punctuation¦.¦Fp¦)]