[(¦t1.3¦verb¦bring¦VBZ¦ (¦t1.2¦noun¦customer¦NN¦ ¦t1.1¦determiner¦a¦DT¦) (¦t1.4¦preposition¦in¦IN¦ (¦t1.7¦noun¦computer¦NN¦ ¦t1.5¦determiner¦a¦DT¦ ¦t1.6¦adjective¦defective¦JJ¦)) (¦t1.8¦conjunction¦and¦CC¦ (¦t1.11¦noun¦check¦NNS¦ ¦t1.9¦determiner¦the¦DT¦ ¦t1.10¦noun¦crs¦NP¦) (¦t1.13¦noun¦defect¦NN¦ ¦t1.12¦determiner¦the¦DT¦ (¦t1.14¦conjunction¦and¦CC¦ ¦t1.15¦noun¦hand¦NNS¦ACTIVITY:t1.16¦) (¦t1.16¦preposition¦out¦IN¦ (¦t1.20¦noun¦calculation¦NN¦ACTIVITY:t1.19¦ ¦t1.17¦determiner¦a¦DT¦ (¦t1.19¦noun¦cost¦NN¦ ¦t1.18¦noun¦repair¦NN¦) ¦t1.21¦adverb¦back¦RB¦)))) ¦t1.22¦punctuation¦.¦Fp¦), (¦t2.17¦verb¦take¦VBZ¦ACTIVITY:t2.20¦ (¦t2.1¦preposition¦if¦IN¦ (¦t2.4¦verb¦decide¦VBZ¦CONDITION:null¦ (¦t2.3¦noun¦customer¦NN¦ ¦t2.2¦determiner¦the¦DT¦) (¦t2.5¦preposition¦that¦IN¦ (¦t2.8¦verb¦be¦VBP¦ (¦t2.7¦noun¦cost¦NNS¦ ¦t2.6¦determiner¦the¦DT¦) ¦t2.9¦adjective¦acceptable¦JJ¦)))) (¦t2.13¦verb¦continue¦VBZ¦ACTIVITY:t2.12¦ ¦t2.10¦punctuation¦,¦Fc¦ (¦t2.12¦noun¦process¦NN¦ ¦t2.11¦determiner¦the¦DT¦) ¦t2.14¦punctuation¦,¦Fc¦) ¦t2.15¦adverb¦otherwise¦RB¦CONDITION:null¦ ¦t2.16¦pronoun¦she¦PRP¦ (¦t2.20¦noun¦home¦NN¦ ¦t2.18¦pronoun¦her¦PRP$¦ ¦t2.19¦noun¦computer¦NN¦) ¦t2.21¦adjective¦unrepaired¦JJ¦ ¦t2.22¦punctuation¦.¦Fp¦), (¦t3.4¦verb¦consist¦VBZ¦ (¦t3.3¦noun¦repair¦NN¦ ¦t3.1¦determiner¦the¦DT¦ ¦t3.2¦adjective¦ongoing¦JJ¦) (¦t3.5¦preposition¦of¦IN¦ (¦t3.7¦noun¦activity¦NNS¦ ¦t3.6¦number¦2¦Z¦ ¦t3.8¦punctuation¦,¦Fc¦ (¦t3.10¦verb¦be¦VBP¦ ¦t3.9¦determiner¦which¦WDT¦ ¦t3.11¦verb¦execute¦VBN¦ACTIVITY:t3.7¦) ¦t3.12¦punctuation¦,¦Fc¦)) (¦t3.13¦preposition¦in¦IN¦ (¦t3.16¦noun¦order¦NN¦ ¦t3.14¦determiner¦a¦DT¦ ¦t3.15¦adjective¦arbitrary¦JJ¦)) ¦t3.17¦punctuation¦.¦Fp¦), (¦t4.4¦verb¦be¦VBZ¦ (¦t4.3¦noun¦activity¦NN¦ ¦t4.1¦determiner¦the¦DT¦ ¦t4.2¦adjective¦1¦JJ¦) (¦t4.5¦particle¦to¦TO¦ (¦t4.6¦verb¦check¦VB¦ (¦t4.7¦conjunction¦and¦CC¦ (¦t4.8¦verb¦repair¦VB¦ACTIVITY:t4.10¦ (¦t4.10¦noun¦hardware¦NN¦ ¦t4.9¦determiner¦the¦DT¦) ¦t4.11¦punctuation¦,¦Fc¦ (¦t4.12¦preposition¦whereas¦IN¦ (¦t4.16¦noun¦check¦NNS¦ ¦t4.13¦determiner¦the¦DT¦ ¦t4.14¦adjective¦2¦JJ¦ ¦t4.15¦noun¦activity¦NN¦)) (¦t4.17¦conjunction¦and¦CC¦ (¦t4.18¦verb¦configure¦VBZ¦ACTIVITY:t4.20¦ (¦t4.20¦noun¦software¦NN¦ ¦t4.19¦determiner¦the¦DT¦))))))) ¦t4.21¦punctuation¦.¦Fp¦), (¦t5.11¦verb¦be¦VBZ¦ (¦t5.1¦preposition¦after¦IN¦ (¦t5.2¦determiner¦each¦DT¦ (¦t5.3¦preposition¦of¦IN¦ (¦t5.5¦noun¦activity¦NNS¦ ¦t5.4¦determiner¦these¦DT¦)))) ¦t5.6¦punctuation¦,¦Fc¦ (¦t5.10¦noun¦functionality¦NN¦ ¦t5.7¦determiner¦the¦DT¦ ¦t5.8¦adjective¦proper¦JJ¦ ¦t5.9¦noun¦system¦NN¦) ¦t5.12¦verb¦test¦VBN¦ACTIVITY:t5.10¦ ¦t5.13¦punctuation¦.¦Fp¦), (¦t6.16¦verb¦be¦VBZ¦ (¦t6.1¦preposition¦if¦IN¦ (¦t6.4¦verb¦be¦VBZ¦CONDITION:null¦ (¦t6.3¦noun¦error¦NN¦ ¦t6.2¦determiner¦a¦DT¦) ¦t6.5¦verb¦detect¦VBN¦ACTIVITY:t6.3¦) (¦t6.10¦verb¦be¦VBZ¦ (¦t6.9¦noun¦activity¦NN¦ ¦t6.6¦determiner¦another¦DT¦ ¦t6.7¦adjective¦arbitrary¦JJ¦ ¦t6.8¦noun¦repair¦NN¦) ¦t6.11¦verb¦execute¦VBN¦ACTIVITY:t6.9¦)) ¦t6.12¦punctuation¦,¦Fc¦ (¦t6.15¦noun¦repair¦NN¦ ¦t6.13¦adverb¦otherwise¦RB¦ ¦t6.14¦determiner¦the¦DT¦) ¦t6.17¦verb¦finish¦VBN¦ACTIVITY:t6.15¦ ¦t6.18¦punctuation¦.¦Fp¦)]