[(¦t1.3¦verb¦be¦VBZ¦ (¦t1.2¦noun¦evanstonian¦NP¦ ¦t1.1¦determiner¦the¦DT¦) (¦t1.7¦noun¦hotel¦NN¦ ¦t1.4¦determiner¦a¦DT¦ ¦t1.5¦adjective¦upscale¦JJ¦ ¦t1.6¦adjective¦independent¦JJ¦) ¦t1.8¦punctuation¦.¦Fp¦), (¦t2.4¦verb¦call¦VBZ¦ACTIVITY:t2.6¦ ¦t2.1¦adverb¦when¦WRB¦ (¦t2.3¦noun¦guest¦NN¦ ¦t2.2¦determiner¦a¦DT¦) (¦t2.6¦noun¦service¦NN¦ ¦t2.5¦noun¦room¦NN¦) (¦t2.7¦preposition¦at¦IN¦ ¦t2.8¦noun¦the_evanstonian¦NP¦) (¦t2.13¦verb¦take¦VBZ¦ACTIVITY:t2.16¦ ¦t2.9¦punctuation¦,¦Fc¦ (¦t2.12¦noun¦manager¦NN¦ ¦t2.10¦determiner¦the¦DT¦ ¦t2.11¦noun¦room_service¦NN¦) ¦t2.14¦particle¦down¦RP¦ (¦t2.16¦noun¦order¦NN¦ ¦t2.15¦determiner¦the¦DT¦)) ¦t2.17¦punctuation¦.¦Fp¦), (¦t3.3¦verb¦submit¦VBZ¦ACTIVITY:t3.6¦ ¦t3.1¦pronoun¦she¦PRP¦ ¦t3.2¦adverb¦then¦RB¦ (¦t3.6¦noun¦ticket¦NN¦ ¦t3.4¦determiner¦a¦DT¦ ¦t3.5¦noun¦order¦NN¦ (¦t3.7¦particle¦to¦TO¦ (¦t3.9¦noun¦kitchen¦NN¦ ¦t3.8¦determiner¦the¦DT¦ (¦t3.10¦particle¦to¦TO¦ (¦t3.11¦verb¦begin¦VB¦ (¦t3.12¦verb¦prepare¦VBG¦ (¦t3.14¦noun¦food¦NN¦ ¦t3.13¦determiner¦the¦DT¦))))))) ¦t3.15¦punctuation¦.¦Fp¦), (¦t4.3¦verb¦give¦VBZ¦ACTIVITY:t4.5¦ ¦t4.1¦pronoun¦she¦PRP¦ ¦t4.2¦adverb¦also¦RB¦ (¦t4.5¦noun¦order¦NN¦ ¦t4.4¦determiner¦a¦DT¦) (¦t4.6¦particle¦to¦TO¦ (¦t4.8¦noun¦sommelier¦NN¦ ¦t4.7¦determiner¦the¦DT¦ (¦t4.14¦noun¦waiter¦NN¦ACTIVITY:t4.13¦ ¦t4.9¦punctuation¦Fpa¦Fpa¦ (¦t4.10¦adverb¦i.e.¦RB¦ ¦t4.11¦punctuation¦,¦Fc¦) ¦t4.12¦determiner¦the¦DT¦ ¦t4.13¦noun¦wine¦NN¦ ¦t4.15¦punctuation¦Fpt¦Fpt¦ (¦t4.16¦particle¦to¦TO¦ (¦t4.17¦verb¦fetch¦VB¦ACTIVITY:t4.18¦ (¦t4.18¦noun¦wine¦NN¦ (¦t4.19¦preposition¦from¦IN¦ (¦t4.21¦noun¦cellar¦NN¦ ¦t4.20¦determiner¦the¦DT¦)))) (¦t4.22¦conjunction¦and¦CC¦ (¦t4.23¦particle¦to¦TO¦ (¦t4.24¦verb¦prepare¦VB¦ACTIVITY:t4.28¦ (¦t4.28¦noun¦beverage¦NNS¦ ¦t4.25¦determiner¦any¦DT¦ ¦t4.26¦adjective¦other¦JJ¦ ¦t4.27¦adjective¦alcoholic¦JJ¦)))))))) ¦t4.29¦punctuation¦.¦Fp¦), (¦t5.6¦verb¦include¦VBP¦ACTIVITY:t5.7¦ (¦t5.2¦noun¦percent¦NN¦ ¦t5.1¦determiner¦eighty¦DT¦ (¦t5.3¦preposition¦of¦IN¦ (¦t5.5¦noun¦order¦NNS¦ACTIVITY:t5.4¦ ¦t5.4¦noun¦room_service¦NN¦))) (¦t5.7¦noun¦wine¦NN¦ (¦t5.8¦conjunction¦or¦CC¦ (¦t5.12¦noun¦beverage¦NN¦ACTIVITY:t5.11¦ ¦t5.9¦determiner¦some¦DT¦ ¦t5.10¦adjective¦other¦JJ¦ ¦t5.11¦adjective¦alcoholic¦JJ¦))) ¦t5.13¦punctuation¦.¦Fp¦), (¦t6.4¦verb¦assign¦VBZ¦ACTIVITY:t6.6¦ ¦t6.1¦adverb¦finally¦RB¦ ¦t6.2¦punctuation¦,¦Fc¦ ¦t6.3¦pronoun¦she¦PRP¦ (¦t6.6¦noun¦order¦NN¦ ¦t6.5¦determiner¦the¦DT¦ (¦t6.7¦particle¦to¦TO¦ (¦t6.9¦noun¦waiter¦NN¦ ¦t6.8¦determiner¦the¦DT¦))) ¦t6.10¦punctuation¦.¦Fp¦), (¦t7.14¦verb¦ready¦VBZ¦ACTIVITY:t7.16¦ (¦t7.1¦preposition¦while¦IN¦ (¦t7.7¦verb¦be¦VBP¦ (¦t7.3¦noun¦kitchen¦NN¦ ¦t7.2¦determiner¦the¦DT¦ (¦t7.4¦conjunction¦and¦CC¦ (¦t7.6¦noun¦sommelier¦NN¦ ¦t7.5¦determiner¦the¦DT¦))) (¦t7.8¦verb¦do¦VBG¦ (¦t7.10¦noun¦task¦NNS¦ ¦t7.9¦pronoun¦their¦PRP$¦)))) ¦t7.11¦punctuation¦,¦Fc¦ (¦t7.13¦noun¦waiter¦NN¦ ¦t7.12¦determiner¦the¦DT¦) (¦t7.16¦noun¦cart¦NN¦ ¦t7.15¦determiner¦a¦DT¦) (¦t7.20¦verb¦put¦VBZ¦ACTIVITY:t7.22¦ ¦t7.17¦punctuation¦Fpa¦Fpa¦ ¦t7.18¦adverb¦i.e.¦RB¦ ¦t7.19¦punctuation¦,¦Fc¦ (¦t7.22¦noun¦tablecloth¦NN¦ ¦t7.21¦determiner¦a¦DT¦) (¦t7.23¦preposition¦on¦IN¦ (¦t7.25¦noun¦cart¦NN¦ ¦t7.24¦determiner¦the¦DT¦)) (¦t7.26¦conjunction¦and¦CC¦ (¦t7.27¦verb¦gather¦VBZ¦ACTIVITY:t7.28¦ ¦t7.28¦noun¦silverware¦NN¦)) ¦t7.29¦punctuation¦Fpt¦Fpt¦) ¦t7.30¦punctuation¦.¦Fp¦), (¦t8.3¦verb¦be¦VBZ¦ (¦t8.2¦noun¦waiter¦NN¦ ¦t8.1¦determiner¦the¦DT¦) ¦t8.4¦adverb¦also¦RB¦ (¦t8.5¦adjective¦responsible¦JJ¦ (¦t8.6¦preposition¦for¦IN¦ (¦t8.8¦noun¦drink¦NNS¦ ¦t8.7¦adjective¦nonalcoholic¦JJ¦))) ¦t8.9¦punctuation¦.¦Fp¦), (¦t9.9¦verb¦be¦VBP¦ ¦t9.1¦adverb¦once¦RB¦ (¦t9.3¦noun¦food¦NN¦ ¦t9.2¦determiner¦the¦DT¦ ¦t9.4¦punctuation¦,¦Fc¦ (¦t9.5¦noun¦wine¦NN¦ ¦t9.6¦punctuation¦,¦Fc¦ ¦t9.7¦conjunction¦and¦CC¦)) ¦t9.8¦noun¦cart¦NN¦ ¦t9.10¦adjective¦ready¦JJ¦ (¦t9.14¦verb¦deliver¦VBZ¦ACTIVITY:t9.15¦ ¦t9.11¦punctuation¦,¦Fc¦ (¦t9.13¦noun¦waiter¦NN¦ ¦t9.12¦determiner¦the¦DT¦) ¦t9.15¦pronoun¦it¦PRP¦ (¦t9.16¦particle¦to¦TO¦ (¦t9.19¦noun¦room¦NN¦ACTIVITY:t9.18¦ ¦t9.17¦determiner¦the¦DT¦ ¦t9.18¦noun¦guest¦NNS¦))) ¦t9.20¦punctuation¦.¦Fp¦), (¦t10.10¦verb¦debit¦VBZ¦ACTIVITY:t10.13¦ (¦t10.1¦preposition¦after¦IN¦ (¦t10.2¦verb¦return¦VBG¦ (¦t10.3¦particle¦to¦TO¦ (¦t10.6¦noun¦station¦NN¦ ¦t10.4¦determiner¦the¦DT¦ ¦t10.5¦noun¦room_service¦NN¦)))) ¦t10.7¦punctuation¦,¦Fc¦ (¦t10.9¦noun¦waiter¦NN¦ ¦t10.8¦determiner¦the¦DT¦) (¦t10.13¦noun¦account¦NN¦ ¦t10.11¦determiner¦the¦DT¦ ¦t10.12¦noun¦guest¦NNS¦) ¦t10.14¦punctuation¦.¦Fp¦), (¦t11.3¦verb¦may¦MD¦ (¦t11.2¦noun¦waiter¦NN¦ ¦t11.1¦determiner¦the¦DT¦) (¦t11.4¦verb¦wait¦VB¦ACTIVITY:t11.2¦ (¦t11.5¦particle¦to¦TO¦ (¦t11.6¦verb¦do¦VB¦ (¦t11.8¦noun¦billing¦NN¦ ¦t11.7¦determiner¦the¦DT¦))) (¦t11.9¦preposition¦if¦IN¦ (¦t11.11¦verb¦have¦VBZ¦CONDITION:null¦ ¦t11.10¦pronoun¦he¦PRP¦ (¦t11.13¦noun¦order¦NN¦ ¦t11.12¦determiner¦another¦DT¦ (¦t11.14¦particle¦to¦TO¦ (¦t11.15¦verb¦prepare¦VB¦ (¦t11.16¦conjunction¦or¦CC¦ ¦t11.17¦verb¦deliver¦VB¦))))))) ¦t11.18¦punctuation¦.¦Fp¦)]