[(¦t1.3¦verb¦report¦VBZ¦ACTIVITY:t1.6¦ (¦t1.2¦noun¦mpon¦NP¦ ¦t1.1¦determiner¦the¦DT¦) (¦t1.6¦noun¦operation¦NN¦ ¦t1.4¦determiner¦the¦DT¦ ¦t1.5¦noun¦meter¦NN¦) (¦t1.7¦particle¦to¦TO¦ (¦t1.9¦noun¦go¦NP¦ ¦t1.8¦determiner¦the¦DT¦)) ¦t1.10¦punctuation¦.¦Fp¦), (¦t2.3¦verb¦examine¦VBZ¦ACTIVITY:t2.5¦ (¦t2.2¦noun¦go¦NP¦ ¦t2.1¦determiner¦the¦DT¦) (¦t2.5¦noun¦application¦NN¦ ¦t2.4¦determiner¦the¦DT¦ (¦t2.6¦preposition¦of¦IN¦ (¦t2.8¦noun¦mpon¦NP¦ ¦t2.7¦determiner¦the¦DT¦))) ¦t2.9¦punctuation¦.¦Fp¦), (¦t3.3¦verb¦reject¦VBZ¦ACTIVITY:t3.5¦ (¦t3.2¦noun¦go¦NP¦ ¦t3.1¦determiner¦the¦DT¦) (¦t3.5¦noun¦application¦NN¦ ¦t3.4¦determiner¦the¦DT¦ (¦t3.6¦preposition¦of¦IN¦ (¦t3.8¦noun¦mpon¦NP¦ ¦t3.7¦determiner¦the¦DT¦ (¦t3.9¦conjunction¦or¦CC¦ (¦t3.11¦noun¦go¦NP¦ ¦t3.10¦determiner¦the¦DT¦) (¦t3.12¦verb¦confirmes¦VBZ¦ACTIVITY:t3.14¦ (¦t3.14¦noun¦application¦NN¦ ¦t3.13¦determiner¦the¦DT¦ (¦t3.15¦preposition¦of¦IN¦ (¦t3.17¦noun¦mpon¦NP¦ ¦t3.16¦determiner¦the¦DT¦)))))))) ¦t3.18¦punctuation¦.¦Fp¦), (¦t4.3¦verb¦inform¦VBZ¦ACTIVITY:t4.5¦ (¦t4.2¦noun¦go¦NP¦ ¦t4.1¦determiner¦the¦DT¦) (¦t4.5¦noun¦mpoo¦NP¦ ¦t4.4¦determiner¦the¦DT¦) (¦t4.6¦preposition¦about¦IN¦ (¦t4.9¦noun¦confirmation¦NN¦ ¦t4.7¦determiner¦the¦DT¦ ¦t4.8¦noun¦registration¦NN¦ (¦t4.10¦preposition¦of¦IN¦ (¦t4.12¦noun¦mpon¦NP¦ ¦t4.11¦determiner¦the¦DT¦)))) ¦t4.13¦punctuation¦.¦Fp¦), (¦t5.3¦verb¦inform¦VBZ¦ACTIVITY:t5.5¦ (¦t5.2¦noun¦go¦NP¦ ¦t5.1¦determiner¦the¦DT¦) (¦t5.5¦noun¦mspo¦NP¦ ¦t5.4¦determiner¦the¦DT¦) (¦t5.6¦preposition¦about¦IN¦ (¦t5.9¦noun¦confirmation¦NN¦ ¦t5.7¦determiner¦the¦DT¦ ¦t5.8¦noun¦registration¦NN¦ (¦t5.10¦preposition¦of¦IN¦ (¦t5.12¦noun¦mpon¦NP¦ ¦t5.11¦determiner¦the¦DT¦)))) ¦t5.13¦punctuation¦.¦Fp¦), (¦t6.6¦verb¦perform¦VB¦ACTIVITY:t6.9¦ (¦t6.2¦noun¦mpon¦NP¦ ¦t6.1¦determiner¦the¦DT¦ (¦t6.3¦conjunction¦and¦CC¦ (¦t6.5¦noun¦mpoo¦NP¦ ¦t6.4¦determiner¦the¦DT¦))) (¦t6.9¦noun¦acquisition¦NN¦ ¦t6.7¦determiner¦the¦DT¦ ¦t6.8¦noun¦equipment¦NN¦ (¦t6.10¦conjunction¦and¦CC¦ ¦t6.11¦punctuation¦/¦Fh¦ ¦t6.12¦conjunction¦or¦CC¦ (¦t6.14¦noun¦change¦NNS¦ACTIVITY:t6.13¦ ¦t6.13¦noun¦equipment¦NN¦))) ¦t6.15¦punctuation¦.¦Fp¦), (¦t7.3¦verb¦inform¦VBZ¦ACTIVITY:t7.5¦ (¦t7.2¦noun¦mpon¦NP¦ ¦t7.1¦determiner¦the¦DT¦) (¦t7.5¦noun¦go¦NP¦ ¦t7.4¦determiner¦the¦DT¦) (¦t7.6¦preposition¦about¦IN¦ (¦t7.8¦noun¦failure¦NN¦ ¦t7.7¦determiner¦the¦DT¦ (¦t7.9¦preposition¦of¦IN¦ (¦t7.12¦noun¦process¦NN¦ ¦t7.10¦determiner¦the¦DT¦ ¦t7.11¦adjective¦entire¦JJ¦)) (¦t7.13¦conjunction¦or¦CC¦ (¦t7.15¦noun¦mpon¦NP¦ ¦t7.14¦determiner¦the¦DT¦) (¦t7.16¦verb¦inform¦VBZ¦ACTIVITY:t7.18¦ (¦t7.18¦noun¦go¦NP¦ ¦t7.17¦determiner¦the¦DT¦) (¦t7.19¦preposition¦about¦IN¦ (¦t7.22¦noun¦completion¦NN¦ACTIVITY:t7.23¦ ¦t7.20¦determiner¦the¦DT¦ ¦t7.21¦adjective¦successful¦JJ¦ (¦t7.23¦preposition¦of¦IN¦ (¦t7.26¦noun¦process¦NN¦ ¦t7.24¦determiner¦the¦DT¦ ¦t7.25¦adjective¦entire¦JJ¦)))))))) ¦t7.27¦punctuation¦.¦Fp¦), (¦t8.3¦verb¦inform¦VBZ¦ACTIVITY:t8.5¦ (¦t8.2¦noun¦go¦NP¦ ¦t8.1¦determiner¦the¦DT¦) (¦t8.5¦noun¦mpon¦NP¦ ¦t8.4¦determiner¦the¦DT¦) (¦t8.6¦preposition¦about¦IN¦ (¦t8.8¦noun¦failure¦NN¦ ¦t8.7¦determiner¦the¦DT¦ (¦t8.9¦preposition¦of¦IN¦ (¦t8.12¦noun¦transaction¦NN¦ ¦t8.10¦determiner¦the¦DT¦ ¦t8.11¦adjective¦overall¦JJ¦ (¦t8.13¦preposition¦by¦IN¦ ¦t8.14¦noun¦deadline¦NN¦))))) (¦t8.15¦preposition¦if¦IN¦ (¦t8.20¦verb¦limit¦VB¦CONDITION:null¦ (¦t8.16¦preposition¦after¦IN¦ (¦t8.19¦noun¦time¦NN¦ ¦t8.17¦determiner¦a¦DT¦ ¦t8.18¦adjective¦maximum¦JJ¦)) (¦t8.22¦noun¦message¦NN¦ ¦t8.21¦determiner¦no¦DT¦ (¦t8.23¦preposition¦of¦IN¦ (¦t8.25¦noun¦mpon¦NP¦ ¦t8.24¦determiner¦the¦DT¦)))) (¦t8.26¦verb¦be¦VBZ¦ ¦t8.27¦adjective¦present¦JJ¦ (¦t8.28¦preposition¦at¦IN¦ (¦t8.30¦noun¦go¦NP¦ ¦t8.29¦determiner¦the¦DT¦)))) ¦t8.31¦punctuation¦.¦Fp¦), (¦t9.17¦verb¦confirm¦VBZ¦ACTIVITY:t9.19¦ (¦t9.1¦preposition¦if¦IN¦ (¦t9.4¦verb¦inform¦VBZ¦CONDITION:null¦ (¦t9.3¦noun¦mpon¦NP¦ ¦t9.2¦determiner¦the¦DT¦) (¦t9.6¦noun¦go¦NP¦ ¦t9.5¦determiner¦the¦DT¦) (¦t9.7¦preposition¦about¦IN¦ (¦t9.9¦noun¦failure¦NN¦ ¦t9.8¦determiner¦the¦DT¦ (¦t9.10¦preposition¦of¦IN¦ (¦t9.13¦noun¦process¦NN¦ ¦t9.11¦determiner¦the¦DT¦ ¦t9.12¦adjective¦entire¦JJ¦)))))) ¦t9.14¦punctuation¦,¦Fc¦ (¦t9.16¦noun¦go¦NP¦ ¦t9.15¦determiner¦the¦DT¦) (¦t9.19¦noun¦failure¦NN¦ ¦t9.18¦determiner¦the¦DT¦ (¦t9.20¦preposition¦of¦IN¦ (¦t9.22¦noun¦assignment¦NN¦ ¦t9.21¦determiner¦the¦DT¦)) (¦t9.23¦particle¦to¦TO¦ (¦t9.25¦noun¦mpon¦NP¦ ¦t9.24¦determiner¦the¦DT¦))) ¦t9.26¦punctuation¦.¦Fp¦), (¦t10.18¦verb¦assign¦VBZ¦ACTIVITY:t10.20¦ (¦t10.1¦preposition¦if¦IN¦ (¦t10.4¦verb¦inform¦VBZ¦CONDITION:null¦ (¦t10.3¦noun¦mpon¦NP¦ ¦t10.2¦determiner¦the¦DT¦) (¦t10.6¦noun¦go¦NP¦ ¦t10.5¦determiner¦the¦DT¦) (¦t10.7¦preposition¦about¦IN¦ (¦t10.10¦noun¦completion¦NN¦ACTIVITY:t10.11¦ ¦t10.8¦determiner¦the¦DT¦ ¦t10.9¦adjective¦successful¦JJ¦ (¦t10.11¦preposition¦of¦IN¦ (¦t10.14¦noun¦process¦NN¦ ¦t10.12¦determiner¦the¦DT¦ ¦t10.13¦adjective¦overall¦JJ¦)))))) ¦t10.15¦punctuation¦,¦Fc¦ (¦t10.17¦noun¦go¦NP¦ ¦t10.16¦determiner¦the¦DT¦) (¦t10.20¦noun¦mpon¦NP¦ ¦t10.19¦determiner¦the¦DT¦) ¦t10.21¦punctuation¦.¦Fp¦), (¦t11.3¦verb¦confirm¦VBZ¦ACTIVITY:t11.5¦ (¦t11.2¦noun¦go¦NP¦ ¦t11.1¦determiner¦the¦DT¦) (¦t11.5¦noun¦assignment¦NN¦ ¦t11.4¦determiner¦the¦DT¦ (¦t11.6¦particle¦to¦TO¦ (¦t11.8¦noun¦mpon¦NP¦ ¦t11.7¦determiner¦the¦DT¦))) ¦t11.9¦punctuation¦.¦Fp¦), (¦t12.3¦verb¦inform¦VBZ¦ACTIVITY:t12.5¦ (¦t12.2¦noun¦go¦NP¦ ¦t12.1¦determiner¦the¦DT¦) (¦t12.5¦noun¦mpoo¦NP¦ ¦t12.4¦determiner¦the¦DT¦) (¦t12.6¦preposition¦about¦IN¦ (¦t12.8¦noun¦failure¦NN¦ ¦t12.7¦determiner¦the¦DT¦ (¦t12.9¦preposition¦of¦IN¦ (¦t12.11¦noun¦assignment¦NN¦ ¦t12.10¦determiner¦the¦DT¦ (¦t12.12¦preposition¦of¦IN¦ (¦t12.14¦noun¦mpon¦NP¦ ¦t12.13¦determiner¦the¦DT¦)))) (¦t12.15¦conjunction¦or¦CC¦ (¦t12.17¦noun¦go¦NP¦ ¦t12.16¦determiner¦the¦DT¦) (¦t12.18¦verb¦inform¦VBZ¦ACTIVITY:t12.20¦ (¦t12.20¦noun¦mpoo¦NP¦ ¦t12.19¦determiner¦the¦DT¦) (¦t12.21¦preposition¦about¦IN¦ (¦t12.23¦noun¦assignment¦NN¦ ¦t12.22¦determiner¦the¦DT¦ (¦t12.24¦preposition¦of¦IN¦ (¦t12.26¦noun¦mpon¦NP¦ ¦t12.25¦determiner¦the¦DT¦)))))))) ¦t12.27¦punctuation¦.¦Fp¦), (¦t13.3¦verb¦inform¦VBZ¦ACTIVITY:t13.5¦ (¦t13.2¦noun¦go¦NP¦ ¦t13.1¦determiner¦the¦DT¦) (¦t13.5¦noun¦mspo¦NP¦ ¦t13.4¦determiner¦the¦DT¦) (¦t13.6¦preposition¦about¦IN¦ (¦t13.8¦noun¦failure¦NN¦ ¦t13.7¦determiner¦the¦DT¦ (¦t13.9¦preposition¦of¦IN¦ (¦t13.11¦noun¦assignment¦NN¦ ¦t13.10¦determiner¦the¦DT¦ (¦t13.12¦preposition¦of¦IN¦ (¦t13.14¦noun¦mpon¦NP¦ ¦t13.13¦determiner¦the¦DT¦)))) (¦t13.15¦conjunction¦or¦CC¦ (¦t13.17¦noun¦go¦NP¦ ¦t13.16¦determiner¦the¦DT¦) (¦t13.18¦verb¦inform¦VBZ¦ACTIVITY:t13.20¦ (¦t13.20¦noun¦mspo¦NP¦ ¦t13.19¦determiner¦the¦DT¦) (¦t13.21¦preposition¦about¦IN¦ (¦t13.23¦noun¦assignment¦NN¦ ¦t13.22¦determiner¦the¦DT¦ (¦t13.24¦preposition¦of¦IN¦ (¦t13.26¦noun¦mpon¦NP¦ ¦t13.25¦determiner¦the¦DT¦)))))))) ¦t13.27¦punctuation¦.¦Fp¦), (¦t14.3¦verb¦inform¦VBZ¦ACTIVITY:t14.5¦ (¦t14.2¦noun¦go¦NP¦ ¦t14.1¦determiner¦the¦DT¦) (¦t14.5¦noun¦sp¦NP¦ ¦t14.4¦determiner¦the¦DT¦) (¦t14.6¦preposition¦about¦IN¦ (¦t14.8¦noun¦assignment¦NN¦ ¦t14.7¦determiner¦the¦DT¦ (¦t14.9¦preposition¦of¦IN¦ (¦t14.11¦noun¦mpon¦NP¦ ¦t14.10¦determiner¦the¦DT¦)))) ¦t14.12¦punctuation¦.¦Fp¦)]