[(¦t1.3¦verb¦indicate¦VBZ¦ ¦t1.1¦preposition¦after¦IN¦ ¦t1.2¦noun¦management¦NN¦ (¦t1.4¦preposition¦that¦IN¦ (¦t1.7¦verb¦be¦VBP¦ (¦t1.6¦noun¦client¦NNS¦ ¦t1.5¦adjective¦new¦JJ¦) ¦t1.8¦verb¦need¦VBN¦ACTIVITY:t1.6¦) (¦t1.13¦verb¦will¦MD¦ ¦t1.9¦punctuation¦,¦Fc¦ (¦t1.12¦noun¦team¦NN¦ACTIVITY:t1.11¦ ¦t1.10¦determiner¦the¦DT¦ ¦t1.11¦noun¦marketing¦NN¦) (¦t1.14¦verb¦perform¦VB¦ACTIVITY:t1.17¦ (¦t1.17¦noun¦analysis¦NN¦ ¦t1.15¦determiner¦a¦DT¦ ¦t1.16¦noun¦market¦NN¦) (¦t1.18¦conjunction¦and¦CC¦ (¦t1.19¦verb¦prepare¦VB¦ACTIVITY:t1.22¦ (¦t1.22¦noun¦presentation¦NN¦ ¦t1.20¦determiner¦a¦DT¦ ¦t1.21¦noun¦portfolio¦NN¦)))))) ¦t1.23¦punctuation¦.¦Fp¦), (¦t2.4¦verb¦send¦VBN¦ACTIVITY:t2.6¦ ¦t2.1¦adverb¦when¦WRB¦ (¦t2.3¦verb¦have¦VBP¦ ¦t2.2¦pronoun¦they¦PRP¦) ¦t2.5¦particle¦out¦RP¦ (¦t2.6¦noun¦offer¦NNS¦ (¦t2.7¦particle¦to¦TO¦ (¦t2.9¦noun¦client¦NNS¦ ¦t2.8¦adjective¦potential¦JJ¦ (¦t2.13¦verb¦inform¦VBZ¦ACTIVITY:t2.9¦ (¦t2.12¦noun¦team¦NN¦ACTIVITY:t2.11¦ ¦t2.10¦determiner¦the¦DT¦ ¦t2.11¦noun¦marketing¦NN¦) (¦t2.14¦noun¦management¦NN¦ (¦t2.15¦preposition¦about¦IN¦ (¦t2.17¦noun¦response¦NNS¦ ¦t2.16¦determiner¦the¦DT¦))) ¦t2.18¦punctuation¦.¦Fp¦))))), (¦t3.3¦verb¦start¦VBZ¦ ¦t3.1¦noun¦management¦NN¦ ¦t3.2¦adverb¦then¦RB¦ ¦t3.4¦noun¦negotiation¦NNS¦ (¦t3.5¦preposition¦by¦IN¦ (¦t3.6¦verb¦send¦VBG¦ACTIVITY:t3.10¦ ¦t3.7¦particle¦out¦RP¦ (¦t3.10¦noun¦offer¦NN¦ ¦t3.8¦determiner¦a¦DT¦ ¦t3.9¦verb¦detail¦VBN¦ACTIVITY:t3.10¦ (¦t3.11¦particle¦to¦TO¦ (¦t3.13¦noun¦client¦NN¦ ¦t3.12¦determiner¦the¦DT¦))))) ¦t3.14¦punctuation¦.¦Fp¦), (¦t4.9¦verb¦will¦MD¦ (¦t4.1¦preposition¦if¦IN¦ (¦t4.4¦verb¦accept¦VBZ¦CONDITION:null¦ (¦t4.3¦noun¦client¦NN¦ ¦t4.2¦determiner¦the¦DT¦) (¦t4.6¦noun¦offer¦NN¦ ¦t4.5¦determiner¦the¦DT¦))) ¦t4.7¦punctuation¦,¦Fc¦ ¦t4.8¦noun¦management¦NN¦ (¦t4.10¦verb¦prepare¦VB¦ACTIVITY:t4.12¦ (¦t4.12¦noun¦contract¦NN¦ ¦t4.11¦determiner¦a¦DT¦ (¦t4.14¦verb¦will¦MD¦ ¦t4.13¦determiner¦that¦WDT¦ (¦t4.15¦verb¦be¦VB¦ ¦t4.16¦verb¦sign¦VBN¦ACTIVITY:t4.12¦)))) ¦t4.17¦punctuation¦.¦Fp¦), (¦t5.4¦verb¦analyze¦VBZ¦ACTIVITY:t5.6¦ ¦t5.1¦adverb¦otherwise¦RB¦CONDITION:null¦ ¦t5.2¦punctuation¦,¦Fc¦ ¦t5.3¦noun¦management¦NN¦ (¦t5.6¦noun¦reason¦NN¦ ¦t5.5¦determiner¦the¦DT¦) (¦t5.12¦verb¦improve¦VB¦ ¦t5.7¦adverb¦why¦WRB¦ (¦t5.11¦conjunction¦in_order_to¦CC¦ (¦t5.10¦verb¦fail¦VBD¦ACTIVITY:t5.9¦ (¦t5.9¦noun¦offer¦NN¦ ¦t5.8¦pronoun¦their¦PRP$¦))) (¦t5.13¦preposition¦in¦IN¦ (¦t5.15¦noun¦future¦NN¦ ¦t5.14¦determiner¦the¦DT¦))) ¦t5.16¦punctuation¦.¦Fp¦)]