[(¦t1.10¦verb¦must¦MD¦ (¦t1.1¦preposition¦if¦IN¦ (¦t1.6¦verb¦be¦VBZ¦CONDITION:null¦ (¦t1.5¦noun¦bag¦NN¦ ¦t1.2¦determiner¦a¦DT¦ (¦t1.4¦verb¦collect¦VBN¦ACTIVITY:t1.5¦ ¦t1.3¦adverb¦not¦RB¦)) ¦t1.7¦verb¦identify¦VBN¦ACTIVITY:t1.5¦)) ¦t1.8¦punctuation¦,¦Fc¦ ¦t1.9¦noun¦cvs¦NP¦ (¦t1.11¦verb¦check¦VB¦ACTIVITY:t1.13¦ (¦t1.13¦noun¦number¦NN¦ ¦t1.12¦determiner¦the¦DT¦ (¦t1.14¦preposition¦of¦IN¦ ¦t1.15¦noun¦resolution¦NN¦) (¦t1.16¦verb¦retry¦VBZ¦ACTIVITY:t1.13¦ ¦t1.17¦verb¦conduct¦VBN¦))) ¦t1.18¦punctuation¦.¦Fp¦), (¦t2.15¦verb¦must¦MD¦ (¦t2.1¦preposition¦if¦IN¦ (¦t2.6¦verb¦be¦VBZ¦CONDITION:null¦ (¦t2.3¦noun¦number¦NN¦ ¦t2.2¦determiner¦the¦DT¦ (¦t2.4¦preposition¦of¦IN¦ ¦t2.5¦verb¦retry¦VBZ¦ACTIVITY:t2.3¦)) (¦t2.7¦adjective¦great¦JJR¦ (¦t2.8¦preposition¦than¦IN¦ (¦t2.11¦noun¦number¦NN¦ ¦t2.9¦determiner¦a¦DT¦ ¦t2.10¦verb¦specify¦VBN¦ACTIVITY:t2.11¦))))) ¦t2.12¦punctuation¦,¦Fc¦ (¦t2.14¦noun¦bag¦NN¦ ¦t2.13¦determiner¦the¦DT¦) (¦t2.16¦verb¦be¦VB¦ (¦t2.17¦verb¦return¦VBN¦ACTIVITY:t2.14¦ (¦t2.18¦particle¦to¦TO¦ (¦t2.21¦noun¦area¦NN¦ ¦t2.19¦determiner¦the¦DT¦ ¦t2.20¦noun¦production¦NN¦ ¦t2.22¦preposition¦for¦IN¦) ¦t2.23¦verb¦disassemble¦VB¦))) ¦t2.24¦punctuation¦;¦Fx¦ (¦t2.30¦verb¦must¦MD¦ (¦t2.27¦noun¦case¦NNS¦ (¦t2.26¦adjective¦other¦JJ¦ ¦t2.25¦adverb¦in_all¦RB¦)) ¦t2.28¦punctuation¦,¦Fc¦ ¦t2.29¦noun¦cvs¦NP¦ (¦t2.31¦verb¦try¦VB¦ (¦t2.32¦particle¦to¦TO¦ (¦t2.33¦verb¦contact¦VB¦ACTIVITY:t2.35¦ (¦t2.35¦noun¦customer¦NN¦ ¦t2.34¦determiner¦the¦DT¦) (¦t2.36¦preposition¦by¦IN¦ ¦t2.37¦noun¦phone¦NN¦) (¦t2.38¦conjunction¦and¦CC¦ (¦t2.39¦verb¦remind¦VB¦ (¦t2.40¦particle¦to¦TO¦ (¦t2.41¦verb¦pick¦VB¦ACTIVITY:t2.44¦ ¦t2.42¦particle¦up¦RP¦ (¦t2.44¦noun¦bag¦NN¦ ¦t2.43¦determiner¦the¦DT¦))))))))) ¦t2.45¦punctuation¦.¦Fp¦), (¦t3.15¦verb¦must¦MD¦ (¦t3.1¦preposition¦if¦IN¦ (¦t3.4¦verb¦be¦VBZ¦CONDITION:null¦ (¦t3.3¦noun¦contact¦NN¦ ¦t3.2¦determiner¦the¦DT¦) ¦t3.5¦adjective¦successful¦JJ¦ (¦t3.6¦conjunction¦and¦CC¦ (¦t3.8¦noun¦customer¦NN¦ ¦t3.7¦determiner¦the¦DT¦ (¦t3.9¦verb¦withdraw¦VBN¦ACTIVITY:t3.8¦ (¦t3.11¦noun¦order¦NN¦ ¦t3.10¦determiner¦the¦DT¦)))))) ¦t3.12¦punctuation¦,¦Fc¦ (¦t3.14¦noun¦bag¦NN¦ ¦t3.13¦determiner¦the¦DT¦) (¦t3.16¦verb¦be¦VB¦ (¦t3.17¦verb¦return¦VBN¦ACTIVITY:t3.14¦ (¦t3.18¦particle¦to¦TO¦ (¦t3.21¦noun¦area¦NN¦ ¦t3.19¦determiner¦the¦DT¦ ¦t3.20¦noun¦production¦NN¦ ¦t3.22¦preposition¦for¦IN¦) ¦t3.23¦verb¦disassemble¦VB¦))) ¦t3.24¦punctuation¦,¦Fc¦ (¦t3.25¦conjunction¦but¦CC¦ (¦t3.41¦verb¦must¦MD¦ (¦t3.26¦preposition¦if¦IN¦ (¦t3.28¦verb¦be¦VBZ¦CONDITION:null¦ ¦t3.27¦pronoun¦it¦PRP¦ (¦t3.29¦adjective¦successful¦JJ¦ (¦t3.30¦conjunction¦and¦CC¦ (¦t3.33¦verb¦promise¦VBZ¦ (¦t3.32¦noun¦customer¦NN¦ ¦t3.31¦determiner¦the¦DT¦) (¦t3.34¦particle¦to¦TO¦ (¦t3.35¦verb¦pick¦VB¦ACTIVITY:t3.38¦ ¦t3.36¦particle¦up¦RP¦ (¦t3.38¦noun¦bag¦NN¦ ¦t3.37¦determiner¦the¦DT¦)))))))) ¦t3.39¦punctuation¦,¦Fc¦ ¦t3.40¦noun¦cvs¦NP¦ (¦t3.42¦verb¦increase¦VB¦ (¦t3.44¦verb¦retry¦VB¦ ¦t3.43¦determiner¦the¦DT¦ (¦t3.45¦verb¦count¦VB¦ACTIVITY:t3.46¦ (¦t3.46¦preposition¦on¦IN¦ (¦t3.49¦noun¦label¦NN¦ ¦t3.47¦determiner¦the¦DT¦ ¦t3.48¦noun¦bag¦NN¦))))))) ¦t3.50¦punctuation¦.¦Fp¦), (¦t4.5¦verb¦must¦MD¦ ¦t4.1¦adverb¦also¦RB¦ ¦t4.2¦punctuation¦,¦Fc¦ (¦t4.4¦noun¦number¦NN¦ ¦t4.3¦determiner¦this¦DT¦) (¦t4.6¦verb¦be¦VB¦ (¦t4.7¦verb¦increase¦VBN¦ACTIVITY:t4.4¦ (¦t4.8¦preposition¦if¦IN¦ (¦t4.11¦verb¦be¦VBZ¦CONDITION:null¦ (¦t4.10¦noun¦contact¦NN¦ ¦t4.9¦determiner¦the¦DT¦) ¦t4.12¦adjective¦unsuccessful¦JJ¦)))) ¦t4.13¦punctuation¦.¦Fp¦)]