[(¦t1.6¦verb¦start¦VBZ¦ (¦t1.2¦noun¦order¦NN¦ ¦t1.1¦determiner¦a¦DT¦ (¦t1.3¦particle¦to¦TO¦ (¦t1.5¦noun¦process¦NN¦ ¦t1.4¦noun¦cash¦NN¦))) (¦t1.11¦verb¦be¦VBZ¦ ¦t1.7¦adverb¦when¦WRB¦ (¦t1.10¦noun¦order¦NN¦ ¦t1.8¦determiner¦a¦DT¦ ¦t1.9¦noun¦customer¦NN¦) ¦t1.12¦verb¦receive¦VBN¦ACTIVITY:t1.10¦) ¦t1.13¦punctuation¦.¦Fp¦), (¦t2.9¦verb¦be¦VBZ¦ (¦t2.1¦preposition¦after¦IN¦ (¦t2.4¦verb¦have¦VBZ¦ (¦t2.3¦noun¦order¦NN¦ ¦t2.2¦determiner¦the¦DT¦) (¦t2.5¦verb¦be¦VBN¦ ¦t2.6¦verb¦process¦VBN¦ACTIVITY:t2.3¦))) ¦t2.7¦punctuation¦,¦Fc¦ ¦t2.8¦pronoun¦it¦PRP¦ (¦t2.10¦verb¦send¦VB¦ (¦t2.11¦particle¦to¦TO¦ (¦t2.13¦noun¦warehouse¦NN¦ ¦t2.12¦determiner¦the¦DT¦))) ¦t2.14¦punctuation¦.¦Fp¦), (¦t3.4¦verb¦determine¦VBP¦ACTIVITY:t3.6¦ (¦t3.3¦noun¦employee¦NNS¦ ¦t3.1¦determiner¦the¦DT¦ ¦t3.2¦noun¦warehouse¦NN¦) (¦t3.6¦noun¦part¦NNS¦ ¦t3.5¦determiner¦the¦DT¦ (¦t3.7¦verb¦require¦VBN¦ACTIVITY:t3.6¦ (¦t3.8¦particle¦to¦TO¦ (¦t3.9¦verb¦produce¦VB¦ACTIVITY:t3.12¦ (¦t3.12¦noun¦item¦NNS¦ ¦t3.10¦determiner¦the¦DT¦ ¦t3.11¦verb¦request¦VBN¦ACTIVITY:t3.12¦))))) ¦t3.13¦punctuation¦.¦Fp¦), (¦t4.12¦verb¦be¦VBP¦ (¦t4.1¦preposition¦if¦IN¦ (¦t4.4¦verb¦be¦VBP¦CONDITION:null¦ (¦t4.3¦noun¦part¦NNS¦ ¦t4.2¦determiner¦any¦DT¦) ¦t4.5¦adverb¦not¦RB¦ ¦t4.6¦adjective¦available¦JJ¦ (¦t4.7¦preposition¦in¦IN¦ (¦t4.9¦noun¦warehouse¦NN¦ ¦t4.8¦determiner¦the¦DT¦)))) ¦t4.10¦punctuation¦,¦Fc¦ ¦t4.11¦determiner¦these¦DT¦ ¦t4.13¦verb¦order¦VBN¦ ¦t4.14¦punctuation¦.¦Fp¦), (¦t5.9¦verb¦will¦MD¦ (¦t5.1¦adverb¦once¦RB¦ (¦t5.5¦verb¦be¦VBP¦ (¦t5.4¦noun¦part¦NNS¦ ¦t5.2¦determiner¦all¦DT¦ ¦t5.3¦adjective¦necessary¦JJ¦) ¦t5.6¦adjective¦available¦JJ¦)) ¦t5.7¦punctuation¦,¦Fc¦ ¦t5.8¦noun¦production¦NN¦ ¦t5.10¦verb¦start¦VB¦ ¦t5.11¦punctuation¦.¦Fp¦), (¦t6.6¦verb¦will¦MD¦ (¦t6.1¦preposition¦after¦IN¦ ¦t6.2¦noun¦production¦NN¦) ¦t6.3¦punctuation¦,¦Fc¦ (¦t6.5¦noun¦check¦NNS¦ ¦t6.4¦noun¦quality¦NN¦) (¦t6.7¦verb¦be¦VB¦ ¦t6.8¦verb¦perform¦VBN¦ACTIVITY:t6.5¦) ¦t6.9¦punctuation¦.¦Fp¦), (¦t7.9¦verb¦will¦MD¦ (¦t7.1¦preposition¦if¦IN¦ (¦t7.5¦verb¦have¦VBZ¦CONDITION:null¦ (¦t7.4¦noun¦process¦NN¦ ¦t7.2¦determiner¦the¦DT¦ ¦t7.3¦noun¦production¦NN¦) ¦t7.6¦verb¦finish¦VBN¦ACTIVITY:t7.4¦)) ¦t7.7¦punctuation¦,¦Fc¦ ¦t7.8¦noun¦product¦NNS¦ (¦t7.10¦verb¦be¦VB¦ (¦t7.11¦verb¦package¦VBN¦ACTIVITY:t7.8¦ (¦t7.12¦conjunction¦and¦CC¦ ¦t7.13¦verb¦label¦VBN¦ACTIVITY:t7.8¦) ¦t7.14¦punctuation¦,¦Fc¦ (¦t7.15¦preposition¦before¦IN¦ (¦t7.16¦verb¦return¦VBG¦ (¦t7.17¦particle¦to¦TO¦ (¦t7.19¦noun¦warehouse¦NN¦ ¦t7.18¦determiner¦the¦DT¦)))))) ¦t7.20¦punctuation¦.¦Fp¦), (¦t8.4¦verb¦will¦MD¦ ¦t8.1¦adverb¦finally¦RB¦ ¦t8.2¦punctuation¦,¦Fc¦ ¦t8.3¦noun¦sale¦NNS¦ (¦t8.5¦verb¦be¦VB¦ (¦t8.6¦verb¦inform¦VBN¦ACTIVITY:t8.3¦ (¦t8.7¦preposition¦about¦IN¦ (¦t8.10¦noun¦production¦NN¦ ¦t8.8¦determiner¦the¦DT¦ ¦t8.9¦verb¦complete¦VBN¦ACTIVITY:t8.10¦ (¦t8.11¦conjunction¦and¦CC¦ (¦t8.13¦noun¦product¦NN¦ ¦t8.12¦determiner¦the¦DT¦) (¦t8.14¦verb¦can¦MD¦ (¦t8.15¦verb¦be¦VB¦ (¦t8.16¦verb¦sell¦VBN¦ACTIVITY:t8.13¦ (¦t8.17¦particle¦to¦TO¦ (¦t8.19¦noun¦customer¦NN¦ ¦t8.18¦determiner¦the¦DT¦)))))))))) ¦t8.20¦punctuation¦.¦Fp¦)]