[(¦t1.10¦verb¦generate¦VBZ¦ACTIVITY:t1.13¦ (¦t1.1¦preposition¦at¦IN¦ (¦t1.3¦noun¦end¦NN¦ACTIVITY:t1.4¦ ¦t1.2¦determiner¦the¦DT¦ (¦t1.4¦preposition¦of¦IN¦ (¦t1.6¦noun¦week¦NN¦ ¦t1.5¦determiner¦every¦DT¦)))) ¦t1.7¦punctuation¦,¦Fc¦ (¦t1.9¦noun¦payment_office_of_ssp¦NP¦ ¦t1.8¦determiner¦the¦DT¦) (¦t1.13¦noun¦report¦NN¦ ¦t1.11¦determiner¦a¦DT¦ ¦t1.12¦noun¦payment¦NN¦) (¦t1.14¦conjunction¦and¦CC¦ (¦t1.16¦verb¦pay¦VBZ¦ACTIVITY:t1.18¦ ¦t1.15¦adverb¦then¦RB¦ (¦t1.18¦noun¦vendor¦NN¦ ¦t1.17¦determiner¦the¦DT¦))) ¦t1.19¦punctuation¦.¦Fp¦), (¦t2.4¦verb¦be¦VBZ¦ (¦t2.3¦noun¦report¦NN¦ ¦t2.1¦determiner¦this¦DT¦ ¦t2.2¦noun¦payment¦NN¦) (¦t2.5¦verb¦send¦VBN¦ACTIVITY:t2.3¦ ¦t2.6¦adverb¦automatically¦RB¦ (¦t2.7¦particle¦to¦TO¦ (¦t2.8¦noun¦client¦NNS¦ (¦t2.10¦verb¦include¦VBG¦ACTIVITY:t2.13¦ ¦t2.9¦punctuation¦Fpa¦Fpa¦ (¦t2.13¦noun¦invoice¦NN¦ ¦t2.11¦determiner¦the¦DT¦ ¦t2.12¦noun¦payment¦NN¦) ¦t2.14¦punctuation¦Fpt¦Fpt¦ (¦t2.20¦verb¦must¦MD¦ ¦t2.15¦punctuation¦,¦Fc¦ ¦t2.16¦adverb¦also¦RB¦ (¦t2.19¦noun¦office¦NN¦ ¦t2.17¦determiner¦the¦DT¦ ¦t2.18¦noun¦payment¦NN¦) (¦t2.21¦verb¦send¦VB¦ACTIVITY:t2.24¦ (¦t2.24¦noun¦report¦NN¦ ¦t2.22¦determiner¦the¦DT¦ ¦t2.23¦noun¦payment¦NN¦) (¦t2.25¦particle¦to¦TO¦ (¦t2.29¦noun¦office¦NN¦ ¦t2.26¦determiner¦both¦DT¦ ¦t2.27¦determiner¦the¦DT¦ ¦t2.28¦noun¦registry¦NP¦) (¦t2.30¦conjunction¦and¦CC¦ (¦t2.31¦particle¦to¦TO¦ (¦t2.33¦noun¦accounts_receivable_department¦NP¦ ¦t2.32¦determiner¦the¦DT¦)))))))))) ¦t2.34¦punctuation¦.¦Fp¦), (¦t3.3¦verb¦generate¦VBZ¦ACTIVITY:t3.6¦ (¦t3.2¦noun¦accounts_receivable_department¦NP¦ ¦t3.1¦determiner¦the¦DT¦) (¦t3.6¦noun¦invoice¦NN¦ ¦t3.4¦determiner¦the¦DT¦ ¦t3.5¦adjective¦monthly¦JJ¦ (¦t3.7¦preposition¦for¦IN¦ ¦t3.8¦noun¦client¦NNS¦)) ¦t3.9¦punctuation¦,¦Fc¦ (¦t3.10¦conjunction¦and¦CC¦ ¦t3.11¦adverb¦then¦RB¦ (¦t3.12¦noun¦charge¦NNS¦ACTIVITY:t3.14¦ ¦t3.13¦number¦$_USD:35¦Zm¦ (¦t3.14¦preposition¦per¦IN¦ (¦t3.15¦noun¦invoice¦NN¦ (¦t3.16¦verb¦notify¦VBG¦ACTIVITY:t3.18¦ (¦t3.18¦noun¦client¦NN¦ ¦t3.17¦determiner¦the¦DT¦)))))) ¦t3.19¦punctuation¦.¦Fp¦), (¦t4.4¦verb¦select¦VBZ¦ACTIVITY:t4.7¦ (¦t4.3¦noun¦office¦NN¦ ¦t4.1¦determiner¦the¦DT¦ ¦t4.2¦noun¦registry¦NP¦) (¦t4.7¦noun¦invoice¦NNS¦ ¦t4.5¦determiner¦the¦DT¦ ¦t4.6¦verb¦paper_base¦VBN¦ACTIVITY:t4.7¦ (¦t4.9¦verb¦have¦VBP¦ ¦t4.8¦determiner¦that¦WDT¦ (¦t4.10¦verb¦be¦VBN¦ ¦t4.11¦verb¦pay¦VBN¦ACTIVITY:t4.7¦) (¦t4.12¦conjunction¦in_order_to¦CC¦ (¦t4.13¦verb¦archive¦VB¦ACTIVITY:t4.15¦ (¦t4.15¦noun¦invoice¦NNS¦ ¦t4.14¦determiner¦the¦DT¦ (¦t4.16¦preposition¦per¦IN¦ ¦t4.17¦noun¦vendor¦NN¦) (¦t4.18¦conjunction¦and¦CC¦ (¦t4.19¦adverb¦then¦RB¦ (¦t4.20¦preposition¦per¦IN¦ (¦t4.22¦noun¦data¦NNS¦ ¦t4.21¦noun¦payment¦NN¦))))))))) ¦t4.23¦punctuation¦;¦Fx¦ (¦t4.28¦verb¦track¦VBZ¦ACTIVITY:t4.31¦ ¦t4.24¦adverb¦also¦RB¦ ¦t4.25¦punctuation¦,¦Fc¦ (¦t4.27¦noun¦office¦NN¦ ¦t4.26¦determiner¦this¦DT¦) ¦t4.29¦particle¦down¦RP¦ (¦t4.31¦noun¦payment¦NN¦ ¦t4.30¦determiner¦the¦DT¦)) ¦t4.32¦punctuation¦.¦Fp¦)]