[(¦t1.12¦verb¦be¦VBZ¦ (¦t1.2¦adverb¦soon¦RB¦ ¦t1.1¦preposition¦as¦IN¦ (¦t1.3¦preposition¦as¦IN¦ (¦t1.6¦verb¦file¦VBZ¦ACTIVITY:t1.9¦ (¦t1.5¦noun¦employee¦NN¦ ¦t1.4¦determiner¦a¦DT¦) (¦t1.9¦noun¦report¦NN¦ ¦t1.7¦determiner¦a¦DT¦ ¦t1.8¦noun¦expense¦NN¦)))) (¦t1.11¦noun¦process¦NN¦ ¦t1.10¦determiner¦the¦DT¦) ¦t1.13¦verb¦start¦VBN¦ ¦t1.14¦punctuation¦.¦Fp¦), (¦t2.9¦verb¦be¦VBZ¦ (¦t2.1¦adverb¦once¦RB¦ (¦t2.5¦verb¦be¦VBZ¦ (¦t2.4¦noun¦report¦NN¦ACTIVITY:t2.3¦ ¦t2.2¦determiner¦the¦DT¦ ¦t2.3¦noun¦expense¦NN¦) ¦t2.6¦verb¦receive¦VBN¦)) (¦t2.8¦noun¦check¦NN¦ ¦t2.7¦determiner¦a¦DT¦) (¦t2.10¦verb¦perform¦VBN¦ACTIVITY:t2.8¦ (¦t2.11¦particle¦to¦TO¦ (¦t2.12¦verb¦make¦VB¦ACTIVITY:t2.13¦ ¦t2.13¦adjective¦sure¦JJ¦ (¦t2.16¦verb¦have¦VBZ¦ (¦t2.15¦noun¦employee¦NN¦ ¦t2.14¦determiner¦the¦DT¦) (¦t2.18¦noun¦account¦NN¦ ¦t2.17¦determiner¦a¦DT¦))))) ¦t2.19¦punctuation¦.¦Fp¦), (¦t3.14¦verb¦be¦VBZ¦ (¦t3.1¦preposition¦if¦IN¦ (¦t3.4¦verb¦do¦VBZ¦CONDITION:null¦ (¦t3.3¦noun¦check¦NN¦ ¦t3.2¦determiner¦this¦DT¦) ¦t3.5¦adverb¦not¦RB¦ (¦t3.6¦verb¦take¦VB¦ACTIVITY:t3.7¦ ¦t3.7¦noun¦place¦NN¦ (¦t3.8¦preposition¦within¦IN¦ (¦t3.10¦noun¦day¦NNS¦ ¦t3.9¦number¦28¦Z¦))))) ¦t3.11¦punctuation¦,¦Fc¦ (¦t3.13¦noun¦process¦NN¦ ¦t3.12¦determiner¦the¦DT¦) ¦t3.15¦verb¦stop¦VBN¦ACTIVITY:t3.13¦ (¦t3.16¦conjunction¦and¦CC¦ (¦t3.19¦verb¦be¦VBZ¦ (¦t3.18¦noun¦employee¦NN¦ ¦t3.17¦determiner¦the¦DT¦) (¦t3.20¦verb¦send¦VBN¦ACTIVITY:t3.25¦ (¦t3.25¦noun¦email¦NN¦ ¦t3.21¦determiner¦a¦DT¦ (¦t3.23¦verb¦resubmit¦VB¦ACTIVITY:t3.25¦ ¦t3.22¦punctuation¦"¦Fe¦ ¦t3.24¦punctuation¦"¦Fe¦))))) ¦t3.26¦punctuation¦.¦Fp¦), (¦t4.4¦verb¦have¦VBZ¦ ¦t4.1¦adverb¦when¦WRB¦ (¦t4.3¦noun¦employee¦NN¦ ¦t4.2¦determiner¦the¦DT¦) (¦t4.6¦noun¦account¦NN¦ ¦t4.5¦determiner¦a¦DT¦ (¦t4.9¦verb¦be¦VBZ¦ (¦t4.8¦noun¦report¦NN¦ ¦t4.7¦determiner¦the¦DT¦) ¦t4.10¦verb¦review¦VBN¦ACTIVITY:t4.6¦)) ¦t4.11¦punctuation¦.¦Fp¦), (¦t5.12¦verb¦be¦VBZ¦ (¦t5.1¦preposition¦if¦IN¦ (¦t5.4¦verb¦do¦VBZ¦CONDITION:null¦ (¦t5.3¦noun¦employee¦NN¦ ¦t5.2¦determiner¦the¦DT¦) ¦t5.5¦adverb¦not¦RB¦ (¦t5.6¦verb¦have¦VB¦ (¦t5.8¦noun¦account¦NN¦ ¦t5.7¦determiner¦a¦DT¦)))) ¦t5.9¦punctuation¦,¦Fc¦ (¦t5.11¦noun¦account¦NN¦ ¦t5.10¦determiner¦a¦DT¦) (¦t5.13¦verb¦create¦VBN¦ACTIVITY:t5.11¦ (¦t5.14¦preposition¦after¦IN¦ ¦t5.15¦determiner¦which¦WDT¦ (¦t5.18¦verb¦be¦VBZ¦ (¦t5.17¦noun¦report¦NN¦ ¦t5.16¦determiner¦the¦DT¦) ¦t5.19¦verb¦review¦VBN¦ACTIVITY:t5.17¦))) ¦t5.20¦punctuation¦.¦Fp¦), (¦t6.3¦verb¦be¦VBZ¦ (¦t6.2¦noun¦check¦NN¦ ¦t6.1¦determiner¦a¦DT¦) (¦t6.4¦verb¦perform¦VBN¦ACTIVITY:t6.2¦ (¦t6.5¦particle¦to¦TO¦ (¦t6.6¦verb¦see¦VB¦ (¦t6.7¦preposition¦if¦IN¦ (¦t6.13¦verb¦exceed¦VBZ¦CONDITION:null¦ (¦t6.9¦noun¦amount¦NN¦ ¦t6.8¦determiner¦the¦DT¦ (¦t6.10¦preposition¦of¦IN¦ (¦t6.12¦noun¦expense¦NN¦ ¦t6.11¦determiner¦the¦DT¦))) ¦t6.14¦number¦200¦Z¦))))) ¦t6.15¦punctuation¦.¦Fp¦), (¦t7.10¦verb¦be¦VBZ¦ (¦t7.1¦preposition¦if¦IN¦ (¦t7.3¦verb¦do¦VBZ¦CONDITION:null¦ ¦t7.2¦pronoun¦it¦PRP¦ ¦t7.4¦adverb¦not¦RB¦ (¦t7.5¦verb¦exceed¦VB¦ACTIVITY:t7.6¦ ¦t7.6¦number¦200¦Z¦))) ¦t7.7¦punctuation¦,¦Fc¦ (¦t7.9¦noun¦employee¦NN¦ ¦t7.8¦determiner¦the¦DT¦) (¦t7.11¦verb¦reimburse¦VBN¦ACTIVITY:t7.9¦ (¦t7.12¦preposition¦through¦IN¦ (¦t7.14¦noun¦deposit¦NN¦ ¦t7.13¦determiner¦a¦DT¦)) ¦t7.15¦adverb¦directly¦RB¦ (¦t7.16¦particle¦to¦TO¦ (¦t7.21¦noun¦account¦NN¦ACTIVITY:t7.20¦ (¦t7.18¦noun¦employee¦NN¦ ¦t7.17¦determiner¦the¦DT¦ ¦t7.19¦adposition¦'s¦POS¦) ¦t7.20¦noun¦bank¦NN¦ (¦t7.22¦conjunction¦and¦CC¦ (¦t7.25¦verb¦be¦VBZ¦ (¦t7.24¦noun¦process¦NN¦ ¦t7.23¦determiner¦the¦DT¦) ¦t7.26¦verb¦end¦VBN¦ACTIVITY:t7.24¦))))) ¦t7.27¦punctuation¦.¦Fp¦), (¦t8.7¦verb¦exceed¦VB¦ACTIVITY:t8.8¦ (¦t8.1¦preposition¦in¦IN¦ (¦t8.3¦noun¦case¦NN¦ ¦t8.2¦determiner¦the¦DT¦)) (¦t8.4¦determiner¦that¦WDT¦ (¦t8.6¦verb¦do¦VBZ¦ ¦t8.5¦pronoun¦it¦PRP¦)) (¦t8.8¦number¦200¦Z¦ (¦t8.12¦verb¦be¦VBZ¦ ¦t8.9¦punctuation¦,¦Fc¦ (¦t8.11¦noun¦supervisor¦NN¦ ¦t8.10¦determiner¦a¦DT¦) (¦t8.13¦verb¦ask¦VBN¦ACTIVITY:t8.14¦ (¦t8.14¦preposition¦for¦IN¦ ¦t8.15¦noun¦approval¦NN¦ACTIVITY:t8.11¦)) ¦t8.16¦punctuation¦.¦Fp¦))), (¦t9.3¦verb¦can¦MD¦ (¦t9.2¦noun¦thing¦NNS¦ ¦t9.1¦number¦3¦Z¦) (¦t9.4¦verb¦happen¦VB¦ACTIVITY:t9.2¦ (¦t9.5¦preposition¦after¦IN¦ ¦t9.6¦determiner¦this¦DT¦)) ¦t9.7¦punctuation¦.¦Fp¦), (¦t10.11¦verb¦will¦MD¦ ¦t10.1¦adverb¦first¦RB¦ (¦t10.5¦verb¦approve¦VBZ¦ ¦t10.2¦punctuation¦,¦Fc¦ (¦t10.4¦noun¦supervisor¦NN¦ ¦t10.3¦determiner¦the¦DT¦) (¦t10.6¦preposition¦within¦IN¦ (¦t10.8¦noun¦day¦NNS¦ ¦t10.7¦number¦7¦Z¦))) ¦t10.9¦punctuation¦,¦Fc¦ ¦t10.10¦determiner¦this¦DT¦ (¦t10.12¦verb¦result¦VB¦ (¦t10.13¦preposition¦in¦IN¦ (¦t10.15¦noun¦deposit¦NN¦ ¦t10.14¦determiner¦the¦DT¦ (¦t10.16¦preposition¦of¦IN¦ (¦t10.18¦noun¦reimbursement¦NN¦ ¦t10.17¦determiner¦the¦DT¦)))) ¦t10.19¦adverb¦directly¦RB¦ (¦t10.20¦particle¦to¦TO¦ (¦t10.25¦noun¦account¦NN¦ACTIVITY:t10.24¦ (¦t10.22¦noun¦employee¦NN¦ ¦t10.21¦determiner¦the¦DT¦ ¦t10.23¦adposition¦'s¦POS¦) ¦t10.24¦noun¦bank¦NN¦))) ¦t10.26¦punctuation¦.¦Fp¦), (¦t11.7¦verb¦be¦VBZ¦ (¦t11.1¦adverb¦once¦RB¦ (¦t11.3¦verb¦be¦VBZ¦ ¦t11.2¦determiner¦this¦DT¦ ¦t11.4¦verb¦do¦VBN¦)) (¦t11.6¦noun¦process¦NN¦ ¦t11.5¦determiner¦the¦DT¦) ¦t11.8¦verb¦end¦VBN¦ACTIVITY:t11.6¦ ¦t11.9¦punctuation¦.¦Fp¦), (¦t12.5¦verb¦reject¦VBZ¦ ¦t12.1¦adjective¦2¦JJ¦ ¦t12.2¦punctuation¦,¦Fc¦ (¦t12.4¦noun¦supervisor¦NN¦ ¦t12.3¦determiner¦the¦DT¦) (¦t12.6¦preposition¦within¦IN¦ (¦t12.8¦noun¦day¦NNS¦ ¦t12.7¦number¦7¦Z¦)) ¦t12.9¦punctuation¦,¦Fc¦ (¦t12.10¦preposition¦as¦IN¦ (¦t12.12¦noun¦result¦NN¦ ¦t12.11¦determiner¦a¦DT¦) (¦t12.15¦verb¦receive¦VBZ¦ACTIVITY:t12.17¦ (¦t12.14¦noun¦employee¦NN¦ ¦t12.13¦determiner¦the¦DT¦) (¦t12.17¦noun¦notification¦NN¦ ¦t12.16¦determiner¦a¦DT¦) (¦t12.18¦preposition¦through¦IN¦ (¦t12.19¦noun¦email¦NN¦ACTIVITY:t12.17¦ (¦t12.20¦preposition¦that¦IN¦ (¦t12.23¦verb¦have¦VBZ¦ (¦t12.22¦noun¦request¦NN¦ ¦t12.21¦determiner¦the¦DT¦) (¦t12.24¦verb¦be¦VBN¦ ¦t12.25¦verb¦reject¦VBN¦ACTIVITY:t12.22¦))))))) ¦t12.26¦punctuation¦.¦Fp¦), (¦t13.17¦verb¦be¦VBZ¦ ¦t13.1¦adjective¦3¦JJ¦ ¦t13.2¦punctuation¦,¦Fc¦ (¦t13.3¦preposition¦if¦IN¦ (¦t13.5¦verb¦take¦VBZ¦CONDITION:null¦ ¦t13.4¦pronoun¦it¦PRP¦ (¦t13.7¦noun¦supervisor¦NN¦ ¦t13.6¦determiner¦the¦DT¦) (¦t13.11¦noun¦day¦NNS¦ (¦t13.10¦number¦7¦Z¦ ¦t13.8¦adverb¦more¦RB¦ ¦t13.9¦preposition¦than¦IN¦)) (¦t13.12¦particle¦to¦TO¦ ¦t13.13¦verb¦respond¦VB¦))) ¦t13.14¦punctuation¦,¦Fc¦ (¦t13.16¦noun¦email¦NN¦ ¦t13.15¦determiner¦a¦DT¦) (¦t13.18¦verb¦send¦VBN¦ACTIVITY:t13.16¦ (¦t13.19¦particle¦to¦TO¦ (¦t13.21¦noun¦employee¦NN¦ ¦t13.20¦determiner¦the¦DT¦ (¦t13.22¦verb¦inform¦VBG¦ACTIVITY:t13.23¦ ¦t13.23¦pronoun¦him¦PRP¦ (¦t13.24¦punctuation¦/¦Fh¦ ¦t13.25¦pronoun¦her¦PRP¦)) (¦t13.26¦preposition¦that¦IN¦ (¦t13.29¦verb¦be¦VBZ¦ (¦t13.28¦noun¦approval¦NN¦ ¦t13.27¦determiner¦the¦DT¦) (¦t13.30¦preposition¦in¦IN¦ (¦t13.31¦noun¦progress¦NN¦ ¦t13.32¦conjunction¦and¦CC¦))) (¦t13.45¦verb¦be¦VBZ¦ (¦t13.34¦noun¦part¦NN¦ ¦t13.33¦determiner¦the¦DT¦ (¦t13.35¦preposition¦of¦IN¦ (¦t13.37¦noun¦process¦NNS¦ ¦t13.36¦determiner¦the¦DT¦)) (¦t13.38¦preposition¦after¦IN¦ (¦t13.41¦verb¦be¦VBZ¦ (¦t13.40¦noun¦supervisor¦NN¦ ¦t13.39¦determiner¦a¦DT¦) (¦t13.42¦verb¦ask¦VBN¦ACTIVITY:t13.43¦ (¦t13.43¦preposition¦for¦IN¦ ¦t13.44¦noun¦approval¦NN¦ACTIVITY:t13.40¦))))) ¦t13.46¦verb¦repeat¦VBN¦ACTIVITY:t13.34¦))))) ¦t13.47¦punctuation¦.¦Fp¦)]