[(¦t1.3¦verb¦start¦VBZ¦ (¦t1.2¦noun¦process¦NN¦ ¦t1.1¦determiner¦the¦DT¦) (¦t1.11¦verb¦receive¦VBZ¦ACTIVITY:t1.14¦ ¦t1.4¦adverb¦when¦WRB¦ (¦t1.6¦noun¦so¦NP¦ ¦t1.5¦determiner¦the¦DT¦ (¦t1.8¦noun¦angebot¦NP¦ ¦t1.7¦punctuation¦:¦Fd¦ (¦t1.9¦punctuation¦/¦Fh¦ ¦t1.10¦noun¦auftrag¦NP¦))) (¦t1.14¦noun¦order¦NN¦ ¦t1.12¦determiner¦a¦DT¦ ¦t1.13¦noun¦subsidiary¦NN¦)) ¦t1.15¦punctuation¦.¦Fp¦), (¦t2.7¦verb¦prepare¦VBZ¦ACTIVITY:t2.8¦ (¦t2.2¦noun¦so¦NP¦ ¦t2.1¦determiner¦the¦DT¦ ¦t2.3¦punctuation¦:¦Fd¦ (¦t2.4¦noun¦angebot¦NP¦ (¦t2.5¦punctuation¦/¦Fh¦ ¦t2.6¦noun¦auftrag¦NP¦))) (¦t2.8¦noun¦good¦NNS¦ (¦t2.9¦preposition¦for¦IN¦ ¦t2.10¦noun¦shipment¦NN¦)) (¦t2.11¦conjunction¦and¦CC¦ ¦t2.12¦adverb¦then¦RB¦ ¦t2.13¦noun¦ship¦NNS¦ (¦t2.15¦noun¦good¦NNS¦ ¦t2.14¦determiner¦the¦DT¦)) ¦t2.16¦punctuation¦,¦Fc¦ (¦t2.18¦preposition¦with¦IN¦ ¦t2.17¦adverb¦concurrently¦RB¦ (¦t2.19¦verb¦prepare¦VBG¦ACTIVITY:t2.21¦ (¦t2.21¦noun¦good¦NNS¦ ¦t2.20¦determiner¦the¦DT¦) (¦t2.22¦conjunction¦and¦CC¦ (¦t2.23¦verb¦ship¦VBG¦ACTIVITY:t2.24¦ ¦t2.24¦pronoun¦them¦PRP¦ (¦t2.32¦verb¦prepare¦VBZ¦ ¦t2.25¦punctuation¦,¦Fc¦ (¦t2.27¦noun¦so¦NP¦ ¦t2.26¦determiner¦the¦DT¦ ¦t2.28¦punctuation¦:¦Fd¦) (¦t2.31¦noun¦auftrag¦NP¦ (¦t2.29¦noun¦angebot¦NP¦ ¦t2.30¦punctuation¦/¦Fh¦)) ¦t2.33¦verb¦invoice¦VBG¦))))) ¦t2.34¦punctuation¦.¦Fp¦), (¦t3.4¦verb¦be¦VBZ¦ ¦t3.1¦conjunction¦in_case¦CC¦ (¦t3.3¦noun¦customer¦NN¦ ¦t3.2¦determiner¦the¦DT¦) (¦t3.5¦noun¦subsidiary¦NN¦ (¦t3.6¦conjunction¦and¦CC¦ (¦t3.10¦verb¦be¦VBZ¦ (¦t3.9¦noun¦relationship¦NN¦ ¦t3.7¦determiner¦the¦DT¦ ¦t3.8¦noun¦subsidiary¦NN¦) ¦t3.11¦adverb¦not¦RB¦ ¦t3.12¦adverb¦yet¦RB¦ ¦t3.13¦verb¦model¦VBN¦ACTIVITY:t3.9¦ (¦t3.20¦verb¦add¦VBZ¦ACTIVITY:t3.22¦ ¦t3.14¦punctuation¦,¦Fc¦ (¦t3.19¦noun¦management¦NN¦ (¦t3.17¦noun¦address¦NN¦ (¦t3.15¦noun¦so¦NP¦ ¦t3.16¦punctuation¦:¦Fd¦) ¦t3.18¦punctuation¦-¦Fg¦)) (¦t3.22¦noun¦company¦NN¦ ¦t3.21¦noun¦parent¦NN¦) (¦t3.23¦preposition¦as¦IN¦ (¦t3.24¦verb¦invoice¦VBG¦ACTIVITY:t3.25¦ ¦t3.25¦noun¦address¦NN¦ (¦t3.34¦verb¦create¦VB¦ACTIVITY:t3.36¦ ¦t3.26¦punctuation¦,¦Fc¦ ¦t3.27¦adverb¦then¦RB¦ (¦t3.29¦noun¦so¦NP¦ ¦t3.28¦determiner¦the¦DT¦ ¦t3.30¦punctuation¦:¦Fd¦ (¦t3.31¦noun¦angebot¦NP¦ (¦t3.32¦punctuation¦/¦Fh¦ ¦t3.33¦noun¦auftrag¦NP¦))) (¦t3.36¦noun¦invoice¦NN¦ ¦t3.35¦determiner¦the¦DT¦)))))))) ¦t3.37¦punctuation¦.¦Fp¦), (¦t4.2¦preposition¦if¦IN¦ ¦t4.1¦adverb¦otherwise¦RB¦ (¦t4.5¦verb¦be¦VBZ¦CONDITION:null¦ (¦t4.4¦noun¦customer¦NN¦ ¦t4.3¦determiner¦the¦DT¦) (¦t4.6¦adjective¦independent¦JJ¦ (¦t4.7¦conjunction¦or¦CC¦ (¦t4.11¦verb¦be¦VBZ¦ (¦t4.10¦noun¦relationship¦NN¦ ¦t4.8¦determiner¦the¦DT¦ ¦t4.9¦noun¦subsidiary¦NN¦) ¦t4.12¦adverb¦already¦RB¦ (¦t4.13¦verb¦model¦VBN¦ACTIVITY:t4.10¦ (¦t4.14¦preposition¦in¦IN¦ ¦t4.15¦noun¦erp¦NP¦)) (¦t4.24¦verb¦create¦VBZ¦ACTIVITY:t4.26¦ ¦t4.16¦punctuation¦,¦Fc¦ (¦t4.18¦noun¦so¦NP¦ ¦t4.17¦determiner¦the¦DT¦ ¦t4.19¦punctuation¦:¦Fd¦ (¦t4.20¦noun¦angebot¦NP¦ (¦t4.21¦punctuation¦/¦Fh¦ ¦t4.22¦noun¦auftrag¦NP¦))) ¦t4.23¦adverb¦directly¦RB¦ (¦t4.26¦noun¦invoice¦NN¦ ¦t4.25¦determiner¦the¦DT¦))))) ¦t4.27¦punctuation¦.¦Fp¦)), (¦t5.9¦verb¦send¦VBZ¦ACTIVITY:t5.11¦ ¦t5.1¦adverb¦finally¦RB¦ ¦t5.2¦punctuation¦,¦Fc¦ (¦t5.8¦noun¦auftrag¦NP¦ (¦t5.6¦noun¦angebot¦NP¦ (¦t5.4¦noun¦so¦NP¦ ¦t5.3¦determiner¦the¦DT¦ ¦t5.5¦punctuation¦:¦Fd¦) ¦t5.7¦punctuation¦/¦Fh¦)) (¦t5.11¦noun¦invoice¦NN¦ ¦t5.10¦determiner¦the¦DT¦) ¦t5.12¦punctuation¦.¦Fp¦)]