[(¦t1.7¦verb¦be¦VBZ¦ (¦t1.2¦noun¦process¦NN¦ ¦t1.1¦determiner¦the¦DT¦ (¦t1.3¦preposition¦of¦IN¦ (¦t1.4¦verb¦buy¦VBG¦ACTIVITY:t1.6¦ (¦t1.6¦noun¦hardware¦NN¦ ¦t1.5¦adjective¦new¦JJ¦)))) (¦t1.8¦verb¦start¦VBN¦ (¦t1.10¦adverb¦soon¦RB¦ ¦t1.9¦preposition¦as¦IN¦ (¦t1.11¦preposition¦as¦IN¦ (¦t1.13¦noun¦request¦NN¦ACTIVITY:t1.14¦ ¦t1.12¦determiner¦a¦DT¦ (¦t1.14¦preposition¦for¦IN¦ (¦t1.16¦noun¦hardware¦NN¦ ¦t1.15¦adjective¦new¦JJ¦))) (¦t1.17¦verb¦be¦VBZ¦ (¦t1.18¦verb¦receive¦VBN¦ (¦t1.19¦preposition¦by¦IN¦ (¦t1.22¦noun¦department¦NN¦ ¦t1.20¦determiner¦the¦DT¦ ¦t1.21¦noun¦it¦NP¦))))))) ¦t1.23¦punctuation¦.¦Fp¦), (¦t2.4¦verb¦be¦VBZ¦ (¦t2.3¦noun¦step¦NN¦ ¦t2.1¦determiner¦the¦DT¦ ¦t2.2¦adjective¦next¦JJ¦) (¦t2.5¦preposition¦for¦IN¦ (¦t2.8¦noun¦department¦NN¦ ¦t2.6¦determiner¦the¦DT¦ ¦t2.7¦noun¦it¦NP¦) (¦t2.9¦particle¦to¦TO¦ (¦t2.10¦verb¦analyse¦VB¦ACTIVITY:t2.12¦ (¦t2.12¦noun¦request¦NN¦ ¦t2.11¦determiner¦the¦DT¦) (¦t2.13¦conjunction¦and¦CC¦ (¦t2.15¦verb¦approve¦VB¦CONDITION:null¦ ¦t2.14¦adverb¦either¦RB¦ (¦t2.16¦conjunction¦or¦CC¦ ¦t2.17¦verb¦deny¦VB¦CONDITION:null¦) ¦t2.18¦pronoun¦it¦PRP¦))))) ¦t2.19¦punctuation¦.¦Fp¦), (¦t3.8¦verb¦be¦VBZ¦ (¦t3.1¦preposition¦if¦IN¦ (¦t3.3¦verb¦be¦VBZ¦CONDITION:null¦ ¦t3.2¦pronoun¦it¦PRP¦ ¦t3.4¦verb¦deny¦VBN¦ACTIVITY:t3.2¦)) ¦t3.5¦punctuation¦,¦Fc¦ (¦t3.7¦noun¦employee¦NN¦ ¦t3.6¦determiner¦the¦DT¦) (¦t3.9¦verb¦inform¦VBN¦ACTIVITY:t3.7¦ (¦t3.10¦preposition¦via¦IN¦ (¦t3.11¦noun¦email¦NN¦ACTIVITY:t3.12¦ (¦t3.12¦preposition¦about¦IN¦ (¦t3.14¦noun¦denial¦NN¦ ¦t3.13¦determiner¦the¦DT¦ (¦t3.15¦conjunction¦and¦CC¦ (¦t3.18¦verb¦be¦VBZ¦ (¦t3.17¦noun¦process¦NN¦ ¦t3.16¦determiner¦the¦DT¦) ¦t3.19¦verb¦end¦VBN¦ACTIVITY:t3.17¦))))))) ¦t3.20¦punctuation¦.¦Fp¦), (¦t4.10¦verb¦be¦VBZ¦ ¦t4.1¦adverb¦however¦RB¦ ¦t4.2¦punctuation¦,¦Fc¦ (¦t4.3¦preposition¦if¦IN¦ (¦t4.6¦verb¦be¦VBZ¦CONDITION:null¦ (¦t4.5¦noun¦request¦NN¦ ¦t4.4¦determiner¦the¦DT¦) ¦t4.7¦verb¦approve¦VBN¦ACTIVITY:t4.5¦)) ¦t4.8¦punctuation¦,¦Fc¦ ¦t4.9¦pronoun¦it¦PRP¦ (¦t4.11¦verb¦edit¦VBN¦ACTIVITY:t4.9¦ (¦t4.12¦conjunction¦and¦CC¦ ¦t4.13¦verb¦complete¦VBN¦ACTIVITY:t4.9¦)) ¦t4.14¦punctuation¦.¦Fp¦), (¦t5.4¦verb¦be¦VBZ¦ ¦t5.1¦adverb¦then¦RB¦ (¦t5.3¦noun¦email¦NN¦ ¦t5.2¦determiner¦a¦DT¦) (¦t5.5¦verb¦send¦VBN¦ACTIVITY:t5.3¦ (¦t5.6¦particle¦to¦TO¦ (¦t5.8¦noun¦supplier¦NN¦ ¦t5.7¦determiner¦the¦DT¦ (¦t5.9¦verb¦ask¦VBG¦ACTIVITY:t5.10¦ (¦t5.10¦preposition¦about¦IN¦ ¦t5.11¦noun¦price¦NNS¦))))) ¦t5.12¦punctuation¦.¦Fp¦), (¦t6.4¦verb¦reply¦VBZ¦ ¦t6.1¦adverb¦then¦RB¦ (¦t6.3¦noun¦supplier¦NN¦ ¦t6.2¦determiner¦the¦DT¦) (¦t6.5¦particle¦to¦TO¦ (¦t6.7¦noun¦email¦NN¦ ¦t6.6¦determiner¦the¦DT¦)) (¦t6.8¦preposition¦by¦IN¦ (¦t6.9¦verb¦send¦VBG¦ACTIVITY:t6.11¦ (¦t6.11¦noun¦offer¦NN¦ ¦t6.10¦determiner¦a¦DT¦ (¦t6.12¦preposition¦for¦IN¦ (¦t6.15¦noun¦item¦NNS¦ ¦t6.13¦determiner¦the¦DT¦ ¦t6.14¦verb¦request¦VBN¦ACTIVITY:t6.15¦))))) ¦t6.16¦punctuation¦.¦Fp¦), (¦t7.4¦verb¦be¦VBZ¦ (¦t7.3¦noun¦offer¦NN¦ ¦t7.1¦adverb¦once¦RB¦ ¦t7.2¦determiner¦this¦DT¦) ¦t7.5¦verb¦receive¦VBN¦ACTIVITY:t7.3¦ (¦t7.9¦verb¦be¦VBZ¦ ¦t7.6¦punctuation¦,¦Fc¦ (¦t7.8¦noun¦form¦NN¦ ¦t7.7¦determiner¦a¦DT¦) (¦t7.10¦verb¦fill¦VBN¦ACTIVITY:t7.3¦ ¦t7.11¦preposition¦in¦IN¦ (¦t7.12¦conjunction¦and¦CC¦ (¦t7.13¦verb¦send¦VBD¦ACTIVITY:t7.8¦ (¦t7.14¦particle¦to¦TO¦ (¦t7.16¦noun¦management¦NN¦ ¦t7.15¦determiner¦the¦DT¦)))))) ¦t7.17¦punctuation¦.¦Fp¦), (¦t8.4¦verb¦analyse¦VBZ¦ACTIVITY:t8.6¦ (¦t8.2¦noun¦management¦NN¦ ¦t8.1¦determiner¦the¦DT¦) ¦t8.3¦adverb¦then¦RB¦ (¦t8.6¦noun¦request¦NN¦ ¦t8.5¦determiner¦the¦DT¦) (¦t8.7¦conjunction¦and¦CC¦ (¦t8.8¦verb¦decide¦VBZ¦ (¦t8.9¦preposition¦if¦IN¦ (¦t8.11¦verb¦be¦VBZ¦CONDITION:null¦ ¦t8.10¦pronoun¦it¦PRP¦ (¦t8.12¦verb¦approve¦VBN¦ACTIVITY:t8.10¦ (¦t8.13¦conjunction¦or¦CC¦ ¦t8.14¦adverb¦not¦RB¦)))))) ¦t8.15¦punctuation¦.¦Fp¦), (¦t9.8¦verb¦be¦VBZ¦ (¦t9.1¦preposition¦in¦IN¦ (¦t9.4¦noun¦case¦NN¦ ¦t9.2¦determiner¦the¦DT¦ ¦t9.3¦adjective¦former¦JJ¦)) ¦t9.5¦punctuation¦,¦Fc¦ (¦t9.7¦noun¦offer¦NN¦ ¦t9.6¦determiner¦the¦DT¦) (¦t9.9¦verb¦forward¦VBN¦ACTIVITY:t9.7¦ (¦t9.10¦particle¦to¦TO¦ (¦t9.13¦noun¦department¦NN¦ ¦t9.11¦determiner¦the¦DT¦ ¦t9.12¦adjective¦financial¦JJ¦) ¦t9.14¦conjunction¦and¦CC¦) (¦t9.15¦adverb¦back¦RB¦ (¦t9.16¦particle¦to¦TO¦ (¦t9.19¦noun¦department¦NN¦ ¦t9.17¦determiner¦the¦DT¦ ¦t9.18¦noun¦it¦NP¦)))) ¦t9.20¦punctuation¦.¦Fp¦), (¦t10.4¦verb¦find¦VBZ¦ACTIVITY:t10.5¦ (¦t10.3¦noun¦department¦NN¦ ¦t10.1¦determiner¦the¦DT¦ ¦t10.2¦adjective¦financial¦JJ¦) ¦t10.5¦noun¦resource¦NNS¦ (¦t10.6¦preposition¦while¦IN¦ (¦t10.10¦verb¦prepare¦VBZ¦ACTIVITY:t10.12¦ (¦t10.9¦noun¦department¦NN¦ ¦t10.7¦determiner¦the¦DT¦ ¦t10.8¦noun¦it¦NP¦) (¦t10.12¦noun¦order¦NN¦ ¦t10.11¦determiner¦a¦DT¦) (¦t10.13¦conjunction¦and¦CC¦ (¦t10.14¦verb¦send¦VBZ¦ ¦t10.15¦determiner¦this¦DT¦ (¦t10.16¦particle¦to¦TO¦ (¦t10.18¦noun¦supplier¦NN¦ ¦t10.17¦determiner¦the¦DT¦)))))) ¦t10.19¦punctuation¦.¦Fp¦), (¦t11.4¦verb¦accept¦VBN¦ ¦t11.1¦adverb¦when¦WRB¦ (¦t11.2¦determiner¦this¦DT¦ ¦t11.3¦verb¦be¦VBZ¦) (¦t11.5¦conjunction¦and¦CC¦ (¦t11.9¦verb¦be¦VBP¦ (¦t11.8¦noun¦resource¦NNS¦ ¦t11.6¦determiner¦the¦DT¦ ¦t11.7¦adjective¦financial¦JJ¦) ¦t11.10¦verb¦find¦VBN¦ACTIVITY:t11.8¦) (¦t11.13¦verb¦be¦VBZ¦ (¦t11.12¦noun¦hardware¦NN¦ ¦t11.11¦determiner¦the¦DT¦) (¦t11.14¦verb¦receive¦VBN¦ACTIVITY:t11.12¦ (¦t11.15¦preposition¦by¦IN¦ (¦t11.18¦noun¦department¦NN¦ ¦t11.16¦determiner¦the¦DT¦ ¦t11.17¦noun¦it¦NP¦))) ¦t11.19¦punctuation¦.¦Fp¦))), (¦t12.6¦verb¦will¦MD¦ (¦t12.1¦preposition¦after¦IN¦ ¦t12.2¦determiner¦which¦WDT¦) (¦t12.5¦noun¦department¦NN¦ ¦t12.3¦determiner¦the¦DT¦ ¦t12.4¦adjective¦financial¦JJ¦) (¦t12.7¦verb¦take¦VB¦ACTIVITY:t12.8¦ ¦t12.8¦noun¦care¦NN¦ (¦t12.9¦preposition¦of¦IN¦ (¦t12.11¦noun¦invoice¦NN¦ ¦t12.10¦determiner¦the¦DT¦ (¦t12.12¦conjunction¦and¦CC¦ (¦t12.14¦noun¦process¦NNS¦ ¦t12.13¦determiner¦the¦DT¦) (¦t12.15¦verb¦be¦VBZ¦ ¦t12.16¦verb¦end¦VBN¦))))) ¦t12.17¦punctuation¦.¦Fp¦), (¦t13.23¦verb¦rework¦VB¦ (¦t13.1¦preposition¦in¦IN¦ (¦t13.3¦noun¦scenario¦NN¦ ¦t13.2¦determiner¦the¦DT¦)) ¦t13.4¦adverb¦where¦WRB¦ (¦t13.7¦verb¦do¦VBZ¦ (¦t13.6¦noun¦management¦NN¦ ¦t13.5¦determiner¦the¦DT¦) ¦t13.8¦adverb¦not¦RB¦ (¦t13.9¦verb¦approve¦VB¦ACTIVITY:t13.11¦ (¦t13.11¦noun¦request¦NN¦ ¦t13.10¦determiner¦the¦DT¦ (¦t13.13¦verb¦can¦MD¦ ¦t13.12¦pronoun¦it¦PRP¦ (¦t13.14¦verb¦send¦VB¦ACTIVITY:t13.16¦ (¦t13.16¦noun¦request¦NN¦ ¦t13.15¦determiner¦the¦DT¦) (¦t13.17¦adverb¦back¦RB¦ (¦t13.18¦particle¦to¦TO¦ (¦t13.21¦noun¦department¦NN¦ ¦t13.19¦determiner¦the¦DT¦ ¦t13.20¦noun¦it¦NP¦))) ¦t13.22¦preposition¦for¦IN¦))))) (¦t13.29¦verb¦have¦VBZ¦ ¦t13.24¦punctuation¦,¦Fc¦ (¦t13.28¦noun¦department¦NN¦ ¦t13.25¦adverb¦then¦RB¦ ¦t13.26¦determiner¦the¦DT¦ ¦t13.27¦noun¦it¦NP¦) (¦t13.30¦particle¦to¦TO¦ (¦t13.31¦verb¦go¦VB¦ (¦t13.32¦adverb¦back¦RB¦ (¦t13.33¦particle¦to¦TO¦ (¦t13.34¦verb¦edit¦VBG¦ACTIVITY:t13.38¦ (¦t13.35¦conjunction¦and¦CC¦ ¦t13.36¦verb¦complete¦VBG¦ACTIVITY:t13.38¦) (¦t13.38¦noun¦request¦NN¦ ¦t13.37¦determiner¦a¦DT¦)))))) ¦t13.39¦punctuation¦.¦Fp¦)), (¦t14.10¦verb¦can¦MD¦ (¦t14.1¦preposition¦if¦IN¦ (¦t14.4¦verb¦do¦VBZ¦CONDITION:null¦ (¦t14.3¦noun¦management¦NN¦ ¦t14.2¦determiner¦the¦DT¦) ¦t14.5¦adverb¦not¦RB¦ (¦t14.6¦verb¦approve¦VB¦ACTIVITY:t14.8¦ (¦t14.8¦noun¦request¦NN¦ ¦t14.7¦determiner¦the¦DT¦)))) ¦t14.9¦pronoun¦it¦PRP¦ ¦t14.11¦adverb¦also¦RB¦ (¦t14.12¦verb¦decide¦VB¦ (¦t14.13¦particle¦to¦TO¦ (¦t14.14¦verb¦deny¦VB¦ACTIVITY:t14.16¦ (¦t14.16¦noun¦request¦NN¦ ¦t14.15¦determiner¦the¦DT¦) (¦t14.17¦preposition¦after¦IN¦ ¦t14.18¦determiner¦which¦WDT¦ (¦t14.21¦verb¦be¦VBZ¦ (¦t14.20¦noun¦process¦NN¦ ¦t14.19¦determiner¦the¦DT¦) ¦t14.22¦verb¦end¦VBN¦ACTIVITY:t14.20¦))))) ¦t14.23¦punctuation¦.¦Fp¦)]