[(¦t1.8¦verb¦be¦VBZ¦ (¦t1.1¦preposition¦in¦IN¦ (¦t1.4¦noun¦company¦NN¦ ¦t1.2¦determiner¦a¦DT¦ ¦t1.3¦adjective¦certain¦JJ¦)) (¦t1.7¦noun¦process¦NN¦ ¦t1.5¦determiner¦a¦DT¦ ¦t1.6¦noun¦invoice¦NP¦) ¦t1.9¦verb¦start¦VBN¦ ¦t1.10¦punctuation¦.¦Fp¦), (¦t2.4¦verb¦be¦VBZ¦ ¦t2.1¦adjective¦1¦JJ¦ (¦t2.3¦noun¦vendor¦NP¦ ¦t2.2¦determiner¦the¦DT¦) (¦t2.5¦verb¦try¦VBN¦ACTIVITY:t2.3¦ (¦t2.6¦particle¦to¦TO¦ (¦t2.7¦verb¦be¦VB¦ (¦t2.8¦verb¦locate¦VBN¦ACTIVITY:t2.9¦ (¦t2.9¦preposition¦into¦IN¦ (¦t2.12¦noun¦system¦NN¦ ¦t2.10¦determiner¦the¦DT¦ ¦t2.11¦noun¦sap¦NP¦ (¦t2.13¦preposition¦of¦IN¦ (¦t2.15¦noun¦company¦NN¦ ¦t2.14¦determiner¦the¦DT¦)))))))) ¦t2.16¦punctuation¦.¦Fp¦), (¦t3.16¦verb¦be¦VBZ¦ (¦t3.1¦preposition¦if¦IN¦ (¦t3.3¦verb¦be¦VBZ¦CONDITION:null¦ ¦t3.2¦pronoun¦it¦PRP¦ ¦t3.4¦adverb¦not¦RB¦ ¦t3.5¦adjective¦possible¦JJ¦ (¦t3.6¦particle¦to¦TO¦ (¦t3.7¦verb¦find¦VB¦ACTIVITY:t3.8¦ ¦t3.8¦pronoun¦it¦PRP¦)))) (¦t3.10¦noun¦sub-process¦NN¦ ¦t3.9¦determiner¦a¦DT¦ (¦t3.11¦particle¦to¦TO¦ ¦t3.12¦verb¦record¦VB¦)) (¦t3.15¦noun¦vendor¦NP¦ ¦t3.13¦determiner¦this¦DT¦ ¦t3.14¦adjective¦new¦JJ¦) ¦t3.17¦verb¦start¦VBN¦ ¦t3.18¦punctuation¦.¦Fp¦), (¦t4.7¦verb¦start¦VBZ¦ (¦t4.2¦noun¦request¦NN¦ ¦t4.1¦determiner¦the¦DT¦ (¦t4.3¦preposition¦for¦IN¦ (¦t4.6¦noun¦vendor_record¦NP¦ ¦t4.4¦determiner¦this¦DT¦ ¦t4.5¦adjective¦new¦JJ¦))) (¦t4.8¦preposition¦with¦IN¦ (¦t4.10¦verb¦fill¦VBG¦ACTIVITY:t4.11¦ ¦t4.9¦determiner¦the¦DT¦ (¦t4.11¦preposition¦of¦IN¦ (¦t4.15¦noun¦form¦NN¦ ¦t4.12¦determiner¦the¦DT¦ ¦t4.13¦adjective¦new¦JJ¦ ¦t4.14¦noun¦vendor_master_record¦NP¦)))) ¦t4.16¦punctuation¦.¦Fp¦), (¦t5.6¦verb¦be¦VBZ¦ (¦t5.1¦preposition¦after¦IN¦ ¦t5.2¦determiner¦this¦DT¦) ¦t5.3¦punctuation¦,¦Fc¦ (¦t5.5¦noun¦request¦NN¦ ¦t5.4¦determiner¦the¦DT¦) (¦t5.7¦verb¦attach¦VBN¦ACTIVITY:t5.5¦ (¦t5.8¦particle¦to¦TO¦ (¦t5.10¦noun¦invoice¦NN¦ ¦t5.9¦determiner¦the¦DT¦))) (¦t5.11¦conjunction¦and¦CC¦ (¦t5.12¦adverb¦then¦RB¦ (¦t5.13¦verb¦putt¦VBN¦ACTIVITY:t5.5¦ (¦t5.14¦preposition¦in¦IN¦ (¦t5.17¦noun¦out_box¦NN¦ ¦t5.15¦determiner¦a¦DT¦ ¦t5.16¦adjective¦internal¦JJ¦ (¦t5.18¦preposition¦for¦IN¦ (¦t5.20¦noun¦vendor¦NNS¦ ¦t5.19¦adjective¦new¦JJ¦))))))) ¦t5.21¦punctuation¦.¦Fp¦), (¦t6.4¦verb¦be¦VBZ¦ ¦t6.1¦preposition¦before¦IN¦ (¦t6.3¦noun¦request¦NN¦ ¦t6.2¦determiner¦the¦DT¦) (¦t6.5¦verb¦finish¦VBD¦ACTIVITY:t6.3¦ (¦t6.7¦verb¦be¦VBZ¦ ¦t6.6¦pronoun¦it¦PRP¦ (¦t6.8¦verb¦classify¦VBN¦ACTIVITY:t6.6¦ (¦t6.9¦preposition¦in¦IN¦ (¦t6.13¦noun¦invoice¦NNS¦ (¦t6.10¦adjective¦urgent¦JJ¦ (¦t6.11¦conjunction¦and¦CC¦ ¦t6.12¦adjective¦non-urgent¦JJ¦))))))) ¦t6.14¦punctuation¦.¦Fp¦), (¦t7.8¦verb¦have¦VBZ¦ ¦t7.1¦adverb¦whenever¦WRB¦ (¦t7.4¦verb¦be¦VBZ¦ (¦t7.3¦noun¦invoice¦NP¦ ¦t7.2¦determiner¦the¦DT¦) ¦t7.5¦adjective¦urgent¦JJ¦) (¦t7.7¦noun¦request¦NP¦ ¦t7.6¦determiner¦this¦DT¦) (¦t7.13¦noun¦window¦NN¦ ¦t7.9¦determiner¦a¦DT¦ ¦t7.10¦adjective¦maximum¦JJ¦ ¦t7.11¦number¦24¦Z¦ ¦t7.12¦noun¦hr¦NN¦ (¦t7.14¦particle¦to¦TO¦ (¦t7.15¦verb¦be¦VB¦ ¦t7.16¦verb¦finish¦VBN¦ACTIVITY:t7.13¦))) ¦t7.17¦punctuation¦,¦Fc¦ (¦t7.18¦preposition¦while¦IN¦ ¦t7.19¦preposition¦if¦IN¦ (¦t7.21¦verb¦be¦VBZ¦ ¦t7.20¦pronoun¦it¦PRP¦ ¦t7.22¦adjective¦non-urgent¦JJ¦) (¦t7.24¦verb¦have¦VBZ¦ ¦t7.23¦pronoun¦it¦PRP¦ (¦t7.29¦noun¦time¦NN¦ ¦t7.25¦determiner¦a¦DT¦ ¦t7.26¦number¦1-5¦Z¦ ¦t7.27¦verb¦work¦VBG¦ ¦t7.28¦noun¦day¦NNS¦ (¦t7.30¦particle¦to¦TO¦ (¦t7.31¦verb¦be¦VB¦ ¦t7.32¦verb¦do¦VBN¦))))) ¦t7.33¦punctuation¦.¦Fp¦), (¦t8.21¦verb¦be¦VBZ¦ (¦t8.1¦preposition¦if¦IN¦ (¦t8.4¦verb¦be¦VBZ¦CONDITION:null¦ (¦t8.3¦noun¦vendor¦NP¦ ¦t8.2¦determiner¦the¦DT¦) ¦t8.5¦adverb¦already¦RB¦ (¦t8.6¦preposition¦in¦IN¦ (¦t8.8¦noun¦system¦NN¦ ¦t8.7¦determiner¦the¦DT¦ (¦t8.9¦conjunction¦or¦CC¦ (¦t8.11¦noun¦request¦NN¦ ¦t8.10¦determiner¦the¦DT¦ ¦t8.12¦preposition¦for¦IN¦))))) (¦t8.15¦verb¦have¦VBZ¦ (¦t8.14¦noun¦vendor_record¦NP¦ ¦t8.13¦adjective¦new¦JJ¦) ¦t8.16¦verb¦finish¦VBN¦ACTIVITY:t8.14¦)) ¦t8.17¦punctuation¦,¦Fc¦ (¦t8.20¦noun¦number¦NN¦ ¦t8.18¦pronoun¦its¦PRP$¦ ¦t8.19¦noun¦sap¦NP¦) ¦t8.22¦adverb¦then¦RB¦ (¦t8.23¦verb¦add¦VBN¦ACTIVITY:t8.20¦ (¦t8.24¦particle¦to¦TO¦ (¦t8.26¦noun¦invoice¦NN¦ ¦t8.25¦determiner¦the¦DT¦ (¦t8.27¦conjunction¦and¦CC¦ (¦t8.30¦verb¦continue¦VBZ¦ACTIVITY:t8.29¦ (¦t8.29¦noun¦process¦NN¦ ¦t8.28¦determiner¦the¦DT¦)))))) ¦t8.31¦punctuation¦.¦Fp¦), (¦t9.3¦verb¦can¦MD¦ (¦t9.2¦noun¦invoice¦NNS¦ ¦t9.1¦determiner¦the¦DT¦) (¦t9.4¦verb¦be¦VB¦ (¦t9.5¦verb¦sort¦VBN¦ACTIVITY:t9.2¦ (¦t9.6¦preposition¦in¦IN¦ (¦t9.8¦noun¦way¦NNS¦ ¦t9.7¦number¦2¦Z¦ ¦t9.9¦punctuation¦:¦Fd¦)) (¦t9.10¦preposition¦by¦IN¦ ¦t9.11¦noun¦amount¦NN¦ (¦t9.12¦conjunction¦and¦CC¦ (¦t9.13¦preposition¦by¦IN¦ ¦t9.14¦noun¦vendor¦NN¦))))) ¦t9.15¦punctuation¦.¦Fp¦), (¦t10.3¦verb¦be¦VBP¦ (¦t10.2¦noun¦invoice¦NNS¦ ¦t10.1¦determiner¦the¦DT¦) ¦t10.4¦adverb¦then¦RB¦ (¦t10.5¦verb¦enter¦VBN¦ACTIVITY:t10.2¦ (¦t10.6¦preposition¦in¦IN¦ (¦t10.9¦noun¦system¦NN¦ ¦t10.7¦determiner¦the¦DT¦ ¦t10.8¦noun¦sap¦NP¦ (¦t10.10¦conjunction¦and¦CC¦ (¦t10.13¦verb¦be¦VBZ¦ (¦t10.12¦noun¦process¦NN¦ ¦t10.11¦determiner¦the¦DT¦) ¦t10.14¦verb¦finish¦VBN¦ACTIVITY:t10.12¦))))) ¦t10.15¦punctuation¦.¦Fp¦)]