[(¦t1.7¦verb¦can¦MD¦ (¦t1.3¦noun¦clerk¦NNS¦ACTIVITY:t1.2¦ ¦t1.1¦determiner¦the¦DT¦ ¦t1.2¦noun¦sale¦NNS¦ (¦t1.4¦preposition¦in¦IN¦ (¦t1.6¦noun¦bank¦NN¦ ¦t1.5¦determiner¦a¦DT¦))) (¦t1.8¦verb¦use¦VB¦ACTIVITY:t1.11¦ (¦t1.11¦noun¦front_end¦NN¦ ¦t1.9¦pronoun¦their¦PRP$¦ ¦t1.10¦noun¦software¦NN¦) (¦t1.12¦particle¦to¦TO¦ (¦t1.13¦verb¦receive¦VB¦ (¦t1.15¦verb¦credit_score¦VBG¦ ¦t1.14¦determiner¦the¦DT¦) (¦t1.16¦preposition¦for¦IN¦ (¦t1.19¦noun¦customer¦NN¦ ¦t1.17¦determiner¦a¦DT¦ ¦t1.18¦adjective¦certain¦JJ¦))))) ¦t1.20¦punctuation¦.¦Fp¦), (¦t2.2¦verb¦start¦VBZ¦ ¦t2.1¦determiner¦this¦DT¦ (¦t2.4¦noun¦process¦NN¦ ¦t2.3¦determiner¦a¦DT¦ (¦t2.5¦preposition¦in¦IN¦ (¦t2.8¦noun¦system¦NN¦ ¦t2.6¦determiner¦the¦DT¦ ¦t2.7¦noun¦banking¦NN¦ (¦t2.10¦verb¦communicate¦VBZ¦ACTIVITY:t2.11¦ ¦t2.9¦determiner¦which¦WDT¦ (¦t2.11¦preposition¦with¦IN¦ (¦t2.13¦noun¦agency¦NN¦ ¦t2.12¦determiner¦the¦DT¦ (¦t2.14¦preposition¦in¦IN¦ (¦t2.16¦noun¦background¦NN¦ ¦t2.15¦determiner¦the¦DT¦)))))))) ¦t2.17¦punctuation¦.¦Fp¦), (¦t3.3¦verb¦send¦VBZ¦ACTIVITY:t3.6¦ (¦t3.2¦noun¦process¦NN¦ ¦t3.1¦determiner¦this¦DT¦) (¦t3.6¦noun¦request¦NN¦ ¦t3.4¦determiner¦a¦DT¦ ¦t3.5¦verb¦score¦VBG¦ (¦t3.7¦particle¦to¦TO¦ (¦t3.10¦noun¦right¦NN¦ ¦t3.8¦determiner¦the¦DT¦ ¦t3.9¦noun¦agency¦NN¦))) (¦t3.11¦preposition¦after¦IN¦ (¦t3.13¦noun¦beginning¦NN¦ ¦t3.12¦determiner¦the¦DT¦)) ¦t3.14¦punctuation¦.¦Fp¦), (¦t4.5¦verb¦do¦VBZ¦ ¦t4.1¦adverb¦then¦RB¦ ¦t4.2¦punctuation¦,¦Fc¦ (¦t4.4¦noun¦agency¦NP¦ ¦t4.3¦determiner¦the¦DT¦) (¦t4.9¦verb¦score¦VBG¦ ¦t4.6¦determiner¦a¦DT¦ ¦t4.7¦adjective¦1¦JJ¦ ¦t4.8¦adjective¦quick¦JJ¦ (¦t4.12¦number¦1¦Z¦ ¦t4.10¦punctuation¦Fpa¦Fpa¦ ¦t4.11¦noun¦level¦NN¦ ¦t4.13¦punctuation¦Fpt¦Fpt¦)) ¦t4.14¦punctuation¦.¦Fp¦), (¦t5.2¦verb¦will¦MD¦ ¦t5.1¦determiner¦this¦DT¦ ¦t5.3¦adverb¦often¦RB¦ (¦t5.4¦verb¦lead¦VB¦ (¦t5.5¦particle¦to¦TO¦ (¦t5.8¦noun¦result¦NN¦ ¦t5.6¦determiner¦a¦DT¦ ¦t5.7¦adjective¦immediate¦JJ¦ (¦t5.10¦verb¦be¦VBZ¦ ¦t5.9¦determiner¦which¦WDT¦ ¦t5.11¦adverb¦then¦RB¦ (¦t5.12¦verb¦return¦VBN¦ACTIVITY:t5.8¦ ¦t5.13¦adverb¦directly¦RB¦ (¦t5.14¦particle¦to¦TO¦ (¦t5.17¦noun¦system¦NN¦ ¦t5.15¦determiner¦the¦DT¦ ¦t5.16¦noun¦banking¦NN¦)) (¦t5.18¦preposition¦within¦IN¦ ¦t5.19¦noun¦second¦NNS¦)))))) ¦t5.20¦punctuation¦.¦Fp¦), (¦t6.4¦verb¦present¦VBZ¦ACTIVITY:t6.6¦ (¦t6.3¦noun¦process¦NN¦ ¦t6.1¦determiner¦the¦DT¦ ¦t6.2¦noun¦banking¦NN¦) (¦t6.6¦noun¦result¦NN¦ ¦t6.5¦determiner¦the¦DT¦) (¦t6.7¦particle¦to¦TO¦ (¦t6.9¦noun¦clerk¦NN¦ ¦t6.8¦determiner¦the¦DT¦ (¦t6.10¦verb¦sit¦VBG¦ACTIVITY:t6.9¦ (¦t6.11¦preposition¦at¦IN¦ (¦t6.13¦noun¦front_end¦NN¦ ¦t6.12¦determiner¦the¦DT¦))))) ¦t6.14¦punctuation¦.¦Fp¦), (¦t7.4¦verb¦can¦MD¦ ¦t7.1¦adverb¦sometimes¦RB¦ (¦t7.3¦verb¦score¦VBG¦ ¦t7.2¦determiner¦the¦DT¦) ¦t7.5¦adverb¦not¦RB¦ (¦t7.6¦verb¦be¦VB¦ (¦t7.7¦verb¦determine¦VBN¦ ¦t7.8¦adverb¦immediately¦RB¦ (¦t7.9¦conjunction¦and¦CC¦ (¦t7.10¦verb¦take¦VBZ¦ ¦t7.11¦adverb¦long¦RBR¦)))) ¦t7.12¦punctuation¦.¦Fp¦), (¦t8.6¦verb¦inform¦VBZ¦ACTIVITY:t8.9¦ (¦t8.1¦preposition¦in¦IN¦ (¦t8.3¦noun¦case¦NN¦ ¦t8.2¦determiner¦this¦DT¦)) (¦t8.5¦noun¦agency¦NN¦ ¦t8.4¦determiner¦the¦DT¦) (¦t8.9¦noun¦process¦NN¦ ¦t8.7¦determiner¦the¦DT¦ ¦t8.8¦noun¦banking¦NN¦ACTIVITY:t8.10¦ (¦t8.10¦preposition¦of¦IN¦ (¦t8.12¦noun¦delay¦NN¦ ¦t8.11¦determiner¦the¦DT¦))) (¦t8.13¦conjunction¦and¦CC¦ (¦t8.15¦verb¦start¦VBZ¦ ¦t8.14¦adverb¦then¦RB¦ (¦t8.19¦verb¦score¦VBG¦ (¦t8.18¦number¦2¦Z¦ (¦t8.17¦noun¦level¦NN¦ ¦t8.16¦determiner¦the¦DT¦)) (¦t8.22¦verb¦can¦MD¦ ¦t8.20¦punctuation¦Fpa¦Fpa¦ ¦t8.21¦determiner¦which¦WDT¦ (¦t8.23¦verb¦take¦VB¦ ¦t8.24¦particle¦up¦RP¦ (¦t8.25¦particle¦to¦TO¦ (¦t8.27¦noun¦couple¦NN¦ACTIVITY:t8.28¦ ¦t8.26¦determiner¦a¦DT¦ (¦t8.28¦preposition¦of¦IN¦ ¦t8.29¦noun¦minute¦NNS¦) ¦t8.30¦punctuation¦Fpt¦Fpt¦))))))) ¦t8.31¦punctuation¦.¦Fp¦), (¦t9.10¦verb¦be¦VBZ¦ (¦t9.1¦preposition¦after¦IN¦ (¦t9.5¦verb¦be¦VBZ¦ (¦t9.4¦noun¦result¦NN¦ ¦t9.2¦determiner¦the¦DT¦ ¦t9.3¦verb¦score¦VBG¦) ¦t9.6¦verb¦determine¦VBN¦ACTIVITY:t9.4¦)) ¦t9.7¦punctuation¦,¦Fc¦ (¦t9.9¦noun¦information¦NN¦ ¦t9.8¦determiner¦the¦DT¦) (¦t9.11¦verb¦send¦VBN¦ACTIVITY:t9.9¦ ¦t9.12¦particle¦back¦RP¦ (¦t9.13¦particle¦to¦TO¦ (¦t9.16¦noun¦process¦NN¦ ¦t9.14¦determiner¦the¦DT¦ ¦t9.15¦noun¦banking¦NN¦))) ¦t9.17¦punctuation¦.¦Fp¦), (¦t10.4¦noun¦display¦NNS¦ ¦t10.1¦determiner¦the¦DT¦ (¦t10.3¦noun¦process¦NN¦ ¦t10.2¦noun¦banking¦NN¦) (¦t10.6¦noun¦message¦NN¦ ¦t10.5¦determiner¦a¦DT¦ (¦t10.7¦particle¦to¦TO¦ (¦t10.9¦noun¦clerk¦NN¦ ¦t10.8¦determiner¦the¦DT¦)) (¦t10.12¦verb¦receive¦VBZ¦ACTIVITY:t10.13¦ ¦t10.10¦adverb¦when¦WRB¦ ¦t10.11¦pronoun¦he¦PRP¦ (¦t10.13¦noun¦information¦NN¦ (¦t10.14¦preposition¦about¦IN¦ (¦t10.16¦noun¦delay¦NN¦ ¦t10.15¦determiner¦the¦DT¦ (¦t10.17¦particle¦to¦TO¦ (¦t10.18¦verb¦check¦VB¦ ¦t10.19¦adverb¦again¦RB¦ ¦t10.20¦adverb¦late¦RBR¦))))))) ¦t10.21¦punctuation¦.¦Fp¦), (¦t11.9¦verb¦can¦MD¦ (¦t11.2¦adverb¦soon¦RB¦ ¦t11.1¦preposition¦as¦IN¦ (¦t11.3¦preposition¦as¦IN¦ (¦t11.6¦verb¦arrive¦VBZ¦ACTIVITY:t11.5¦ (¦t11.5¦noun¦result¦NN¦ ¦t11.4¦determiner¦the¦DT¦)))) ¦t11.7¦punctuation¦,¦Fc¦ ¦t11.8¦pronoun¦it¦PRP¦ (¦t11.10¦verb¦be¦VB¦ (¦t11.11¦verb¦see¦VBN¦ACTIVITY:t11.8¦ (¦t11.12¦preposition¦at¦IN¦ (¦t11.14¦noun¦front_end¦NN¦ ¦t11.13¦determiner¦the¦DT¦)))) ¦t11.15¦punctuation¦.¦Fp¦)]