[(¦t1.4¦verb¦want¦VBZ¦ ¦t1.1¦adverb¦when¦WRB¦ (¦t1.3¦noun¦visitor¦NN¦ ¦t1.2¦determiner¦a¦DT¦) (¦t1.5¦particle¦to¦TO¦ (¦t1.6¦verb¦become¦VB¦ (¦t1.8¦noun¦member¦NN¦ ¦t1.7¦determiner¦a¦DT¦ (¦t1.9¦preposition¦of¦IN¦ ¦t1.10¦noun¦barcelona_'s_zooclub¦NP¦) (¦t1.15¦verb¦must¦MD¦ ¦t1.11¦punctuation¦,¦Fc¦ (¦t1.14¦noun¦step¦NNS¦ ¦t1.12¦determiner¦the¦DT¦ ¦t1.13¦verb¦follow¦VBG¦) (¦t1.16¦verb¦be¦VB¦ ¦t1.17¦verb¦take¦VBN¦ACTIVITY:t1.8¦))))) ¦t1.18¦punctuation¦.¦Fp¦), (¦t2.7¦verb¦must¦MD¦ (¦t2.1¦adjective¦1¦JJ¦ (¦t2.2¦preposition¦of¦IN¦ ¦t2.3¦determiner¦all¦DT¦)) ¦t2.4¦punctuation¦,¦Fc¦ (¦t2.6¦noun¦customer¦NN¦ ¦t2.5¦determiner¦the¦DT¦) (¦t2.8¦verb¦decide¦VB¦ (¦t2.9¦preposition¦whether¦IN¦ (¦t2.11¦verb¦want¦VBZ¦CONDITION:null¦ ¦t2.10¦pronoun¦he¦PRP¦ (¦t2.16¦noun¦membership¦NN¦ ¦t2.12¦determiner¦a¦DT¦ (¦t2.13¦adjective¦individual¦JJ¦ (¦t2.14¦conjunction¦or¦CC¦ ¦t2.15¦noun¦family¦NN¦)))))) ¦t2.17¦punctuation¦.¦Fp¦), (¦t3.9¦verb¦must¦MD¦ (¦t3.1¦preposition¦if¦IN¦ (¦t3.3¦verb¦want¦VBZ¦CONDITION:null¦ ¦t3.2¦pronoun¦he¦PRP¦ (¦t3.6¦noun¦membership¦NN¦ ¦t3.4¦determiner¦a¦DT¦ ¦t3.5¦adjective¦individual¦JJ¦))) ¦t3.7¦punctuation¦,¦Fc¦ ¦t3.8¦pronoun¦he¦PRP¦ (¦t3.10¦verb¦prepare¦VB¦ACTIVITY:t3.13¦ (¦t3.13¦noun¦information¦NN¦ ¦t3.11¦pronoun¦his¦PRP$¦ ¦t3.12¦adjective¦personal¦JJ¦)) ¦t3.14¦punctuation¦.¦Fp¦), (¦t4.10¦verb¦should¦MD¦ (¦t4.1¦preposition¦if¦IN¦ (¦t4.3¦verb¦want¦VBZ¦CONDITION:null¦ ¦t4.2¦pronoun¦he¦PRP¦ (¦t4.6¦noun¦membership¦NN¦ ¦t4.4¦determiner¦a¦DT¦ ¦t4.5¦noun¦family¦NN¦) ¦t4.7¦adverb¦instead¦RB¦)) ¦t4.8¦punctuation¦,¦Fc¦ ¦t4.9¦pronoun¦he¦PRP¦ (¦t4.11¦verb¦prepare¦VB¦ACTIVITY:t4.13¦ (¦t4.13¦noun¦information¦NN¦ ¦t4.12¦determiner¦the¦DT¦) (¦t4.14¦preposition¦for¦IN¦ (¦t4.16¦noun¦spouse¦NN¦ ¦t4.15¦pronoun¦its¦PRP$¦)) (¦t4.17¦conjunction¦and¦CC¦ (¦t4.18¦verb¦spawn¦VB¦ ¦t4.19¦adverb¦as_well¦RB¦))) ¦t4.20¦punctuation¦.¦Fp¦), (¦t5.3¦verb¦must¦MD¦ (¦t5.2¦noun¦customer¦NN¦ ¦t5.1¦determiner¦the¦DT¦) ¦t5.4¦adverb¦then¦RB¦ (¦t5.5¦verb¦give¦VB¦ACTIVITY:t5.7¦ (¦t5.7¦noun¦information¦NN¦ ¦t5.6¦determiner¦this¦DT¦) (¦t5.8¦particle¦to¦TO¦ (¦t5.11¦noun¦department¦NN¦ ¦t5.9¦determiner¦the¦DT¦ ¦t5.10¦noun¦zooclub¦NP¦))) ¦t5.12¦punctuation¦.¦Fp¦), (¦t6.4¦verb¦introduce¦VBZ¦ACTIVITY:t6.9¦ (¦t6.3¦noun¦department¦NN¦ ¦t6.1¦determiner¦the¦DT¦ ¦t6.2¦noun¦zooclub¦NP¦) (¦t6.9¦noun¦data¦NNS¦ (¦t6.6¦noun¦visitor¦NN¦ ¦t6.5¦determiner¦the¦DT¦ ¦t6.7¦adposition¦'s¦POS¦) ¦t6.8¦adjective¦personal¦JJ¦) (¦t6.10¦preposition¦into¦IN¦ (¦t6.12¦noun¦system¦NN¦ ¦t6.11¦determiner¦the¦DT¦)) (¦t6.13¦conjunction¦and¦CC¦ (¦t6.14¦verb¦take¦VBZ¦ACTIVITY:t6.17¦ (¦t6.17¦noun¦request¦NN¦ ¦t6.15¦determiner¦the¦DT¦ ¦t6.16¦noun¦payment¦NN¦ (¦t6.18¦particle¦to¦TO¦ (¦t6.21¦noun¦department¦NN¦ ¦t6.19¦determiner¦the¦DT¦ ¦t6.20¦noun¦billing¦NP¦))))) ¦t6.22¦punctuation¦.¦Fp¦), (¦t7.5¦verb¦forward¦VBZ¦ACTIVITY:t7.9¦ (¦t7.3¦noun¦department¦NN¦ ¦t7.1¦determiner¦the¦DT¦ ¦t7.2¦noun¦zooclub¦NP¦) ¦t7.4¦adverb¦also¦RB¦ (¦t7.9¦noun¦information¦NN¦ (¦t7.7¦noun¦visitor¦NN¦ ¦t7.6¦determiner¦the¦DT¦ ¦t7.8¦adposition¦'s¦POS¦) (¦t7.10¦particle¦to¦TO¦ (¦t7.13¦noun¦department¦NN¦ ¦t7.11¦determiner¦the¦DT¦ ¦t7.12¦noun¦marketing¦NN¦))) ¦t7.14¦punctuation¦.¦Fp¦), (¦t8.4¦verb¦send¦VBZ¦ACTIVITY:t8.7¦ (¦t8.3¦noun¦department¦NN¦ ¦t8.1¦determiner¦the¦DT¦ ¦t8.2¦noun¦billing¦NN¦) (¦t8.7¦noun¦request¦NN¦ ¦t8.5¦determiner¦the¦DT¦ ¦t8.6¦noun¦payment¦NN¦ (¦t8.8¦particle¦to¦TO¦ (¦t8.10¦noun¦bank¦NN¦ ¦t8.9¦determiner¦the¦DT¦))) ¦t8.11¦punctuation¦.¦Fp¦), (¦t9.3¦verb¦process¦VBZ¦ACTIVITY:t9.6¦ (¦t9.2¦noun¦bank¦NN¦ ¦t9.1¦determiner¦the¦DT¦) (¦t9.6¦noun¦information¦NN¦ ¦t9.4¦determiner¦the¦DT¦ ¦t9.5¦noun¦payment¦NN¦) (¦t9.7¦conjunction¦and¦CC¦ (¦t9.14¦verb¦charge¦VBZ¦ACTIVITY:t9.16¦ ¦t9.8¦punctuation¦,¦Fc¦ (¦t9.9¦preposition¦if¦IN¦ (¦t9.11¦verb¦be¦VBZ¦CONDITION:null¦ ¦t9.10¦pronoun¦everything¦PRP¦ ¦t9.12¦adjective¦correct¦JJ¦)) ¦t9.13¦punctuation¦,¦Fc¦ (¦t9.16¦noun¦payment¦NN¦ ¦t9.15¦determiner¦the¦DT¦) (¦t9.17¦preposition¦into¦IN¦ (¦t9.20¦noun¦account¦NN¦ (¦t9.18¦noun¦user¦NN¦ ¦t9.19¦adposition¦'s¦POS¦))))) ¦t9.21¦punctuation¦.¦Fp¦), (¦t10.10¦verb¦can¦MD¦ (¦t10.1¦adverb¦once¦RB¦ (¦t10.4¦verb¦be¦VBZ¦ (¦t10.3¦noun¦payment¦NN¦ ¦t10.2¦determiner¦the¦DT¦) ¦t10.5¦verb¦confirm¦VBN¦ACTIVITY:t10.3¦)) ¦t10.6¦punctuation¦,¦Fc¦ (¦t10.9¦noun¦department¦NN¦ ¦t10.7¦determiner¦the¦DT¦ ¦t10.8¦noun¦zooclub¦NP¦) (¦t10.11¦verb¦print¦VB¦ACTIVITY:t10.13¦ (¦t10.13¦noun¦card¦NN¦ ¦t10.12¦determiner¦the¦DT¦) (¦t10.14¦conjunction¦and¦CC¦ (¦t10.15¦verb¦deliver¦VB¦ACTIVITY:t10.16¦ ¦t10.16¦pronoun¦it¦PRP¦ (¦t10.17¦particle¦to¦TO¦ (¦t10.19¦noun¦visitor¦NN¦ ¦t10.18¦determiner¦the¦DT¦))))) ¦t10.20¦punctuation¦.¦Fp¦), (¦t11.6¦verb¦make¦VBZ¦ACTIVITY:t11.8¦ ¦t11.1¦adverb¦in_the_meantime¦RB¦ ¦t11.2¦punctuation¦,¦Fc¦ (¦t11.5¦noun¦department¦NN¦ ¦t11.3¦determiner¦the¦DT¦ ¦t11.4¦noun¦marketing¦NP¦) (¦t11.8¦noun¦request¦NN¦ ¦t11.7¦determiner¦a¦DT¦ (¦t11.9¦particle¦to¦TO¦ (¦t11.10¦verb¦mail¦VB¦ACTIVITY:t11.14¦ (¦t11.14¦noun¦magazine¦NN¦ (¦t11.12¦noun¦zoo_club¦NP¦ ¦t11.11¦determiner¦the¦DT¦ ¦t11.13¦adposition¦'s¦POS¦)) (¦t11.15¦particle¦to¦TO¦ (¦t11.19¦noun¦home¦NN¦ (¦t11.17¦noun¦visitor¦NN¦ ¦t11.16¦determiner¦the¦DT¦ ¦t11.18¦adposition¦'s¦POS¦)))))) ¦t11.20¦punctuation¦.¦Fp¦), (¦t12.9¦verb¦can¦MD¦ (¦t12.1¦adverb¦once¦RB¦ (¦t12.4¦verb¦receive¦VBZ¦ACTIVITY:t12.6¦ (¦t12.3¦noun¦visitor¦NN¦ ¦t12.2¦determiner¦the¦DT¦) (¦t12.6¦noun¦card¦NN¦ ¦t12.5¦determiner¦the¦DT¦))) ¦t12.7¦punctuation¦,¦Fc¦ ¦t12.8¦pronoun¦he¦PRP¦ (¦t12.10¦verb¦go¦VB¦ACTIVITY:t12.11¦ ¦t12.11¦noun¦home¦NN¦) ¦t12.12¦punctuation¦.¦Fp¦)]