[(¦t1.6¦verb¦perceive¦VBZ¦ (¦t1.1¦preposition¦at¦IN¦ (¦t1.3¦verb¦begin¦VBG¦ ¦t1.2¦determiner¦the¦DT¦)) (¦t1.5¦noun¦customer¦NN¦ ¦t1.4¦determiner¦the¦DT¦) (¦t1.7¦preposition¦that¦IN¦ (¦t1.11¦verb¦have¦VBZ¦ (¦t1.10¦noun¦service¦NN¦ ¦t1.8¦pronoun¦her¦PRP$¦ ¦t1.9¦verb¦subscribe¦VBN¦ACTIVITY:t1.10¦) ¦t1.12¦verb¦degrade¦VBN¦)) ¦t1.13¦punctuation¦.¦Fp¦), (¦t2.8¦verb¦be¦VBZ¦ (¦t2.2¦noun¦list¦NN¦ ¦t2.1¦determiner¦a¦DT¦ (¦t2.3¦preposition¦with¦IN¦ (¦t2.7¦noun¦parameter¦NNS¦ ¦t2.4¦determiner¦all¦DT¦ ¦t2.5¦determiner¦the¦DT¦ ¦t2.6¦noun¦problem¦NN¦))) ¦t2.9¦adverb¦then¦RB¦ (¦t2.10¦verb¦send¦VBN¦ACTIVITY:t2.2¦ (¦t2.11¦particle¦to¦TO¦ (¦t2.14¦noun¦department¦NN¦ ¦t2.12¦determiner¦the¦DT¦ ¦t2.13¦noun¦customer_service¦NP¦ (¦t2.15¦preposition¦of¦IN¦ ¦t2.16¦noun¦teleco¦NP¦)))) ¦t2.17¦punctuation¦.¦Fp¦), (¦t3.7¦verb¦enter¦VBZ¦ (¦t3.1¦preposition¦at¦IN¦ (¦t3.4¦noun¦service¦NN¦ ¦t3.2¦determiner¦the¦DT¦ ¦t3.3¦noun¦customer¦NN¦)) (¦t3.6¦noun¦employee¦NN¦ ¦t3.5¦determiner¦a¦DT¦) (¦t3.8¦punctuation¦Fpa¦Fpa¦ (¦t3.9¦verb¦base¦VBN¦ (¦t3.10¦preposition¦on¦IN¦ (¦t3.13¦noun¦data¦NNS¦ ¦t3.11¦determiner¦the¦DT¦ ¦t3.12¦verb¦receive¦VBN¦ACTIVITY:t3.13¦) ¦t3.14¦punctuation¦Fpt¦Fpt¦ (¦t3.17¦noun¦report¦NN¦ACTIVITY:t3.18¦ ¦t3.15¦determiner¦a¦DT¦ ¦t3.16¦noun¦problem¦NN¦ (¦t3.18¦preposition¦into¦IN¦ ¦t3.19¦noun¦system¦NN¦ ¦t3.20¦noun¦t.¦NP¦))))) ¦t3.21¦punctuation¦.¦Fp¦), (¦t4.5¦verb¦be¦VBZ¦ ¦t4.1¦adverb¦then¦RB¦ (¦t4.4¦noun¦report¦NN¦ ¦t4.2¦determiner¦the¦DT¦ ¦t4.3¦noun¦problem¦NN¦) (¦t4.6¦verb¦compare¦VBN¦ACTIVITY:t4.4¦ (¦t4.7¦particle¦to¦TO¦ (¦t4.10¦noun¦sla¦NP¦ ¦t4.8¦determiner¦the¦DT¦ ¦t4.9¦noun¦customer¦NN¦)) (¦t4.11¦particle¦to¦TO¦ (¦t4.12¦verb¦identify¦VB¦ (¦t4.23¦verb¦be¦VBP¦ ¦t4.13¦pronoun¦what¦WP¦ (¦t4.15¦noun¦extent¦NN¦ ¦t4.14¦determiner¦the¦DT¦ (¦t4.16¦conjunction¦and¦CC¦ (¦t4.18¦noun¦detail¦NNS¦ ¦t4.17¦determiner¦the¦DT¦ (¦t4.19¦preposition¦of¦IN¦ (¦t4.22¦noun¦degradation¦NN¦ ¦t4.20¦determiner¦the¦DT¦ ¦t4.21¦noun¦service¦NN¦))))))))) ¦t4.24¦punctuation¦.¦Fp¦), (¦t5.9¦verb¦be¦VBP¦ (¦t5.1¦verb¦base¦VBN¦ (¦t5.2¦preposition¦on¦IN¦ ¦t5.3¦determiner¦this¦DT¦)) ¦t5.4¦punctuation¦,¦Fc¦ (¦t5.8¦noun¦measure¦NNS¦ ¦t5.5¦determiner¦the¦DT¦ ¦t5.6¦adjective¦necessary¦JJ¦ ¦t5.7¦noun¦counter¦NN¦) (¦t5.10¦verb¦determine¦VBN¦ACTIVITY:t5.8¦ (¦t5.11¦verb¦include¦VBG¦ACTIVITY:t5.14¦ (¦t5.14¦noun¦priority¦NNS¦ ¦t5.12¦pronoun¦their¦PRP$¦ ¦t5.13¦adjective¦respective¦JJ¦))) ¦t5.15¦punctuation¦.¦Fp¦), (¦t6.5¦verb¦determine¦VBZ¦ACTIVITY:t6.7¦ (¦t6.3¦noun¦service¦NN¦ ¦t6.1¦determiner¦a¦DT¦ ¦t6.2¦adjective¦electronic¦JJ¦) ¦t6.4¦adverb¦then¦RB¦ (¦t6.7¦noun¦significance¦NN¦ ¦t6.6¦determiner¦the¦DT¦ (¦t6.8¦preposition¦of¦IN¦ (¦t6.10¦noun¦customer¦NN¦ ¦t6.9¦determiner¦the¦DT¦ (¦t6.11¦verb¦base¦VBN¦ (¦t6.12¦preposition¦on¦IN¦ (¦t6.13¦noun¦information¦NN¦ (¦t6.15¦verb¦have¦VBZ¦ ¦t6.14¦determiner¦that¦WDT¦ (¦t6.16¦verb¦be¦VBN¦ (¦t6.17¦verb¦collect¦VBN¦ACTIVITY:t6.13¦ (¦t6.18¦preposition¦during¦IN¦ (¦t6.20¦noun¦history¦NN¦ACTIVITY:t6.21¦ ¦t6.19¦determiner¦the¦DT¦ (¦t6.21¦preposition¦of¦IN¦ (¦t6.24¦noun¦relationship¦NN¦ ¦t6.22¦determiner¦the¦DT¦ ¦t6.23¦adjective¦contractual¦JJ¦))))))))))))) ¦t6.25¦punctuation¦.¦Fp¦), (¦t7.4¦verb¦be¦VBZ¦ ¦t7.1¦conjunction¦in_case¦CC¦ (¦t7.3¦noun¦customer¦NN¦ ¦t7.2¦determiner¦the¦DT¦) ¦t7.5¦noun¦premium¦NN¦ (¦t7.9¦verb¦will¦MD¦ ¦t7.6¦punctuation¦,¦Fc¦ (¦t7.8¦noun¦process¦NN¦ ¦t7.7¦determiner¦the¦DT¦) (¦t7.10¦verb¦link¦VB¦ACTIVITY:t7.8¦ (¦t7.11¦particle¦to¦TO¦ (¦t7.16¦noun¦process¦NN¦ ¦t7.12¦determiner¦a¦DT¦ (¦t7.15¦noun¦fix¦NN¦ (¦t7.14¦noun¦problem¦NN¦ ¦t7.13¦adjective¦extra¦JJ¦))))) (¦t7.20¦verb¦will¦MD¦ ¦t7.17¦punctuation¦Fpa¦Fpa¦ (¦t7.19¦noun¦process¦NN¦ ¦t7.18¦determiner¦this¦DT¦) ¦t7.21¦adverb¦not¦RB¦ (¦t7.22¦verb¦be¦VB¦ (¦t7.23¦verb¦detail¦VBN¦ACTIVITY:t7.19¦ ¦t7.24¦adverb¦here¦RB¦)) ¦t7.25¦punctuation¦Fpt¦Fpt¦)) ¦t7.26¦punctuation¦.¦Fp¦), (¦t8.4¦verb¦be¦VBZ¦ ¦t8.1¦conjunction¦in_case¦CC¦ (¦t8.3¦noun¦customer¦NN¦ ¦t8.2¦determiner¦the¦DT¦) (¦t8.5¦preposition¦of¦IN¦ (¦t8.7¦noun¦significance¦NN¦ ¦t8.6¦adjective¦certain¦JJ¦ (¦t8.9¦verb¦would¦MD¦ ¦t8.8¦determiner¦which¦WDT¦ (¦t8.10¦verb¦affect¦VB¦ (¦t8.12¦noun¦counter¦NN¦ ¦t8.11¦determiner¦the¦DT¦) (¦t8.13¦verb¦measure¦VBZ¦ ¦t8.14¦adverb¦previously¦RB¦ (¦t8.15¦verb¦decide¦VBN¦ (¦t8.16¦preposition¦upon¦IN¦ (¦t8.20¦verb¦go¦VBZ¦ACTIVITY:t8.19¦ ¦t8.17¦punctuation¦,¦Fc¦ (¦t8.19¦noun¦process¦NN¦ ¦t8.18¦determiner¦the¦DT¦) (¦t8.21¦adverb¦back¦RB¦ (¦t8.22¦particle¦to¦TO¦ (¦t8.23¦verb¦re-prioritize¦VB¦ACTIVITY:t8.25¦ (¦t8.25¦noun¦measure¦NNS¦ ¦t8.24¦determiner¦these¦DT¦) (¦t8.26¦adverb¦otherwise¦RB¦CONDITION:null¦ (¦t8.29¦verb¦continue¦VBZ¦ACTIVITY:t8.28¦ (¦t8.28¦noun¦process¦NN¦ ¦t8.27¦determiner¦the¦DT¦)))))))))))))) ¦t8.30¦punctuation¦.¦Fp¦), (¦t9.18¦verb¦be¦VBZ¦ (¦t9.1¦verb¦take¦VBG¦ACTIVITY:t9.4¦ ¦t9.2¦particle¦together¦RP¦ (¦t9.4¦noun¦information¦NN¦ ¦t9.3¦determiner¦the¦DT¦ (¦t9.10¦null¦+¦Fz¦ ¦t9.5¦punctuation¦Fpa¦Fpa¦ (¦t9.9¦noun¦data¦NNS¦ (¦t9.8¦noun¦commitment¦NN¦ ¦t9.6¦adverb¦i.e.¦RB¦ ¦t9.7¦noun¦contract¦NN¦)))) (¦t9.12¦noun¦action¦NNS¦ ¦t9.11¦verb¦prioritize¦VBN¦ACTIVITY:t9.12¦ ¦t9.13¦punctuation¦Fpt¦Fpt¦)) (¦t9.17¦noun¦report¦NN¦ ¦t9.14¦determiner¦a¦DT¦ ¦t9.15¦verb¦detail¦VBN¦ACTIVITY:t9.17¦ ¦t9.16¦noun¦problem¦NN¦) ¦t9.19¦verb¦create¦VBN¦ACTIVITY:t9.17¦ ¦t9.20¦punctuation¦.¦Fp¦), (¦t10.5¦verb¦be¦VBZ¦ (¦t10.4¦noun¦report¦NN¦ ¦t10.1¦determiner¦the¦DT¦ ¦t10.2¦verb¦detail¦VBN¦ACTIVITY:t10.4¦ ¦t10.3¦noun¦problem¦NN¦) ¦t10.6¦adverb¦then¦RB¦ (¦t10.7¦verb¦send¦VBN¦ACTIVITY:t10.4¦ (¦t10.8¦particle¦to¦TO¦ ¦t10.9¦noun¦service_management¦NP¦)) ¦t10.10¦punctuation¦.¦Fp¦), (¦t11.3¦noun¦deal¦NNS¦ ¦t11.1¦noun¦service¦NN¦ ¦t11.2¦noun¦management¦NP¦ (¦t11.4¦preposition¦on¦IN¦ (¦t11.7¦noun¦level¦NN¦ ¦t11.5¦determiner¦a¦DT¦ ¦t11.6¦adjective¦1¦JJ¦ (¦t11.8¦preposition¦with¦IN¦ (¦t11.9¦noun¦violation¦NNS¦ (¦t11.10¦preposition¦of¦IN¦ ¦t11.11¦noun¦quality¦NN¦) (¦t11.12¦preposition¦in¦IN¦ ¦t11.13¦noun¦service¦NNS¦) (¦t11.15¦verb¦be¦VBP¦ ¦t11.14¦determiner¦that¦WDT¦ (¦t11.16¦verb¦provide¦VBN¦ (¦t11.17¦particle¦to¦TO¦ ¦t11.18¦noun¦customer¦NNS¦))))))) ¦t11.19¦punctuation¦.¦Fp¦), (¦t12.10¦verb¦investigate¦VBZ¦ (¦t12.1¦preposition¦after¦IN¦ (¦t12.2¦verb¦receive¦VBG¦ACTIVITY:t12.6¦ (¦t12.6¦noun¦report¦NN¦ ¦t12.3¦determiner¦the¦DT¦ ¦t12.4¦verb¦detail¦VBN¦ACTIVITY:t12.6¦ ¦t12.5¦noun¦problem¦NN¦))) ¦t12.7¦punctuation¦,¦Fc¦ (¦t12.9¦noun¦management¦NN¦ ¦t12.8¦noun¦service¦NP¦) (¦t12.11¦preposition¦whether¦IN¦ (¦t12.14¦verb¦be¦VBZ¦CONDITION:null¦ (¦t12.13¦noun¦problem¦NN¦ ¦t12.12¦determiner¦the¦DT¦) ¦t12.15¦adjective¦analyzable¦JJ¦ (¦t12.16¦preposition¦at¦IN¦ (¦t12.18¦noun¦level¦NN¦ ¦t12.17¦determiner¦the¦DT¦ (¦t12.19¦preposition¦of¦IN¦ (¦t12.21¦noun¦department¦NN¦ ¦t12.20¦pronoun¦their¦PRP$¦))) (¦t12.22¦conjunction¦or¦CC¦ (¦t12.23¦preposition¦whether¦IN¦ (¦t12.26¦verb¦may¦MD¦CONDITION:null¦ (¦t12.25¦noun¦problem¦NN¦ ¦t12.24¦determiner¦the¦DT¦) (¦t12.27¦verb¦be¦VB¦ (¦t12.28¦verb¦locate¦VBN¦ACTIVITY:t12.25¦ (¦t12.29¦preposition¦at¦IN¦ ¦t12.30¦noun¦resource_provisioning¦NP¦))))))))) ¦t12.31¦punctuation¦.¦Fp¦), (¦t13.3¦verb¦assess¦VBZ¦ACTIVITY:t13.5¦ ¦t13.1¦conjunction¦in_case¦CC¦ ¦t13.2¦noun¦service_management¦NP¦ (¦t13.5¦noun¦problem¦NN¦ ¦t13.4¦determiner¦the¦DT¦) (¦t13.6¦particle¦to¦TO¦ (¦t13.7¦verb¦be¦VB¦ (¦t13.9¦adjective¦analyzable¦JJ¦ ¦t13.8¦adverb¦not¦RB¦ (¦t13.10¦preposition¦by¦IN¦ ¦t13.11¦pronoun¦themselves¦PRP¦ (¦t13.17¦verb¦be¦VBZ¦ ¦t13.12¦punctuation¦,¦Fc¦ (¦t13.16¦noun¦report¦NN¦ ¦t13.13¦determiner¦the¦DT¦ ¦t13.14¦verb¦detail¦VBN¦ACTIVITY:t13.16¦ ¦t13.15¦noun¦problem¦NN¦) (¦t13.18¦verb¦send¦VBN¦ACTIVITY:t13.16¦ ¦t13.19¦particle¦out¦RP¦ (¦t13.20¦particle¦to¦TO¦ ¦t13.21¦noun¦resource_provisioning¦NP¦))))))) ¦t13.22¦punctuation¦.¦Fp¦), (¦t14.11¦verb¦perform¦VBP¦ACTIVITY:t14.13¦ (¦t14.1¦preposition¦if¦IN¦ (¦t14.3¦verb¦be¦VBZ¦CONDITION:null¦ ¦t14.2¦noun¦service_management¦NP¦ (¦t14.4¦adjective¦sure¦JJ¦ (¦t14.6¦verb¦can¦MD¦ ¦t14.5¦pronoun¦they¦PRP¦ (¦t14.7¦verb¦analyze¦VB¦ACTIVITY:t14.8¦ ¦t14.8¦pronoun¦it¦PRP¦))))) ¦t14.9¦punctuation¦,¦Fc¦ ¦t14.10¦pronoun¦they¦PRP¦ (¦t14.13¦noun¦analysis¦NN¦ ¦t14.12¦determiner¦the¦DT¦) (¦t14.14¦conjunction¦and¦CC¦ (¦t14.15¦verb¦base¦VBN¦ (¦t14.16¦preposition¦on¦IN¦ (¦t14.18¦noun¦outcome¦NN¦ ¦t14.17¦determiner¦the¦DT¦ (¦t14.20¦verb¦create¦VBP¦ACTIVITY:t14.18¦ ¦t14.19¦pronoun¦they¦PRP¦ (¦t14.23¦noun¦report¦NN¦ ¦t14.21¦determiner¦a¦DT¦ ¦t14.22¦noun¦trouble¦NN¦ (¦t14.25¦verb¦indicate¦VBZ¦ACTIVITY:t14.27¦ ¦t14.24¦determiner¦that¦WDT¦ (¦t14.27¦noun¦type¦NN¦ ¦t14.26¦determiner¦the¦DT¦ (¦t14.28¦preposition¦of¦IN¦ ¦t14.29¦noun¦problem¦NN¦))))))))) ¦t14.30¦punctuation¦.¦Fp¦), (¦t15.10¦verb¦be¦VBZ¦ (¦t15.1¦preposition¦after¦IN¦ (¦t15.3¦verb¦receive¦VBZ¦ACTIVITY:t15.7¦ ¦t15.2¦noun¦resource_provisioning¦NP¦ (¦t15.7¦noun¦report¦NN¦ ¦t15.4¦determiner¦the¦DT¦ ¦t15.5¦verb¦detail¦VBN¦ACTIVITY:t15.7¦ ¦t15.6¦noun¦problem¦NN¦))) ¦t15.8¦punctuation¦,¦Fc¦ ¦t15.9¦pronoun¦it¦PRP¦ (¦t15.11¦verb¦check¦VBN¦ACTIVITY:t15.9¦ (¦t15.12¦preposition¦whether¦IN¦ (¦t15.14¦verb¦be¦VBP¦CONDITION:null¦ ¦t15.13¦pronoun¦there¦EX¦ (¦t15.17¦noun¦problem¦NNS¦ ¦t15.15¦determiner¦any¦DT¦ ¦t15.16¦adjective¦possible¦JJ¦)))) ¦t15.18¦punctuation¦.¦Fp¦), (¦t16.14¦verb¦be¦VBZ¦ (¦t16.1¦preposition¦if¦IN¦ (¦t16.4¦verb¦be¦VBP¦CONDITION:null¦ (¦t16.3¦noun¦problem¦NNS¦ ¦t16.2¦determiner¦no¦DT¦) ¦t16.5¦verb¦detect¦VBN¦ACTIVITY:t16.3¦)) ¦t16.6¦punctuation¦,¦Fc¦ (¦t16.8¦noun¦notification¦NN¦ ¦t16.7¦determiner¦a¦DT¦ (¦t16.9¦preposition¦about¦IN¦ (¦t16.13¦noun¦execution¦NN¦ ¦t16.10¦determiner¦the¦DT¦ ¦t16.11¦adjective¦normal¦JJ¦ ¦t16.12¦noun¦service¦NN¦))) ¦t16.15¦verb¦create¦VBN¦ACTIVITY:t16.8¦ ¦t16.16¦punctuation¦.¦Fp¦), (¦t17.7¦verb¦will¦MD¦ (¦t17.1¦preposition¦if¦IN¦ (¦t17.4¦verb¦be¦VBZ¦CONDITION:null¦ (¦t17.3¦noun¦problem¦NN¦ ¦t17.2¦determiner¦a¦DT¦) ¦t17.5¦verb¦detect¦VBN¦ACTIVITY:t17.3¦)) ¦t17.6¦determiner¦this¦DT¦ (¦t17.8¦verb¦be¦VB¦ (¦t17.9¦verb¦analyze¦VBN¦ (¦t17.10¦preposition¦by¦IN¦ (¦t17.11¦noun¦resource_provisioning¦NP¦ (¦t17.12¦conjunction¦and¦CC¦ (¦t17.16¦verb¦be¦VBZ¦ (¦t17.15¦noun¦report¦NN¦ ¦t17.13¦determiner¦a¦DT¦ ¦t17.14¦noun¦trouble¦NN¦) ¦t17.17¦verb¦create¦VBN¦ACTIVITY:t17.15¦)))))) ¦t17.18¦punctuation¦.¦Fp¦), (¦t18.9¦verb¦will¦MD¦ (¦t18.3¦noun¦report¦NN¦ ¦t18.1¦determiner¦either¦DT¦ ¦t18.2¦noun¦trouble¦NN¦ (¦t18.4¦conjunction¦or¦CC¦ (¦t18.8¦noun¦notification¦NN¦ACTIVITY:t18.7¦ ¦t18.5¦determiner¦the¦DT¦ ¦t18.6¦adjective¦normal¦JJ¦ ¦t18.7¦noun¦execution¦NN¦))) (¦t18.10¦verb¦be¦VB¦ (¦t18.11¦verb¦include¦VBN¦ACTIVITY:t18.3¦ (¦t18.12¦preposition¦in¦IN¦ (¦t18.15¦noun¦report¦NN¦ACTIVITY:t18.14¦ ¦t18.13¦determiner¦a¦DT¦ ¦t18.14¦noun¦status¦NN¦)) (¦t18.16¦conjunction¦and¦CC¦ (¦t18.17¦verb¦send¦VBD¦ ¦t18.18¦particle¦back¦RP¦ (¦t18.19¦particle¦to¦TO¦ ¦t18.20¦noun¦service_management¦NP¦))))) ¦t18.21¦punctuation¦.¦Fp¦), (¦t19.4¦verb¦prepare¦VBZ¦ACTIVITY:t19.8¦ (¦t19.2¦noun¦management¦NP¦ACTIVITY:t19.1¦ ¦t19.1¦noun¦service¦NN¦) ¦t19.3¦adverb¦then¦RB¦ (¦t19.8¦noun¦report¦NN¦ ¦t19.5¦determiner¦the¦DT¦ ¦t19.6¦adjective¦final¦JJ¦ ¦t19.7¦noun¦status¦NN¦ (¦t19.9¦verb¦base¦VBN¦ (¦t19.10¦preposition¦on¦IN¦ (¦t19.13¦noun¦information¦NN¦ ¦t19.11¦determiner¦the¦DT¦ ¦t19.12¦verb¦receive¦VBN¦ACTIVITY:t19.13¦)))) ¦t19.14¦punctuation¦.¦Fp¦), (¦t20.3¦verb¦have¦VBZ¦ ¦t20.1¦adverb¦subsequently¦RB¦ ¦t20.2¦pronoun¦it¦PRP¦ (¦t20.4¦particle¦to¦TO¦ (¦t20.5¦verb¦be¦VB¦ (¦t20.6¦verb¦determine¦VBN¦ (¦t20.8¦verb¦counter¦VBP¦ ¦t20.7¦pronoun¦what¦WP¦ (¦t20.10¦verb¦should¦MD¦ ¦t20.9¦noun¦measure¦NNS¦ (¦t20.11¦verb¦be¦VB¦ (¦t20.12¦verb¦take¦VBN¦ACTIVITY:t20.9¦ (¦t20.13¦verb¦depend¦VBG¦ACTIVITY:t20.14¦ (¦t20.14¦preposition¦on¦IN¦ (¦t20.16¦noun¦information¦NN¦ ¦t20.15¦determiner¦the¦DT¦ (¦t20.17¦preposition¦in¦IN¦ (¦t20.21¦noun¦report¦NN¦ACTIVITY:t20.20¦ ¦t20.18¦determiner¦the¦DT¦ ¦t20.19¦adjective¦final¦JJ¦ ¦t20.20¦noun¦status¦NN¦)))))))))))) ¦t20.22¦punctuation¦.¦Fp¦), (¦t21.5¦verb¦may¦MD¦ (¦t21.4¦noun¦path¦NNS¦ ¦t21.1¦number¦3¦Z¦ ¦t21.2¦adjective¦alternative¦JJ¦ ¦t21.3¦noun¦process¦NN¦) (¦t21.6¦verb¦be¦VB¦ ¦t21.7¦verb¦take¦VBN¦ACTIVITY:t21.4¦) ¦t21.8¦punctuation¦.¦Fp¦), (¦t22.16¦verb¦be¦VBZ¦ (¦t22.1¦preposition¦for¦IN¦ (¦t22.3¦noun¦case¦NN¦ ¦t22.2¦determiner¦the¦DT¦ (¦t22.4¦preposition¦that¦IN¦ (¦t22.7¦verb¦be¦VBD¦ (¦t22.6¦noun¦problem¦NN¦ ¦t22.5¦determiner¦no¦DT¦) (¦t22.8¦verb¦detect¦VBN¦ACTIVITY:t22.6¦ (¦t22.9¦preposition¦at¦IN¦ ¦t22.10¦determiner¦all¦DT¦)))))) ¦t22.11¦punctuation¦,¦Fc¦ (¦t22.15¦noun¦performance¦NN¦ ¦t22.12¦determiner¦the¦DT¦ ¦t22.13¦adjective¦actual¦JJ¦ ¦t22.14¦noun¦service¦NN¦) (¦t22.17¦verb¦send¦VBN¦ACTIVITY:t22.15¦ ¦t22.18¦particle¦back¦RP¦ (¦t22.19¦particle¦to¦TO¦ (¦t22.21¦noun¦customer_service¦NP¦ ¦t22.20¦determiner¦the¦DT¦))) ¦t22.22¦punctuation¦.¦Fp¦), (¦t23.12¦verb¦will¦MD¦ (¦t23.1¦preposition¦for¦IN¦ (¦t23.3¦noun¦case¦NN¦ ¦t23.2¦determiner¦the¦DT¦ (¦t23.4¦preposition¦that¦IN¦ (¦t23.8¦verb¦be¦VBP¦ (¦t23.7¦noun¦action¦NNS¦ ¦t23.5¦adjective¦minor¦JJ¦ ¦t23.6¦adjective¦corrective¦JJ¦) ¦t23.9¦verb¦require¦VBN¦ACTIVITY:t23.7¦)))) ¦t23.10¦punctuation¦,¦Fc¦ ¦t23.11¦noun¦service_management¦NP¦ (¦t23.13¦verb¦undertake¦VB¦ACTIVITY:t23.15¦ (¦t23.15¦noun¦action¦NNS¦ ¦t23.14¦adjective¦corrective¦JJ¦) (¦t23.16¦preposition¦by¦IN¦ ¦t23.17¦pronoun¦themselves¦PRP¦)) ¦t23.18¦punctuation¦.¦Fp¦), (¦t24.7¦verb¦be¦VBZ¦ ¦t24.1¦adverb¦subsequently¦RB¦ ¦t24.2¦punctuation¦,¦Fc¦ (¦t24.6¦noun¦report¦NN¦ ¦t24.3¦determiner¦the¦DT¦ (¦t24.5¦noun¦resolution¦NN¦ ¦t24.4¦noun¦problem¦NN¦)) ¦t24.8¦verb¦create¦VBN¦ACTIVITY:t24.6¦ (¦t24.9¦conjunction¦and¦CC¦ (¦t24.11¦verb¦send¦VBD¦ ¦t24.10¦adverb¦then¦RB¦ ¦t24.12¦particle¦out¦RP¦ (¦t24.13¦particle¦to¦TO¦ ¦t24.14¦noun¦customer_service¦NP¦))) ¦t24.15¦punctuation¦.¦Fp¦), (¦t25.9¦verb¦end¦VBZ¦ACTIVITY:t25.6¦ (¦t25.1¦preposition¦after¦IN¦ ¦t25.2¦verb¦send¦VBG¦) ¦t25.3¦punctuation¦,¦Fc¦ (¦t25.6¦noun¦path¦NN¦ ¦t25.4¦determiner¦this¦DT¦ ¦t25.5¦noun¦process¦NN¦ (¦t25.7¦preposition¦of¦IN¦ ¦t25.8¦noun¦service_management¦NP¦)) ¦t25.10¦punctuation¦.¦Fp¦), (¦t26.14¦verb¦must¦MD¦ (¦t26.1¦preposition¦for¦IN¦ (¦t26.3¦noun¦case¦NN¦ ¦t26.2¦determiner¦the¦DT¦ (¦t26.4¦preposition¦that¦IN¦ (¦t26.10¦verb¦be¦VBZ¦ (¦t26.7¦noun¦restoration¦NN¦ ¦t26.5¦adjective¦automatic¦JJ¦ ¦t26.6¦noun¦resource¦NN¦ (¦t26.8¦preposition¦from¦IN¦ ¦t26.9¦noun¦resource_provisioning¦NP¦)) ¦t26.11¦verb¦require¦VBN¦ACTIVITY:t26.7¦)))) ¦t26.12¦punctuation¦,¦Fc¦ ¦t26.13¦noun¦service_management¦NP¦ (¦t26.15¦verb¦create¦VB¦ACTIVITY:t26.17¦ (¦t26.17¦noun¦request¦NN¦ ¦t26.16¦determiner¦a¦DT¦ (¦t26.18¦preposition¦for¦IN¦ (¦t26.21¦noun¦restoration¦NN¦ ¦t26.19¦adjective¦automatic¦JJ¦ ¦t26.20¦noun¦resource¦NN¦)))) ¦t26.22¦punctuation¦.¦Fp¦), (¦t27.3¦verb¦be¦VBZ¦ (¦t27.2¦noun¦message¦NN¦ ¦t27.1¦determiner¦this¦DT¦) ¦t27.4¦adverb¦then¦RB¦ (¦t27.5¦verb¦send¦VBN¦ACTIVITY:t27.2¦ (¦t27.6¦particle¦to¦TO¦ ¦t27.7¦noun¦resource_provisioning¦NP¦)) ¦t27.8¦punctuation¦.¦Fp¦), (¦t28.3¦verb¦have¦VBZ¦ (¦t28.2¦noun¦provisioning¦NP¦ ¦t28.1¦noun¦resource¦NN¦) (¦t28.4¦verb¦be¦VBN¦ ¦t28.5¦noun¦on_hold¦NN¦) (¦t28.6¦conjunction¦and¦CC¦ (¦t28.7¦verb¦wait¦VBG¦ACTIVITY:t28.8¦ (¦t28.8¦preposition¦for¦IN¦ (¦t28.11¦noun¦request¦NN¦ACTIVITY:t28.10¦ ¦t28.9¦determiner¦a¦DT¦ ¦t28.10¦noun¦restoration¦NN¦)))) (¦t28.12¦conjunction¦but¦CC¦ (¦t28.14¦verb¦must¦MD¦ ¦t28.13¦determiner¦this¦DT¦ (¦t28.15¦verb¦happen¦VB¦ (¦t28.16¦preposition¦within¦IN¦ (¦t28.18¦noun¦day¦NNS¦ ¦t28.17¦number¦2¦Z¦)) (¦t28.19¦preposition¦after¦IN¦ (¦t28.23¦verb¦be¦VBD¦ (¦t28.22¦noun¦report¦NN¦ ¦t28.20¦determiner¦the¦DT¦ ¦t28.21¦noun¦status¦NN¦) (¦t28.24¦verb¦send¦VBN¦ACTIVITY:t28.22¦ ¦t28.25¦particle¦out¦RP¦ ¦t28.26¦punctuation¦,¦Fc¦ (¦t28.27¦adverb¦otherwise¦RB¦CONDITION:null¦ (¦t28.29¦verb¦terminate¦VBZ¦ACTIVITY:t28.31¦ ¦t28.28¦noun¦resource_provisioning¦NP¦ (¦t28.31¦noun¦process¦NN¦ ¦t28.30¦determiner¦the¦DT¦))))))))) ¦t28.32¦punctuation¦.¦Fp¦), (¦t29.11¦verb¦be¦VBP¦ (¦t29.1¦preposition¦after¦IN¦ (¦t29.5¦verb¦be¦VBZ¦ (¦t29.4¦noun¦request¦NN¦ ¦t29.2¦determiner¦the¦DT¦ ¦t29.3¦noun¦restoration¦NN¦) ¦t29.6¦verb¦receive¦VBN¦ACTIVITY:t29.4¦)) ¦t29.7¦punctuation¦,¦Fc¦ (¦t29.10¦noun¦error¦NNS¦ ¦t29.8¦determiner¦all¦DT¦ ¦t29.9¦adjective¦possible¦JJ¦) ¦t29.12¦verb¦track¦VBN¦ACTIVITY:t29.10¦ ¦t29.13¦punctuation¦.¦Fp¦), (¦t30.11¦verb¦be¦VBP¦ (¦t30.1¦verb¦base¦VBN¦ (¦t30.2¦preposition¦on¦IN¦ (¦t30.5¦noun¦error¦NNS¦ ¦t30.3¦determiner¦the¦DT¦ ¦t30.4¦verb¦track¦VBN¦ACTIVITY:t30.5¦))) ¦t30.6¦punctuation¦,¦Fc¦ (¦t30.10¦noun¦action¦NNS¦ ¦t30.7¦determiner¦all¦DT¦ ¦t30.8¦adjective¦necessary¦JJ¦ ¦t30.9¦adjective¦corrective¦JJ¦) (¦t30.12¦verb¦undertake¦VBN¦ACTIVITY:t30.10¦ (¦t30.13¦preposition¦by¦IN¦ ¦t30.14¦noun¦resource_provisioning¦NP¦)) ¦t30.15¦punctuation¦.¦Fp¦), (¦t31.5¦verb¦be¦VBZ¦ ¦t31.1¦adverb¦then¦RB¦ (¦t31.4¦noun¦report¦NN¦ ¦t31.2¦determiner¦a¦DT¦ ¦t31.3¦noun¦trouble-shooting¦NN¦) ¦t31.6¦verb¦create¦VBN¦ACTIVITY:t31.4¦ ¦t31.7¦punctuation¦.¦Fp¦), (¦t32.3¦verb¦be¦VBZ¦ (¦t32.2¦noun¦report¦NN¦ ¦t32.1¦determiner¦this¦DT¦) (¦t32.4¦verb¦send¦VBN¦ACTIVITY:t32.2¦ ¦t32.5¦particle¦out¦RP¦ (¦t32.6¦particle¦to¦TO¦ ¦t32.7¦noun¦service_management¦NP¦)) ¦t32.8¦punctuation¦;¦Fx¦ (¦t32.12¦verb¦end¦VBZ¦ACTIVITY:t32.11¦ (¦t32.11¦noun¦process¦NN¦ ¦t32.9¦adverb¦then¦RB¦ ¦t32.10¦determiner¦the¦DT¦)) ¦t32.13¦punctuation¦.¦Fp¦), (¦t33.4¦verb¦be¦VBZ¦ (¦t33.3¦noun¦report¦NN¦ ¦t33.1¦determiner¦the¦DT¦ ¦t33.2¦noun¦trouble-shooting¦NN¦) (¦t33.5¦verb¦receive¦VBN¦ACTIVITY:t33.3¦ (¦t33.6¦preposition¦by¦IN¦ (¦t33.7¦noun¦service_management¦NP¦ (¦t33.8¦conjunction¦and¦CC¦ (¦t33.11¦verb¦go¦VBZ¦ACTIVITY:t33.10¦ (¦t33.10¦noun¦information¦NN¦ ¦t33.9¦determiner¦this¦DT¦) ¦t33.12¦adverb¦then¦RB¦ (¦t33.13¦preposition¦into¦IN¦ (¦t33.15¦noun¦creation¦NN¦ ¦t33.14¦determiner¦the¦DT¦ (¦t33.16¦preposition¦of¦IN¦ (¦t33.20¦noun¦report¦NN¦ACTIVITY:t33.19¦ ¦t33.17¦determiner¦the¦DT¦ (¦t33.19¦noun¦resolution¦NN¦ ¦t33.18¦noun¦problem¦NN¦))))) (¦t33.22¦preposition¦as¦IN¦ ¦t33.21¦adverb¦just¦RB¦ (¦t33.23¦verb¦describe¦VBN¦ACTIVITY:t33.24¦ (¦t33.24¦preposition¦for¦IN¦ ¦t33.25¦noun¦ii¦NN¦)) ¦t33.26¦punctuation¦Fpt¦Fpt¦)))))) ¦t33.27¦punctuation¦.¦Fp¦), (¦t34.4¦verb¦receive¦VBZ¦CONDITION:null¦ (¦t34.2¦noun¦service¦NP¦ ¦t34.1¦noun¦customer¦NN¦) ¦t34.3¦adverb¦either¦RB¦ (¦t34.8¦noun¦performance¦NN¦ ¦t34.5¦determiner¦the¦DT¦ ¦t34.6¦adjective¦actual¦JJ¦ ¦t34.7¦noun¦service¦NN¦ (¦t34.10¦preposition¦if¦IN¦ ¦t34.9¦punctuation¦Fpa¦Fpa¦ (¦t34.12¦verb¦be¦VBD¦ ¦t34.11¦pronoun¦there¦EX¦ (¦t34.14¦noun¦problem¦NN¦ ¦t34.13¦determiner¦no¦DT¦)) ¦t34.15¦punctuation¦Fpt¦Fpt¦) (¦t34.16¦conjunction¦or¦CC¦ (¦t34.20¦noun¦report¦NN¦ACTIVITY:t34.19¦ ¦t34.17¦determiner¦the¦DT¦ (¦t34.19¦noun¦resolution¦NN¦ ¦t34.18¦noun¦problem¦NN¦)))) ¦t34.21¦punctuation¦.¦Fp¦), (¦t35.14¦verb¦be¦VBZ¦ ¦t35.1¦adverb¦then¦RB¦ (¦t35.6¦verb¦be¦VBP¦ ¦t35.2¦punctuation¦,¦Fc¦ (¦t35.5¦noun¦activity¦NNS¦ ¦t35.3¦number¦2¦Z¦ ¦t35.4¦adjective¦concurrent¦JJ¦) (¦t35.7¦verb¦trigger¦VBN¦ACTIVITY:t35.5¦ ¦t35.8¦punctuation¦,¦Fc¦ (¦t35.10¦pronoun¦i¦PRP¦ ¦t35.9¦adverb¦i.e.¦RB¦)) ¦t35.11¦punctuation¦Fpt¦Fpt¦) (¦t35.13¦noun¦report¦NN¦ ¦t35.12¦determiner¦a¦DT¦) (¦t35.15¦verb¦create¦VBN¦ACTIVITY:t35.13¦ (¦t35.16¦preposition¦for¦IN¦ (¦t35.18¦noun¦customer¦NN¦ ¦t35.17¦determiner¦the¦DT¦) ¦t35.19¦determiner¦which¦WDT¦ ¦t35.20¦noun¦detail¦NNS¦ (¦t35.24¦noun¦performance¦NN¦ ¦t35.21¦determiner¦the¦DT¦ ¦t35.22¦adjective¦current¦JJ¦ ¦t35.23¦noun¦service¦NN¦ (¦t35.25¦conjunction¦and¦CC¦ (¦t35.27¦noun¦resolution¦NN¦ACTIVITY:t35.28¦ ¦t35.26¦determiner¦the¦DT¦ (¦t35.28¦preposition¦of¦IN¦ (¦t35.30¦noun¦problem¦NN¦ ¦t35.29¦determiner¦the¦DT¦))))))) ¦t35.31¦punctuation¦,¦Fc¦ (¦t35.32¦conjunction¦and¦CC¦ (¦t35.33¦noun¦ii¦NN¦ ¦t35.34¦punctuation¦Fpt¦Fpt¦) (¦t35.39¦verb¦be¦VBZ¦ (¦t35.38¦noun¦rebate¦NN¦ ¦t35.35¦determiner¦a¦DT¦ (¦t35.37¦noun¦violation¦NN¦ ¦t35.36¦noun¦sla¦NP¦)) (¦t35.40¦verb¦report¦VBN¦ACTIVITY:t35.38¦ (¦t35.41¦particle¦to¦TO¦ (¦t35.42¦noun¦billing_&_collections¦NP¦ (¦t35.44¦verb¦will¦MD¦ ¦t35.43¦pronoun¦who¦WP¦ (¦t35.45¦verb¦adjust¦VB¦ACTIVITY:t35.47¦ (¦t35.47¦noun¦billing¦NN¦ ¦t35.46¦determiner¦the¦DT¦)))))))) ¦t35.48¦punctuation¦.¦Fp¦), (¦t36.6¦verb¦be¦VBZ¦ (¦t36.2¦noun¦report¦NN¦ ¦t36.1¦determiner¦the¦DT¦ (¦t36.3¦preposition¦for¦IN¦ (¦t36.5¦noun¦customer¦NN¦ ¦t36.4¦determiner¦the¦DT¦))) (¦t36.7¦verb¦send¦VBN¦ACTIVITY:t36.2¦ ¦t36.8¦particle¦out¦RP¦ (¦t36.9¦particle¦to¦TO¦ ¦t36.10¦pronoun¦her¦PRP$¦)) ¦t36.11¦punctuation¦.¦Fp¦), (¦t37.9¦verb¦end¦VBZ¦ACTIVITY:t37.8¦ (¦t37.1¦preposition¦after¦IN¦ (¦t37.5¦verb¦be¦VBP¦ (¦t37.4¦noun¦activity¦NNS¦ ¦t37.2¦determiner¦all¦DT¦ ¦t37.3¦number¦3¦Z¦) ¦t37.6¦verb¦complete¦VBN¦ACTIVITY:t37.4¦)) (¦t37.8¦noun¦process¦NN¦ ¦t37.7¦determiner¦the¦DT¦) (¦t37.10¦preposition¦within¦IN¦ ¦t37.11¦noun¦customer_service¦NP¦) ¦t37.12¦punctuation¦.¦Fp¦), (¦t38.24¦verb¦end¦VBZ¦ACTIVITY:t38.19¦ (¦t38.1¦preposition¦after¦IN¦ (¦t38.5¦verb¦receive¦VBZ¦ACTIVITY:t38.7¦ (¦t38.3¦noun¦customer¦NN¦ ¦t38.2¦determiner¦the¦DT¦) ¦t38.4¦adverb¦then¦RB¦ (¦t38.7¦noun¦report¦NN¦ ¦t38.6¦determiner¦the¦DT¦ (¦t38.8¦preposition¦about¦IN¦ (¦t38.10¦noun¦performance¦NN¦ ¦t38.9¦noun¦service¦NN¦ (¦t38.11¦conjunction¦and¦CC¦ (¦t38.13¦noun¦resolution¦NN¦ACTIVITY:t38.12¦ ¦t38.12¦noun¦problem¦NN¦ (¦t38.14¦preposition¦from¦IN¦ ¦t38.15¦noun¦customer_service¦NP¦)))))))) ¦t38.16¦punctuation¦,¦Fc¦ (¦t38.19¦noun¦flow¦NN¦ ¦t38.17¦determiner¦the¦DT¦ ¦t38.18¦noun¦process¦NN¦ (¦t38.20¦preposition¦at¦IN¦ (¦t38.22¦noun¦customer¦NN¦ ¦t38.21¦determiner¦the¦DT¦))) ¦t38.23¦adverb¦also¦RB¦ ¦t38.25¦punctuation¦.¦Fp¦)]