[(¦t1.4¦verb¦collect¦VBZ¦ACTIVITY:t1.7¦ (¦t1.3¦noun¦company¦NN¦ ¦t1.1¦determiner¦the¦DT¦ ¦t1.2¦noun¦credit¦NN¦) (¦t1.7¦noun¦information¦NN¦ ¦t1.5¦determiner¦the¦DT¦ ¦t1.6¦noun¦credit¦NN¦ (¦t1.8¦preposition¦from¦IN¦ (¦t1.10¦noun¦customer¦NN¦ ¦t1.9¦determiner¦the¦DT¦))) (¦t1.16¦verb¦be¦VBZ¦ ¦t1.11¦punctuation¦,¦Fc¦ ¦t1.12¦noun¦if¦NP¦ (¦t1.15¦noun¦amount¦NN¦ ¦t1.13¦determiner¦the¦DT¦ ¦t1.14¦verb¦request¦VBN¦ACTIVITY:t1.15¦) (¦t1.17¦adjective¦great¦JJR¦ (¦t1.18¦preposition¦than¦IN¦ ¦t1.19¦number¦$_USD:1M¦Zm¦ (¦t1.22¦verb¦must¦MD¦ (¦t1.21¦noun¦approval¦NN¦ ¦t1.20¦determiner¦a¦DT¦) (¦t1.23¦verb¦be¦VB¦ ¦t1.24¦verb¦request¦VBN¦ACTIVITY:t1.21¦))))) ¦t1.25¦punctuation¦.¦Fp¦), (¦t2.5¦verb¦be¦VBZ¦ ¦t2.1¦preposition¦if¦IN¦ (¦t2.4¦noun¦amount¦NN¦ ¦t2.2¦determiner¦the¦DT¦ ¦t2.3¦verb¦request¦VBN¦ACTIVITY:t2.4¦) (¦t2.6¦adjective¦low¦JJR¦ (¦t2.7¦conjunction¦or¦CC¦ (¦t2.8¦adjective¦equal¦JJ¦ (¦t2.9¦particle¦to¦TO¦ ¦t2.10¦number¦$_USD:1M¦Zm¦ (¦t2.13¦verb¦assess¦VB¦ACTIVITY:t2.15¦ (¦t2.12¦noun¦company¦NN¦ ¦t2.11¦determiner¦the¦DT¦) (¦t2.15¦noun¦risk¦NN¦ ¦t2.14¦determiner¦the¦DT¦ (¦t2.16¦preposition¦of¦IN¦ (¦t2.18¦noun¦credit¦NN¦ ¦t2.17¦determiner¦the¦DT¦)))))))) ¦t2.19¦punctuation¦.¦Fp¦), (¦t3.13¦verb¦must¦MD¦ (¦t3.1¦preposition¦after¦IN¦ (¦t3.3¦noun¦assessment¦NN¦ ¦t3.2¦determiner¦the¦DT¦)) ¦t3.4¦punctuation¦,¦Fc¦ (¦t3.5¦preposition¦if¦IN¦ (¦t3.8¦verb¦be¦VBZ¦CONDITION:null¦ (¦t3.7¦noun¦risk¦NN¦ ¦t3.6¦determiner¦the¦DT¦) ¦t3.9¦adjective¦high¦JJ¦)) ¦t3.10¦punctuation¦,¦Fc¦ (¦t3.12¦noun¦approval¦NN¦ ¦t3.11¦determiner¦a¦DT¦) (¦t3.14¦verb¦be¦VB¦ ¦t3.15¦verb¦request¦VBN¦ACTIVITY:t3.12¦) ¦t3.16¦punctuation¦;¦Fx¦ ¦t3.17¦conjunction¦but¦CC¦ (¦t3.18¦preposition¦if¦IN¦ (¦t3.21¦verb¦be¦VBZ¦CONDITION:null¦ (¦t3.20¦noun¦risk¦NN¦ ¦t3.19¦determiner¦the¦DT¦) ¦t3.22¦adjective¦low¦JJ¦) (¦t3.25¦verb¦be¦VBZ¦ (¦t3.24¦noun¦credit¦NN¦ ¦t3.23¦determiner¦the¦DT¦) ¦t3.26¦verb¦accept¦VBN¦ACTIVITY:t3.24¦)) ¦t3.27¦punctuation¦.¦Fp¦), (¦t4.8¦verb¦can¦MD¦ (¦t4.1¦preposition¦after¦IN¦ (¦t4.4¦noun¦request¦NN¦ ¦t4.2¦determiner¦the¦DT¦ ¦t4.3¦noun¦approval¦NN¦)) ¦t4.5¦punctuation¦,¦Fc¦ (¦t4.7¦noun¦credit¦NN¦ ¦t4.6¦determiner¦the¦DT¦) (¦t4.9¦verb¦be¦VB¦ (¦t4.10¦verb¦accept¦VBN¦CONDITION:null¦ (¦t4.11¦conjunction¦or¦CC¦ ¦t4.12¦verb¦reject¦VBN¦CONDITION:null¦))) ¦t4.13¦punctuation¦;¦Fx¦ (¦t4.14¦preposition¦in¦IN¦ (¦t4.16¦noun¦case¦NNS¦ ¦t4.15¦determiner¦both¦DT¦ (¦t4.20¦verb¦be¦VBZ¦ ¦t4.17¦punctuation¦,¦Fc¦ (¦t4.19¦noun¦email¦NN¦ ¦t4.18¦determiner¦a¦DT¦) (¦t4.21¦verb¦send¦VBN¦ACTIVITY:t4.16¦ (¦t4.22¦particle¦to¦TO¦ (¦t4.24¦noun¦customer¦NN¦ ¦t4.23¦determiner¦the¦DT¦)))))) ¦t4.25¦punctuation¦.¦Fp¦)]