[(¦t1.4¦verb¦can¦MD¦ (¦t1.3¦noun¦process¦NN¦ ¦t1.1¦determiner¦the¦DT¦ ¦t1.2¦noun¦examination¦NN¦) (¦t1.5¦verb¦be¦VB¦ (¦t1.6¦verb¦summarise¦VBN¦ACTIVITY:t1.3¦ (¦t1.7¦preposition¦as¦IN¦ ¦t1.8¦verb¦follow¦VBZ¦))) ¦t1.9¦punctuation¦.¦Fp¦), (¦t2.3¦verb¦start¦VBZ¦ (¦t2.2¦noun¦process¦NN¦ ¦t2.1¦determiner¦the¦DT¦) (¦t2.9¦verb¦examine¦VBN¦ACTIVITY:t2.2¦ (¦t2.4¦adverb¦when¦WRB¦ (¦t2.8¦verb¦be¦VBZ¦ (¦t2.7¦noun¦patient¦NN¦ ¦t2.5¦determiner¦the¦DT¦ ¦t2.6¦adjective¦female¦JJ¦))) (¦t2.10¦preposition¦by¦IN¦ (¦t2.13¦noun¦physician¦NN¦ ¦t2.11¦determiner¦a¦DT¦ ¦t2.12¦noun¦outpatient¦NN¦ ¦t2.14¦punctuation¦,¦Fc¦ (¦t2.16¦verb¦decide¦VBZ¦ ¦t2.15¦pronoun¦who¦WP¦ (¦t2.17¦preposition¦whether¦IN¦ (¦t2.19¦verb¦be¦VBZ¦CONDITION:null¦ ¦t2.18¦pronoun¦she¦PRP¦ (¦t2.20¦adjective¦healthy¦JJ¦ (¦t2.21¦conjunction¦or¦CC¦ (¦t2.22¦verb¦need¦VBZ¦CONDITION:null¦ (¦t2.23¦particle¦to¦TO¦ (¦t2.24¦verb¦undertake¦VB¦ACTIVITY:t2.27¦ (¦t2.27¦noun¦examination¦NN¦ ¦t2.25¦determiner¦a¦DT¦ ¦t2.26¦adjective¦additional¦JJ¦)))))))))))) ¦t2.28¦punctuation¦.¦Fp¦), (¦t3.8¦verb¦fill¦VBZ¦ACTIVITY:t3.12¦ (¦t3.1¦preposition¦in¦IN¦ (¦t3.4¦noun¦case¦NN¦ ¦t3.2¦determiner¦the¦DT¦ ¦t3.3¦adjective¦former¦JJ¦)) ¦t3.5¦punctuation¦,¦Fc¦ (¦t3.7¦noun¦physician¦NN¦ ¦t3.6¦determiner¦the¦DT¦) ¦t3.9¦particle¦out¦RP¦ (¦t3.12¦noun¦form¦NN¦ ¦t3.10¦determiner¦the¦DT¦ ¦t3.11¦noun¦examination¦NN¦ (¦t3.13¦conjunction¦and¦CC¦ (¦t3.15¦noun¦patient¦NN¦ ¦t3.14¦determiner¦the¦DT¦)) (¦t3.16¦verb¦can¦MD¦ ¦t3.17¦verb¦leave¦VB¦)) ¦t3.18¦punctuation¦.¦Fp¦), (¦t4.12¦verb¦be¦VBZ¦ (¦t4.1¦preposition¦in¦IN¦ (¦t4.4¦noun¦case¦NN¦ ¦t4.2¦determiner¦the¦DT¦ ¦t4.3¦adjective¦latter¦JJ¦)) ¦t4.5¦punctuation¦,¦Fc¦ (¦t4.11¦noun¦order¦NN¦ ¦t4.6¦determiner¦a¦DT¦ (¦t4.7¦noun¦examination¦NN¦ ¦t4.8¦conjunction¦and¦CC¦) ¦t4.9¦noun¦followup¦NN¦ ¦t4.10¦noun¦treatment¦NN¦) (¦t4.13¦verb¦place¦VBN¦ACTIVITY:t4.11¦ (¦t4.14¦preposition¦by¦IN¦ (¦t4.16¦noun¦physician¦NN¦ ¦t4.15¦determiner¦the¦DT¦ (¦t4.19¦verb¦fill¦VBZ¦ACTIVITY:t4.23¦ ¦t4.17¦pronoun¦who¦WP¦ ¦t4.18¦adverb¦additionally¦RB¦ ¦t4.20¦particle¦out¦RP¦ (¦t4.23¦noun¦form¦NN¦ ¦t4.21¦determiner¦a¦DT¦ ¦t4.22¦noun¦request¦NN¦))))) ¦t4.24¦punctuation¦.¦Fp¦), (¦t5.10¦verb¦include¦VBZ¦ACTIVITY:t5.9¦ (¦t5.1¦preposition¦beyond¦IN¦ (¦t5.2¦noun¦information¦NN¦ (¦t5.3¦preposition¦about¦IN¦ (¦t5.5¦noun¦patient¦NN¦ ¦t5.4¦determiner¦the¦DT¦)))) ¦t5.6¦punctuation¦,¦Fc¦ (¦t5.9¦noun¦form¦NN¦ ¦t5.7¦determiner¦the¦DT¦ ¦t5.8¦noun¦request¦NN¦) (¦t5.11¦noun¦detail¦NNS¦ (¦t5.12¦preposition¦about¦IN¦ (¦t5.14¦noun¦examination¦NN¦ ¦t5.13¦determiner¦the¦DT¦) (¦t5.15¦verb¦request¦VBD¦ (¦t5.16¦conjunction¦and¦CC¦ (¦t5.17¦verb¦refer¦VBZ¦ (¦t5.18¦particle¦to¦TO¦ (¦t5.21¦noun¦lab¦NN¦ ¦t5.19¦determiner¦a¦DT¦ ¦t5.20¦adjective¦suitable¦JJ¦))))))) ¦t5.22¦punctuation¦.¦Fp¦), (¦t6.6¦verb¦inform¦VBZ¦ACTIVITY:t6.8¦ ¦t6.1¦adverb¦furthermore¦RB¦ ¦t6.2¦punctuation¦,¦Fc¦ (¦t6.5¦noun¦physician¦NN¦ ¦t6.3¦determiner¦the¦DT¦ ¦t6.4¦noun¦outpatient¦NN¦) (¦t6.8¦noun¦patient¦NN¦ ¦t6.7¦determiner¦the¦DT¦) (¦t6.9¦preposition¦about¦IN¦ (¦t6.11¦noun¦risk¦NNS¦ ¦t6.10¦adjective¦potential¦JJ¦)) ¦t6.12¦punctuation¦.¦Fp¦), (¦t7.21¦verb¦arrange¦VBZ¦ACTIVITY:t7.23¦ (¦t7.1¦preposition¦if¦IN¦ (¦t7.4¦noun¦sign¦NNS¦CONDITION:null¦ ¦t7.2¦determiner¦the¦DT¦ ¦t7.3¦adjective¦patient¦JJ¦) (¦t7.7¦noun¦consent¦NN¦ ¦t7.5¦determiner¦a¦DT¦ ¦t7.6¦verb¦inform¦VBN¦ACTIVITY:t7.7¦ (¦t7.8¦conjunction¦and¦CC¦ (¦t7.9¦verb¦agree¦VBZ¦ (¦t7.10¦particle¦to¦TO¦ (¦t7.11¦verb¦continue¦VB¦ (¦t7.12¦preposition¦with¦IN¦ (¦t7.14¦noun¦procedure¦NN¦ ¦t7.13¦determiner¦the¦DT¦)))))))) ¦t7.15¦punctuation¦,¦Fc¦ (¦t7.17¦noun¦delegate¦NN¦ ¦t7.16¦determiner¦a¦DT¦ (¦t7.18¦preposition¦of¦IN¦ (¦t7.20¦noun¦physician¦NN¦ ¦t7.19¦determiner¦the¦DT¦))) (¦t7.23¦noun¦appointment¦NN¦ ¦t7.22¦determiner¦a¦DT¦ (¦t7.24¦preposition¦of¦IN¦ (¦t7.26¦noun¦patient¦NN¦ ¦t7.25¦determiner¦the¦DT¦))) (¦t7.27¦preposition¦with¦IN¦ (¦t7.28¦number¦1¦Z¦ (¦t7.29¦preposition¦of¦IN¦ (¦t7.31¦noun¦ward¦NNS¦ ¦t7.30¦determiner¦the¦DT¦)))) ¦t7.32¦punctuation¦.¦Fp¦), (¦t8.3¦verb¦be¦VBZ¦ (¦t8.2¦adjective¦latter¦JJ¦ ¦t8.1¦determiner¦the¦DT¦) (¦t8.5¦adjective¦responsible¦JJ¦ ¦t8.4¦adverb¦then¦RB¦ (¦t8.6¦preposition¦for¦IN¦ (¦t8.7¦verb¦take¦VBG¦ACTIVITY:t8.9¦ (¦t8.9¦noun¦sample¦NN¦ ¦t8.8¦determiner¦a¦DT¦ (¦t8.10¦particle¦to¦TO¦ (¦t8.11¦verb¦be¦VB¦ (¦t8.12¦verb¦analyse¦VBN¦ACTIVITY:t8.9¦ (¦t8.13¦preposition¦in¦IN¦ (¦t8.15¦noun¦lab¦NN¦ ¦t8.14¦determiner¦the¦DT¦)) ¦t8.16¦adverb¦late¦RBR¦))))))) ¦t8.17¦punctuation¦.¦Fp¦), (¦t9.10¦verb¦be¦VBZ¦ (¦t9.1¦preposition¦before¦IN¦ (¦t9.3¦noun¦appointment¦NN¦ ¦t9.2¦determiner¦the¦DT¦)) ¦t9.4¦punctuation¦,¦Fc¦ (¦t9.7¦noun¦examination¦NN¦ ¦t9.5¦determiner¦the¦DT¦ ¦t9.6¦verb¦require¦VBN¦ACTIVITY:t9.7¦ (¦t9.8¦conjunction¦and¦CC¦ ¦t9.9¦noun¦sampling¦NN¦)) (¦t9.11¦verb¦prepare¦VBN¦ACTIVITY:t9.7¦ (¦t9.12¦preposition¦by¦IN¦ (¦t9.14¦noun¦nurse¦NN¦ ¦t9.13¦determiner¦a¦DT¦ (¦t9.15¦preposition¦of¦IN¦ (¦t9.17¦noun¦ward¦NN¦ ¦t9.16¦determiner¦the¦DT¦)) (¦t9.18¦verb¦base¦VBN¦ (¦t9.19¦preposition¦on¦IN¦ (¦t9.21¦noun¦information¦NN¦ ¦t9.20¦determiner¦the¦DT¦ (¦t9.22¦verb¦provide¦VBN¦ACTIVITY:t9.21¦ (¦t9.23¦preposition¦by¦IN¦ (¦t9.26¦noun¦section¦NN¦ ¦t9.24¦determiner¦the¦DT¦ ¦t9.25¦noun¦outpatient¦NN¦))))))))) ¦t9.27¦punctuation¦.¦Fp¦), (¦t10.6¦verb¦take¦VBZ¦ ¦t10.1¦adverb¦then¦RB¦ ¦t10.2¦punctuation¦,¦Fc¦ (¦t10.5¦noun¦physician¦NN¦ ¦t10.3¦determiner¦a¦DT¦ ¦t10.4¦noun¦ward¦NN¦) (¦t10.9¦verb¦request¦VBD¦ (¦t10.8¦noun¦sample¦NN¦ ¦t10.7¦determiner¦the¦DT¦)) ¦t10.10¦punctuation¦.¦Fp¦), (¦t11.3¦verb¦send¦VBZ¦ACTIVITY:t11.4¦ ¦t11.1¦pronoun¦he¦PRP¦ ¦t11.2¦adverb¦further¦RB¦ ¦t11.4¦pronoun¦it¦PRP¦ (¦t11.5¦particle¦to¦TO¦ (¦t11.7¦noun¦lab¦NN¦ ¦t11.6¦determiner¦the¦DT¦)) (¦t11.8¦verb¦indicate¦VBD¦ (¦t11.9¦preposition¦in¦IN¦ (¦t11.12¦noun¦form¦NN¦ACTIVITY:t11.11¦ ¦t11.10¦determiner¦the¦DT¦ ¦t11.11¦noun¦request¦NN¦)) (¦t11.13¦conjunction¦and¦CC¦ (¦t11.14¦verb¦conduct¦VBZ¦ACTIVITY:t11.17¦ (¦t11.17¦noun¦treatment¦NN¦ ¦t11.15¦determiner¦the¦DT¦ ¦t11.16¦noun¦followup¦NN¦ (¦t11.18¦preposition¦of¦IN¦ (¦t11.20¦noun¦patient¦NN¦ ¦t11.19¦determiner¦the¦DT¦)))))) ¦t11.21¦punctuation¦.¦Fp¦), (¦t12.11¦verb¦validate¦VBZ¦ACTIVITY:t12.13¦ (¦t12.1¦preposition¦after¦IN¦ (¦t12.2¦verb¦receive¦VBG¦ACTIVITY:t12.4¦ (¦t12.4¦noun¦sample¦NN¦ ¦t12.3¦determiner¦the¦DT¦))) ¦t12.5¦punctuation¦,¦Fc¦ (¦t12.7¦noun¦physician¦NN¦ ¦t12.6¦determiner¦a¦DT¦ (¦t12.8¦preposition¦of¦IN¦ (¦t12.10¦noun¦lab¦NN¦ ¦t12.9¦determiner¦the¦DT¦))) (¦t12.13¦noun¦state¦NN¦ ¦t12.12¦pronoun¦its¦PRP$¦) (¦t12.14¦conjunction¦and¦CC¦ (¦t12.15¦verb¦decide¦VBZ¦ (¦t12.16¦preposition¦whether¦IN¦ (¦t12.19¦verb¦can¦MD¦CONDITION:null¦ (¦t12.18¦noun¦sample¦NN¦ ¦t12.17¦determiner¦the¦DT¦) (¦t12.20¦verb¦be¦VB¦ (¦t12.21¦verb¦use¦VBN¦ACTIVITY:t12.18¦ (¦t12.22¦preposition¦for¦IN¦ ¦t12.23¦noun¦analysis¦NN¦ (¦t12.24¦conjunction¦or¦CC¦ (¦t12.25¦preposition¦whether¦IN¦ (¦t12.27¦verb¦be¦VBZ¦CONDITION:null¦ ¦t12.26¦pronoun¦it¦PRP¦ ¦t12.28¦verb¦contaminate¦VBN¦ACTIVITY:t12.26¦ (¦t12.29¦conjunction¦and¦CC¦ (¦t12.33¦verb¦be¦VBZ¦ (¦t12.32¦noun¦sample¦NN¦ ¦t12.30¦determiner¦a¦DT¦ ¦t12.31¦adjective¦new¦JJ¦) ¦t12.34¦verb¦require¦VBN¦ACTIVITY:t12.32¦)))))))))))) ¦t12.35¦punctuation¦.¦Fp¦), (¦t13.18¦verb¦validate¦VBZ¦ACTIVITY:t13.20¦ (¦t13.1¦preposition¦after¦IN¦ (¦t13.4¦verb¦be¦VBZ¦ (¦t13.3¦noun¦analysis¦NN¦ ¦t13.2¦determiner¦the¦DT¦) (¦t13.5¦verb¦perform¦VBN¦ACTIVITY:t13.3¦ (¦t13.6¦preposition¦by¦IN¦ (¦t13.10¦noun¦assistant¦NN¦ ¦t13.7¦determiner¦a¦DT¦ ¦t13.8¦adjective¦medical¦JJ¦ ¦t13.9¦adjective¦technical¦JJ¦ (¦t13.11¦preposition¦of¦IN¦ (¦t13.13¦noun¦lab¦NN¦ ¦t13.12¦determiner¦the¦DT¦))))))) ¦t13.14¦punctuation¦,¦Fc¦ (¦t13.17¦noun¦physician¦NN¦ ¦t13.15¦determiner¦a¦DT¦ ¦t13.16¦noun¦lab¦NN¦) (¦t13.20¦noun¦result¦NNS¦ ¦t13.19¦determiner¦the¦DT¦) ¦t13.21¦punctuation¦.¦Fp¦), (¦t14.9¦verb¦make¦VBZ¦ACTIVITY:t14.11¦ ¦t14.1¦adverb¦finally¦RB¦ ¦t14.2¦punctuation¦,¦Fc¦ (¦t14.4¦noun¦physician¦NN¦ ¦t14.3¦determiner¦a¦DT¦ (¦t14.5¦preposition¦from¦IN¦ (¦t14.8¦noun¦department¦NN¦ ¦t14.6¦determiner¦the¦DT¦ ¦t14.7¦noun¦outpatient¦NN¦))) (¦t14.11¦noun¦diagnosis¦NN¦ ¦t14.10¦determiner¦the¦DT¦) (¦t14.12¦conjunction¦and¦CC¦ (¦t14.13¦verb¦prescribe¦VBZ¦ACTIVITY:t14.15¦ (¦t14.15¦noun¦therapy¦NN¦ ¦t14.14¦determiner¦the¦DT¦) (¦t14.16¦preposition¦for¦IN¦ (¦t14.18¦noun¦patient¦NN¦ ¦t14.17¦determiner¦the¦DT¦)))) ¦t14.19¦punctuation¦.¦Fp¦)]