[(¦t1.3¦verb¦send¦VBZ¦ACTIVITY:t1.6¦ (¦t1.2¦noun¦party¦NN¦ ¦t1.1¦determiner¦the¦DT¦) (¦t1.6¦noun¦possession¦NN¦ ¦t1.4¦determiner¦a¦DT¦ ¦t1.5¦noun¦warrant¦NN¦) (¦t1.7¦verb¦request¦VBP¦ (¦t1.8¦verb¦ask¦VBG¦ (¦t1.10¦noun¦warrant¦NN¦ ¦t1.9¦determiner¦a¦DT¦ (¦t1.11¦particle¦to¦TO¦ (¦t1.12¦verb¦be¦VB¦ ¦t1.13¦verb¦release¦VBN¦ACTIVITY:t1.10¦))))) ¦t1.14¦punctuation¦.¦Fp¦), (¦t2.8¦verb¦receive¦VBZ¦ACTIVITY:t2.10¦ (¦t2.2¦noun¦client_service_back_office¦NP¦ ¦t2.1¦determiner¦the¦DT¦ (¦t2.3¦preposition¦as¦IN¦ (¦t2.4¦noun¦part¦NN¦ACTIVITY:t2.5¦ (¦t2.5¦preposition¦of¦IN¦ (¦t2.7¦noun¦small_claims_registry_operations¦NP¦ ¦t2.6¦determiner¦the¦DT¦))))) (¦t2.10¦noun¦request¦NN¦ ¦t2.9¦determiner¦the¦DT¦) (¦t2.11¦conjunction¦and¦CC¦ (¦t2.12¦verb¦retrieve¦VBZ¦ACTIVITY:t2.15¦ (¦t2.15¦noun¦file¦NN¦ ¦t2.13¦determiner¦the¦DT¦ ¦t2.14¦noun¦sct¦NP¦))) ¦t2.16¦punctuation¦.¦Fp¦), (¦t3.5¦verb¦be¦VBZ¦ ¦t3.1¦adverb¦then¦RB¦ ¦t3.2¦punctuation¦,¦Fc¦ (¦t3.4¦noun¦sct_warrant_possession¦NP¦ ¦t3.3¦determiner¦the¦DT¦) (¦t3.6¦verb¦forward¦VBN¦ACTIVITY:t3.4¦ (¦t3.7¦particle¦to¦TO¦ ¦t3.8¦noun¦queensland_police¦NP¦)) ¦t3.9¦punctuation¦.¦Fp¦), (¦t4.5¦verb¦be¦VBZ¦ (¦t4.4¦noun¦file¦NN¦ ¦t4.1¦determiner¦the¦DT¦ ¦t4.2¦noun¦sct¦NP¦ ¦t4.3¦adjective¦physical¦JJ¦) (¦t4.6¦verb¦store¦VBN¦ACTIVITY:t4.4¦ (¦t4.7¦preposition¦by¦IN¦ (¦t4.9¦noun¦back_office¦NP¦ ¦t4.8¦determiner¦the¦DT¦)) (¦t4.10¦verb¦await¦VBG¦ACTIVITY:t4.12¦ (¦t4.12¦noun¦report¦NN¦ ¦t4.11¦determiner¦a¦DT¦ (¦t4.13¦particle¦to¦TO¦ (¦t4.14¦verb¦be¦VB¦ (¦t4.15¦verb¦send¦VBN¦ACTIVITY:t4.12¦ (¦t4.16¦preposition¦by¦IN¦ (¦t4.18¦noun¦police¦NP¦ ¦t4.17¦determiner¦the¦DT¦)))))))) ¦t4.19¦punctuation¦.¦Fp¦), (¦t5.11¦verb¦be¦VBZ¦ (¦t5.5¦verb¦receive¦VBN¦ACTIVITY:t5.10¦ (¦t5.1¦adverb¦when¦WRB¦ (¦t5.4¦verb¦be¦VBZ¦ (¦t5.3¦noun¦report¦NN¦ ¦t5.2¦determiner¦the¦DT¦)))) ¦t5.6¦punctuation¦,¦Fc¦ (¦t5.10¦noun¦file¦NN¦ ¦t5.7¦determiner¦the¦DT¦ ¦t5.8¦adjective¦respective¦JJ¦ ¦t5.9¦noun¦sct¦NP¦) ¦t5.12¦verb¦retrieve¦VBN¦ACTIVITY:t5.10¦ ¦t5.13¦punctuation¦.¦Fp¦), (¦t6.4¦verb¦attach¦VBZ¦ACTIVITY:t6.8¦ ¦t6.1¦adverb¦then¦RB¦ ¦t6.2¦punctuation¦,¦Fc¦ ¦t6.3¦noun¦back_office¦NP¦ (¦t6.8¦noun¦document¦NN¦ ¦t6.5¦determiner¦the¦DT¦ ¦t6.6¦adjective¦new¦JJ¦ ¦t6.7¦noun¦sct¦NP¦) ¦t6.9¦punctuation¦,¦Fc¦ (¦t6.10¦conjunction¦and¦CC¦ ¦t6.11¦noun¦store¦NNS¦ (¦t6.16¦noun¦file¦NN¦ ¦t6.12¦determiner¦the¦DT¦ ¦t6.13¦verb¦expand¦VBN¦ACTIVITY:t6.16¦ ¦t6.14¦noun¦sct¦NP¦ ¦t6.15¦adjective¦physical¦JJ¦)) ¦t6.17¦punctuation¦.¦Fp¦), (¦t7.9¦verb¦receive¦VBZ¦ACTIVITY:t7.13¦ (¦t7.1¦preposition¦after¦IN¦ ¦t7.2¦determiner¦that¦DT¦) ¦t7.3¦punctuation¦,¦Fc¦ (¦t7.8¦noun¦staff¦NN¦ ¦t7.4¦determiner¦some¦DT¦ ¦t7.5¦adjective¦other¦JJ¦ ¦t7.6¦noun¦mc¦NP¦ ¦t7.7¦adjective¦internal¦JJ¦) (¦t7.13¦noun¦file¦NN¦ ¦t7.10¦determiner¦the¦DT¦ ¦t7.11¦adjective¦physical¦JJ¦ ¦t7.12¦noun¦sct¦NP¦ (¦t7.15¦preposition¦out¦IN¦ ¦t7.14¦punctuation¦Fpa¦Fpa¦ (¦t7.16¦preposition¦of¦IN¦ ¦t7.17¦noun¦scope¦NN¦) ¦t7.18¦punctuation¦Fpt¦Fpt¦)) ¦t7.19¦punctuation¦.¦Fp¦)]