[(¦t1.2¦noun¦morning¦NN¦ ¦t1.1¦determiner¦each¦DT¦ ¦t1.3¦punctuation¦,¦Fc¦ (¦t1.5¦noun¦file¦NNS¦ ¦t1.4¦determiner¦the¦DT¦ (¦t1.7¦verb¦have¦VBP¦ ¦t1.6¦determiner¦which¦WDT¦ ¦t1.8¦adverb¦yet¦RB¦ (¦t1.9¦particle¦to¦TO¦ (¦t1.10¦verb¦be¦VB¦ ¦t1.11¦verb¦process¦VBN¦ACTIVITY:t1.5¦ (¦t1.12¦noun¦need¦NN¦ (¦t1.13¦particle¦to¦TO¦ (¦t1.14¦verb¦be¦VB¦ ¦t1.15¦verb¦check¦VBN¦ACTIVITY:t1.12¦))))))) ¦t1.16¦punctuation¦,¦Fc¦ (¦t1.17¦particle¦to¦TO¦ (¦t1.18¦verb¦make¦VB¦ACTIVITY:t1.19¦ (¦t1.19¦adjective¦sure¦JJ¦ (¦t1.21¦verb¦be¦VBP¦ ¦t1.20¦pronoun¦they¦PRP¦ (¦t1.22¦preposition¦in¦IN¦ (¦t1.23¦noun¦order¦NN¦ACTIVITY:t1.24¦ (¦t1.24¦preposition¦for¦IN¦ (¦t1.27¦noun¦hearing¦NN¦ ¦t1.25¦determiner¦the¦DT¦ ¦t1.26¦noun¦court¦NN¦ ¦t1.28¦preposition¦that¦IN¦) ¦t1.29¦noun¦day¦NN¦))))))) ¦t1.30¦punctuation¦.¦Fp¦), (¦t2.15¦verb¦can¦MD¦ (¦t2.1¦preposition¦if¦IN¦ (¦t2.4¦verb¦be¦VBP¦CONDITION:null¦ (¦t2.3¦noun¦file¦NNS¦ ¦t2.2¦determiner¦some¦DT¦) ¦t2.5¦verb¦miss¦VBG¦ACTIVITY:t2.3¦) (¦t2.9¦verb¦be¦VBZ¦ ¦t2.6¦punctuation¦,¦Fc¦ (¦t2.8¦noun¦search¦NN¦ ¦t2.7¦determiner¦a¦DT¦) ¦t2.10¦verb¦initiate¦VBN¦ACTIVITY:t2.8¦)) ¦t2.11¦punctuation¦,¦Fc¦ ¦t2.12¦adverb¦otherwise¦RB¦CONDITION:null¦ (¦t2.14¦noun¦file¦NNS¦ ¦t2.13¦determiner¦the¦DT¦) (¦t2.16¦verb¦be¦VB¦ (¦t2.18¦verb¦track¦VBN¦ACTIVITY:t2.14¦ ¦t2.17¦adverb¦physically¦RB¦ (¦t2.19¦particle¦to¦TO¦ (¦t2.22¦noun¦location¦NN¦ ¦t2.20¦determiner¦the¦DT¦ ¦t2.21¦verb¦intend¦VBN¦ACTIVITY:t2.22¦)))) ¦t2.23¦punctuation¦.¦Fp¦), (¦t3.5¦verb¦be¦VBP¦ ¦t3.1¦adverb¦once¦RB¦ (¦t3.4¦noun¦file¦NNS¦ ¦t3.2¦determiner¦all¦DT¦ ¦t3.3¦determiner¦the¦DT¦) ¦t3.6¦adjective¦ready¦JJ¦ (¦t3.9¦verb¦be¦VBP¦ ¦t3.7¦punctuation¦,¦Fc¦ ¦t3.8¦determiner¦these¦DT¦ (¦t3.10¦verb¦hand¦VBN¦ (¦t3.11¦particle¦to¦TO¦ (¦t3.13¦noun¦associate¦NP¦ ¦t3.12¦determiner¦the¦DT¦))) ¦t3.14¦punctuation¦,¦Fc¦ (¦t3.15¦conjunction¦and¦CC¦ (¦t3.19¦verb¦be¦VBZ¦ (¦t3.18¦noun¦judges_lawlist¦NP¦ ¦t3.16¦adverb¦meantime¦RB¦ ¦t3.17¦determiner¦the¦DT¦) (¦t3.20¦verb¦distribute¦VBN¦ACTIVITY:t3.18¦ (¦t3.21¦particle¦to¦TO¦ (¦t3.24¦noun¦people¦NNS¦ ¦t3.22¦determiner¦the¦DT¦ ¦t3.23¦adjective¦relevant¦JJ¦)))))) ¦t3.25¦punctuation¦.¦Fp¦), (¦t4.6¦verb¦be¦VBP¦ ¦t4.1¦adverb¦afterwards¦RB¦ ¦t4.2¦punctuation¦,¦Fc¦ (¦t4.5¦noun¦hearing¦NNS¦ ¦t4.3¦determiner¦the¦DT¦ ¦t4.4¦noun¦direction¦NNS¦) ¦t4.7¦verb¦conduct¦VBN¦ACTIVITY:t4.5¦ ¦t4.8¦punctuation¦.¦Fp¦)]