[(¦t1.8¦verb¦be¦VBZ¦ (¦t1.5¦verb¦receive¦VBN¦ACTIVITY:t1.7¦ (¦t1.1¦adverb¦when¦WRB¦ (¦t1.4¦verb¦be¦VBZ¦ (¦t1.3¦noun¦claim¦NN¦ ¦t1.2¦determiner¦a¦DT¦)))) ¦t1.6¦punctuation¦,¦Fc¦ ¦t1.7¦pronoun¦it¦PRP¦ ¦t1.9¦adverb¦first¦RB¦ (¦t1.10¦verb¦check¦VBN¦ACTIVITY:t1.7¦ (¦t1.11¦preposition¦whether¦IN¦ (¦t1.14¦verb¦be¦VBZ¦CONDITION:null¦ (¦t1.13¦noun¦claimant¦NN¦ ¦t1.12¦determiner¦the¦DT¦) (¦t1.15¦verb¦insure¦VBN¦ACTIVITY:t1.13¦ (¦t1.16¦preposition¦by¦IN¦ (¦t1.18¦noun¦organization¦NN¦ ¦t1.17¦determiner¦the¦DT¦)))))) ¦t1.19¦punctuation¦.¦Fp¦), (¦t2.5¦verb¦be¦VBZ¦ ¦t2.1¦adverb¦if_not¦RB¦ ¦t2.2¦punctuation¦,¦Fc¦ (¦t2.4¦noun¦claimant¦NN¦ ¦t2.3¦determiner¦the¦DT¦) (¦t2.6¦verb¦inform¦VBN¦ACTIVITY:t2.4¦ (¦t2.7¦preposition¦that¦IN¦ (¦t2.10¦verb¦must¦MD¦ (¦t2.9¦noun¦claim¦NN¦ ¦t2.8¦determiner¦the¦DT¦) (¦t2.11¦verb¦be¦VB¦ ¦t2.12¦verb¦reject¦VBN¦ACTIVITY:t2.9¦)))) ¦t2.13¦punctuation¦.¦Fp¦), (¦t3.8¦verb¦be¦VBZ¦ ¦t3.1¦adverb¦otherwise¦RB¦CONDITION:null¦ ¦t3.2¦punctuation¦,¦Fc¦ (¦t3.4¦noun¦severity¦NN¦ ¦t3.3¦determiner¦the¦DT¦ (¦t3.5¦preposition¦of¦IN¦ (¦t3.7¦noun¦claim¦NN¦ ¦t3.6¦determiner¦the¦DT¦))) ¦t3.9¦verb¦evaluate¦VBN¦ACTIVITY:t3.4¦ ¦t3.10¦punctuation¦.¦Fp¦), (¦t4.14¦verb¦be¦VBP¦ (¦t4.1¦verb¦base¦VBN¦ (¦t4.2¦preposition¦on¦IN¦ (¦t4.4¦noun¦outcome¦NN¦ ¦t4.3¦determiner¦the¦DT¦ (¦t4.6¦adjective¦simple¦JJ¦ ¦t4.5¦punctuation¦Fpa¦Fpa¦ (¦t4.7¦conjunction¦or¦CC¦ ¦t4.8¦adjective¦complex¦JJ¦ ¦t4.9¦noun¦claim¦NNS¦) ¦t4.10¦punctuation¦Fpt¦Fpt¦)))) ¦t4.11¦punctuation¦,¦Fc¦ (¦t4.13¦noun¦form¦NNS¦ ¦t4.12¦adjective¦relevant¦JJ¦) (¦t4.15¦verb¦send¦VBN¦ACTIVITY:t4.13¦ (¦t4.16¦particle¦to¦TO¦ (¦t4.18¦noun¦claimant¦NN¦ ¦t4.17¦determiner¦the¦DT¦))) ¦t4.19¦punctuation¦.¦Fp¦), (¦t5.8¦verb¦be¦VBP¦ (¦t5.1¦adverb¦once¦RB¦ (¦t5.4¦verb¦be¦VBP¦ (¦t5.3¦noun¦form¦NNS¦ ¦t5.2¦determiner¦the¦DT¦) ¦t5.5¦verb¦return¦VBN¦ACTIVITY:t5.3¦)) ¦t5.6¦punctuation¦,¦Fc¦ ¦t5.7¦pronoun¦they¦PRP¦ (¦t5.9¦verb¦check¦VBN¦ACTIVITY:t5.7¦ (¦t5.10¦preposition¦for¦IN¦ ¦t5.11¦noun¦completeness¦NN¦)) ¦t5.12¦punctuation¦.¦Fp¦), (¦t6.11¦verb¦be¦VBZ¦ (¦t6.1¦preposition¦if¦IN¦ (¦t6.4¦verb¦provide¦VBP¦CONDITION:null¦ (¦t6.3¦noun¦form¦NNS¦ ¦t6.2¦determiner¦the¦DT¦) (¦t6.7¦noun¦detail¦NNS¦ ¦t6.5¦determiner¦all¦DT¦ ¦t6.6¦adjective¦relevant¦JJ¦))) ¦t6.8¦punctuation¦,¦Fc¦ (¦t6.10¦noun¦claim¦NN¦ ¦t6.9¦determiner¦the¦DT¦) (¦t6.12¦verb¦register¦VBN¦ACTIVITY:t6.10¦ (¦t6.13¦preposition¦in¦IN¦ (¦t6.16¦noun¦system¦NN¦ ¦t6.14¦determiner¦the¦DT¦ ¦t6.15¦noun¦claims_management¦NP¦ ¦t6.17¦punctuation¦,¦Fc¦ (¦t6.19¦verb¦end¦VBZ¦ACTIVITY:t6.22¦ ¦t6.18¦determiner¦which¦WDT¦ (¦t6.22¦noun¦process¦NN¦ ¦t6.20¦determiner¦the¦DT¦ ¦t6.21¦noun¦claims_notification¦NP¦))))) ¦t6.23¦punctuation¦.¦Fp¦), (¦t7.5¦verb¦be¦VBZ¦ ¦t7.1¦adverb¦otherwise¦RB¦CONDITION:null¦ ¦t7.2¦punctuation¦,¦Fc¦ (¦t7.4¦noun¦claimant¦NN¦ ¦t7.3¦determiner¦the¦DT¦) (¦t7.6¦verb¦inform¦VBN¦ACTIVITY:t7.4¦ (¦t7.7¦particle¦to¦TO¦ (¦t7.8¦verb¦update¦VB¦ACTIVITY:t7.10¦ (¦t7.10¦noun¦form¦NNS¦ ¦t7.9¦determiner¦the¦DT¦)))) ¦t7.11¦punctuation¦.¦Fp¦), (¦t8.9¦verb¦be¦VBP¦ (¦t8.1¦preposition¦upon¦IN¦ (¦t8.2¦noun¦reception¦NN¦ (¦t8.3¦preposition¦of¦IN¦ (¦t8.6¦noun¦form¦NNS¦ ¦t8.4¦determiner¦the¦DT¦ ¦t8.5¦verb¦update¦VBN¦ACTIVITY:t8.6¦)))) ¦t8.7¦punctuation¦,¦Fc¦ ¦t8.8¦pronoun¦they¦PRP¦ (¦t8.10¦verb¦check¦VBN¦ACTIVITY:t8.8¦ ¦t8.11¦adverb¦again¦RB¦) ¦t8.12¦punctuation¦.¦Fp¦)]