[(¦t1.4¦verb¦start¦VBZ¦ (¦t1.3¦noun¦workflow¦NN¦ ¦t1.1¦determiner¦the¦DT¦ ¦t1.2¦noun¦intake¦NN¦) (¦t1.5¦preposition¦with¦IN¦ (¦t1.7¦noun¦notice¦NN¦ ¦t1.6¦determiner¦a¦DT¦ (¦t1.8¦preposition¦by¦IN¦ ¦t1.9¦noun¦telephone¦NN¦) (¦t1.10¦preposition¦at¦IN¦ (¦t1.13¦noun¦office¦NN¦ ¦t1.11¦determiner¦the¦DT¦ ¦t1.12¦adjective¦secretarial¦JJ¦ (¦t1.14¦preposition¦of¦IN¦ (¦t1.19¦noun¦institute¦NN¦ ¦t1.15¦determiner¦the¦DT¦ ¦t1.16¦adjective¦mental¦JJ¦ (¦t1.18¦noun¦care¦NN¦ ¦t1.17¦noun¦health¦NN¦))))))) ¦t1.20¦punctuation¦.¦Fp¦), (¦t2.3¦verb¦be¦VBZ¦ (¦t2.2¦noun¦notice¦NN¦ ¦t2.1¦determiner¦this¦DT¦) (¦t2.4¦verb¦do¦VBN¦ (¦t2.5¦preposition¦by¦IN¦ (¦t2.8¦noun¦doctor¦NN¦ ¦t2.6¦determiner¦the¦DT¦ ¦t2.7¦noun¦family¦NN¦ (¦t2.9¦preposition¦of¦IN¦ ¦t2.10¦pronoun¦somebody¦PRP¦) (¦t2.12¦verb¦be¦VBZ¦ ¦t2.11¦pronoun¦who¦WP¦ (¦t2.13¦preposition¦in¦IN¦ (¦t2.14¦noun¦need¦NN¦ (¦t2.15¦preposition¦of¦IN¦ (¦t2.17¦noun¦treatment¦NN¦ ¦t2.16¦adjective¦mental¦JJ¦)))))))) ¦t2.18¦punctuation¦.¦Fp¦), (¦t3.4¦verb¦inquire¦VBZ¦ (¦t3.3¦noun¦worker¦NN¦ ¦t3.1¦determiner¦the¦DT¦ ¦t3.2¦adjective¦secretarial¦JJ¦) (¦t3.5¦preposition¦after¦IN¦ (¦t3.7¦noun¦name¦NN¦ ¦t3.6¦determiner¦the¦DT¦ (¦t3.8¦conjunction¦and¦CC¦ ¦t3.9¦noun¦residence¦NN¦) (¦t3.10¦preposition¦of¦IN¦ (¦t3.12¦noun¦patient¦NN¦ ¦t3.11¦determiner¦the¦DT¦)))) ¦t3.13¦punctuation¦.¦Fp¦), (¦t4.10¦verb¦be¦VBZ¦ (¦t4.1¦preposition¦on¦IN¦ (¦t4.3¦noun¦basis¦NN¦ACTIVITY:t4.4¦ ¦t4.2¦determiner¦the¦DT¦ (¦t4.4¦preposition¦of¦IN¦ (¦t4.6¦noun¦information¦NN¦ ¦t4.5¦determiner¦this¦DT¦)))) ¦t4.7¦punctuation¦,¦Fc¦ (¦t4.9¦noun¦doctor¦NN¦ ¦t4.8¦determiner¦the¦DT¦) (¦t4.11¦verb¦put¦VBN¦ACTIVITY:t4.9¦ (¦t4.12¦preposition¦through¦IN¦ (¦t4.13¦particle¦to¦TO¦ (¦t4.16¦noun¦officer¦NN¦ ¦t4.14¦determiner¦the¦DT¦ ¦t4.15¦noun¦nursing¦NN¦ (¦t4.17¦adjective¦responsible¦JJ¦ (¦t4.18¦preposition¦for¦IN¦ (¦t4.20¦noun¦part¦NN¦ ¦t4.19¦determiner¦the¦DT¦ (¦t4.21¦preposition¦of¦IN¦ (¦t4.23¦noun¦region¦NN¦ ¦t4.22¦determiner¦the¦DT¦ ¦t4.24¦preposition¦that¦IN¦) (¦t4.27¦noun¦life¦NNS¦ ¦t4.25¦determiner¦the¦DT¦ ¦t4.26¦adjective¦patient¦JJ¦ ¦t4.28¦preposition¦in¦IN¦))))))))) ¦t4.29¦punctuation¦.¦Fp¦), (¦t5.4¦verb¦make¦VBZ¦ACTIVITY:t5.7¦ (¦t5.3¦noun¦officer¦NN¦ ¦t5.1¦determiner¦the¦DT¦ ¦t5.2¦noun¦nursing¦NN¦ACTIVITY:t5.3¦) (¦t5.7¦noun¦inquiry¦NN¦ ¦t5.5¦determiner¦a¦DT¦ ¦t5.6¦adjective¦full¦JJ¦ (¦t5.8¦preposition¦into¦IN¦ (¦t5.16¦noun¦state¦NN¦ ¦t5.9¦determiner¦the¦DT¦ ¦t5.10¦adjective¦mental¦JJ¦ ¦t5.11¦punctuation¦,¦Fc¦ (¦t5.12¦noun¦health¦NN¦ ¦t5.13¦punctuation¦,¦Fc¦ ¦t5.14¦conjunction¦and¦CC¦) ¦t5.15¦adjective¦social¦JJ¦ (¦t5.17¦preposition¦of¦IN¦ (¦t5.19¦noun¦patient¦NN¦ ¦t5.18¦determiner¦the¦DT¦ (¦t5.20¦preposition¦in¦IN¦ ¦t5.21¦noun¦question¦NN¦)))))) ¦t5.22¦punctuation¦.¦Fp¦), (¦t6.3¦verb¦be¦VBZ¦ (¦t6.2¦noun¦information¦NN¦ ¦t6.1¦determiner¦this¦DT¦) (¦t6.4¦verb¦record¦VBN¦ACTIVITY:t6.2¦ (¦t6.5¦preposition¦on¦IN¦ (¦t6.8¦noun¦form¦NN¦ ¦t6.6¦determiner¦a¦DT¦ ¦t6.7¦noun¦registration¦NN¦))) ¦t6.9¦punctuation¦.¦Fp¦), (¦t7.10¦verb¦be¦VBZ¦ (¦t7.1¦preposition¦at¦IN¦ (¦t7.3¦noun¦end¦NN¦ACTIVITY:t7.4¦ ¦t7.2¦determiner¦the¦DT¦ (¦t7.4¦preposition¦of¦IN¦ (¦t7.6¦noun¦conversation¦NN¦ ¦t7.5¦determiner¦the¦DT¦)))) ¦t7.7¦punctuation¦,¦Fc¦ (¦t7.9¦noun¦form¦NN¦ ¦t7.8¦determiner¦this¦DT¦) (¦t7.11¦verb¦hand¦VBN¦ACTIVITY:t7.9¦ ¦t7.12¦preposition¦in¦IN¦ (¦t7.13¦preposition¦at¦IN¦ (¦t7.16¦noun¦office¦NN¦ ¦t7.14¦determiner¦the¦DT¦ ¦t7.15¦adjective¦secretarial¦JJ¦ (¦t7.17¦preposition¦of¦IN¦ (¦t7.19¦noun¦institute¦NN¦ ¦t7.18¦determiner¦the¦DT¦))))) ¦t7.20¦punctuation¦.¦Fp¦), (¦t8.8¦verb¦be¦VBZ¦ ¦t8.1¦adverb¦here¦RB¦ ¦t8.2¦punctuation¦,¦Fc¦ (¦t8.4¦noun¦information¦NN¦ ¦t8.3¦determiner¦the¦DT¦ (¦t8.5¦preposition¦on¦IN¦ (¦t8.7¦noun¦form¦NN¦ ¦t8.6¦determiner¦the¦DT¦))) (¦t8.9¦verb¦store¦VBN¦ACTIVITY:t8.4¦ (¦t8.10¦preposition¦in¦IN¦ (¦t8.13¦noun¦system¦NN¦ ¦t8.11¦determiner¦the¦DT¦ ¦t8.12¦noun¦information¦NN¦)) (¦t8.14¦conjunction¦and¦CC¦ (¦t8.16¦verb¦print¦VBN¦ACTIVITY:t8.4¦ ¦t8.15¦adverb¦subsequently¦RB¦))) ¦t8.17¦punctuation¦.¦Fp¦), (¦t9.8¦verb¦be¦VBZ¦ (¦t9.1¦preposition¦for¦IN¦ (¦t9.3¦noun¦patient¦NNS¦ ¦t9.2¦adjective¦new¦JJ¦)) ¦t9.4¦punctuation¦,¦Fc¦ (¦t9.7¦noun¦file¦NN¦ ¦t9.5¦determiner¦a¦DT¦ ¦t9.6¦adjective¦patient¦JJ¦) ¦t9.9¦verb¦create¦VBN¦ACTIVITY:t9.7¦ ¦t9.10¦punctuation¦.¦Fp¦), (¦t10.12¦verb¦be¦VBP¦ (¦t10.3¦noun¦form¦NN¦ ¦t10.1¦determiner¦the¦DT¦ ¦t10.2¦noun¦registration¦NN¦) (¦t10.7¦noun¦print¦NN¦ (¦t10.4¦adverb¦as_well¦RB¦ ¦t10.5¦preposition¦as¦IN¦) ¦t10.6¦determiner¦the¦DT¦ (¦t10.8¦preposition¦from¦IN¦ (¦t10.11¦noun¦system¦NN¦ ¦t10.9¦determiner¦the¦DT¦ ¦t10.10¦noun¦information¦NN¦))) (¦t10.13¦verb¦store¦VBN¦ACTIVITY:t10.3¦ (¦t10.14¦preposition¦in¦IN¦ (¦t10.17¦noun¦file¦NN¦ ¦t10.15¦determiner¦the¦DT¦ ¦t10.16¦adjective¦patient¦JJ¦))) ¦t10.18¦punctuation¦.¦Fp¦), (¦t11.3¦verb¦be¦VBP¦ (¦t11.2¦noun¦file¦NNS¦ ¦t11.1¦adjective¦patient¦JJ¦) (¦t11.4¦verb¦keep¦VBN¦ACTIVITY:t11.2¦ (¦t11.5¦preposition¦at¦IN¦ (¦t11.8¦noun¦office¦NN¦ ¦t11.6¦determiner¦the¦DT¦ ¦t11.7¦adjective¦secretarial¦JJ¦))) (¦t11.9¦conjunction¦and¦CC¦ (¦t11.10¦verb¦may¦MD¦ ¦t11.11¦adverb¦not¦RB¦ (¦t11.12¦verb¦leave¦VB¦ACTIVITY:t11.14¦ (¦t11.14¦noun¦building¦NN¦ ¦t11.13¦determiner¦the¦DT¦)))) ¦t11.15¦punctuation¦.¦Fp¦), (¦t12.9¦verb¦be¦VBP¦ (¦t12.1¦preposition¦at¦IN¦ (¦t12.4¦noun¦office¦NN¦ ¦t12.2¦determiner¦the¦DT¦ ¦t12.3¦adjective¦secretarial¦JJ¦)) ¦t12.5¦punctuation¦,¦Fc¦ (¦t12.8¦noun¦card¦NNS¦ ¦t12.6¦number¦2¦Z¦ ¦t12.7¦noun¦registration¦NN¦) (¦t12.10¦verb¦produce¦VBN¦ACTIVITY:t12.8¦ (¦t12.11¦preposition¦for¦IN¦ ¦t12.12¦adverb¦respectively¦RB¦ (¦t12.18¦noun¦in_taker¦NN¦ ¦t12.13¦determiner¦the¦DT¦ ¦t12.14¦adjective¦future¦JJ¦ (¦t12.15¦adjective¦1¦JJ¦ (¦t12.16¦conjunction¦and¦CC¦ ¦t12.17¦adjective¦2¦JJ¦)) (¦t12.19¦preposition¦of¦IN¦ (¦t12.21¦noun¦patient¦NN¦ ¦t12.20¦determiner¦the¦DT¦))))) ¦t12.22¦punctuation¦.¦Fp¦), (¦t13.4¦verb¦contain¦VBZ¦ACTIVITY:t13.6¦ (¦t13.3¦noun¦card¦NN¦ ¦t13.1¦determiner¦the¦DT¦ ¦t13.2¦noun¦registration¦NN¦) (¦t13.6¦noun¦set¦NN¦ ¦t13.5¦determiner¦a¦DT¦ (¦t13.7¦preposition¦of¦IN¦ (¦t13.10¦noun¦data¦NNS¦ ¦t13.8¦adjective¦basic¦JJ¦ ¦t13.9¦noun¦patient¦NN¦))) ¦t13.11¦punctuation¦.¦Fp¦), (¦t14.4¦verb¦be¦VBZ¦ (¦t14.3¦noun¦patient¦NN¦ ¦t14.1¦determiner¦the¦DT¦ ¦t14.2¦adjective¦new¦JJ¦) (¦t14.5¦verb¦add¦VBN¦ACTIVITY:t14.3¦ (¦t14.6¦preposition¦on¦IN¦ (¦t14.8¦noun¦list¦NN¦ ¦t14.7¦determiner¦the¦DT¦ (¦t14.9¦preposition¦of¦IN¦ (¦t14.11¦noun¦notice¦NNS¦ ¦t14.10¦adjective¦new¦JJ¦))))) ¦t14.12¦punctuation¦.¦Fp¦), (¦t15.16¦verb¦take¦VBZ¦ACTIVITY:t15.17¦ ¦t15.1¦adverb¦halfway¦RB¦ (¦t15.3¦noun¦week¦NN¦ ¦t15.2¦determiner¦the¦DT¦) ¦t15.4¦punctuation¦,¦Fc¦ (¦t15.5¦preposition¦at¦IN¦ ¦t15.6¦date¦[X:??/??/??:??.??:??]¦W¦) ¦t15.7¦punctuation¦,¦Fc¦ (¦t15.10¦noun¦meeting¦NN¦ ¦t15.8¦determiner¦a¦DT¦ ¦t15.9¦noun¦staff¦NN¦ (¦t15.11¦preposition¦of¦IN¦ (¦t15.15¦noun¦team¦NN¦ ¦t15.12¦determiner¦the¦DT¦ ¦t15.13¦adjective¦entire¦JJ¦ ¦t15.14¦adjective¦medical¦JJ¦))) ¦t15.17¦noun¦place¦NN¦ ¦t15.18¦punctuation¦.¦Fp¦), (¦t16.4¦verb¦consist¦VBZ¦ (¦t16.3¦noun¦team¦NN¦ ¦t16.1¦determiner¦the¦DT¦ ¦t16.2¦adjective¦medical¦JJ¦) (¦t16.5¦preposition¦of¦IN¦ (¦t16.7¦noun¦worker¦NNS¦ ¦t16.6¦adjective¦social_medical¦JJ¦ ¦t16.8¦punctuation¦,¦Fc¦ (¦t16.9¦noun¦physician¦NNS¦ACTIVITY:t16.7¦ ¦t16.10¦punctuation¦,¦Fc¦ (¦t16.11¦conjunction¦and¦CC¦ (¦t16.13¦noun¦psychiatrist¦NN¦ ¦t16.12¦determiner¦a¦DT¦))))) ¦t16.14¦punctuation¦.¦Fp¦), (¦t17.7¦verb¦assign¦VBZ¦ACTIVITY:t17.10¦ (¦t17.1¦preposition¦at¦IN¦ (¦t17.3¦noun¦meeting¦NN¦ ¦t17.2¦determiner¦this¦DT¦)) ¦t17.4¦punctuation¦,¦Fc¦ (¦t17.6¦noun¦team_leader¦NN¦ ¦t17.5¦determiner¦the¦DT¦) (¦t17.10¦noun¦patient¦NNS¦ ¦t17.8¦determiner¦all¦DT¦ ¦t17.9¦adjective¦new¦JJ¦ (¦t17.11¦preposition¦on¦IN¦ (¦t17.13¦noun¦list¦NN¦ ¦t17.12¦determiner¦the¦DT¦ (¦t17.14¦preposition¦of¦IN¦ (¦t17.16¦noun¦notice¦NNS¦ ¦t17.15¦adjective¦new¦JJ¦)) (¦t17.17¦particle¦to¦TO¦ (¦t17.18¦noun¦member¦NNS¦ (¦t17.19¦preposition¦of¦IN¦ (¦t17.21¦noun¦team¦NN¦ ¦t17.20¦determiner¦the¦DT¦))))))) ¦t17.22¦punctuation¦.¦Fp¦), (¦t18.3¦verb¦will¦MD¦ (¦t18.2¦noun¦patient¦NN¦ ¦t18.1¦determiner¦each¦DT¦) (¦t18.4¦verb¦be¦VB¦ (¦t18.5¦verb¦assign¦VBN¦ACTIVITY:t18.2¦ (¦t18.6¦particle¦to¦TO¦ (¦t18.9¦noun¦worker¦NN¦ ¦t18.7¦determiner¦a¦DT¦ ¦t18.8¦adjective¦social_medical¦JJ¦ ¦t18.10¦punctuation¦,¦Fc¦ (¦t18.12¦verb¦will¦MD¦ ¦t18.11¦pronoun¦who¦WP¦ (¦t18.13¦verb¦act¦VB¦ACTIVITY:t18.14¦ (¦t18.14¦preposition¦as¦IN¦ (¦t18.17¦noun¦in_taker¦NN¦ ¦t18.15¦determiner¦the¦DT¦ ¦t18.16¦adjective¦1¦JJ¦ (¦t18.18¦preposition¦of¦IN¦ (¦t18.20¦noun¦patient¦NN¦ ¦t18.19¦determiner¦the¦DT¦)))))))))) ¦t18.21¦punctuation¦.¦Fp¦), (¦t19.5¦verb¦will¦MD¦ (¦t19.1¦number¦1¦Z¦ (¦t19.2¦preposition¦of¦IN¦ (¦t19.4¦noun¦physician¦NNS¦ ¦t19.3¦determiner¦the¦DT¦))) (¦t19.6¦verb¦act¦VB¦ACTIVITY:t19.7¦ (¦t19.7¦preposition¦as¦IN¦ (¦t19.10¦noun¦in_taker¦NN¦ ¦t19.8¦determiner¦the¦DT¦ ¦t19.9¦adjective¦2¦JJ¦))) ¦t19.11¦punctuation¦.¦Fp¦), (¦t20.7¦verb¦take¦VBZ¦ACTIVITY:t20.8¦ (¦t20.1¦preposition¦in¦IN¦ (¦t20.3¦noun¦in_taker¦NNS¦ ¦t20.2¦verb¦assign¦VBG¦)) ¦t20.4¦punctuation¦,¦Fc¦ (¦t20.6¦noun¦team_leader¦NN¦ ¦t20.5¦determiner¦the¦DT¦) (¦t20.8¦preposition¦into¦IN¦ ¦t20.9¦noun¦account¦NN¦ (¦t20.11¦noun¦expertise¦NN¦ ¦t20.10¦pronoun¦their¦PRP$¦ ¦t20.12¦punctuation¦,¦Fc¦ (¦t20.14¦noun¦region¦NN¦ ¦t20.13¦determiner¦the¦DT¦ (¦t20.16¦verb¦be¦VBP¦ ¦t20.15¦pronoun¦they¦PRP¦ (¦t20.17¦adjective¦responsible¦JJ¦ (¦t20.18¦preposition¦for¦IN¦ ¦t20.19¦punctuation¦,¦Fc¦ (¦t20.21¦noun¦contact¦NNS¦ ¦t20.20¦adjective¦early¦JJR¦ (¦t20.23¦verb¦may¦MD¦ ¦t20.22¦pronoun¦they¦PRP¦ (¦t20.24¦verb¦have¦VB¦ (¦t20.25¦verb¦have¦VBN¦ (¦t20.26¦preposition¦with¦IN¦ (¦t20.28¦noun¦patient¦NN¦ ¦t20.27¦determiner¦the¦DT¦)))) ¦t20.29¦punctuation¦,¦Fc¦) (¦t20.30¦conjunction¦and¦CC¦ (¦t20.33¦noun¦load¦NN¦ ¦t20.31¦pronoun¦their¦PRP$¦ ¦t20.32¦noun¦case¦NN¦))))))))) ¦t20.34¦punctuation¦.¦Fp¦), (¦t21.3¦verb¦be¦VBP¦ (¦t21.2¦noun¦assignment¦NNS¦ ¦t21.1¦determiner¦the¦DT¦) (¦t21.4¦verb¦record¦VBN¦ACTIVITY:t21.2¦ (¦t21.5¦preposition¦on¦IN¦ (¦t21.8¦noun¦list¦NN¦ ¦t21.6¦determiner¦a¦DT¦ ¦t21.7¦noun¦assignment¦NN¦ (¦t21.10¦verb¦be¦VBZ¦ ¦t21.9¦determiner¦which¦WDT¦ (¦t21.11¦verb¦hand¦VBN¦ACTIVITY:t21.8¦ (¦t21.12¦particle¦to¦TO¦ (¦t21.15¦noun¦office¦NN¦ ¦t21.13¦determiner¦the¦DT¦ ¦t21.14¦adjective¦secretarial¦JJ¦))))))) ¦t21.16¦punctuation¦.¦Fp¦), (¦t22.7¦verb¦be¦VBZ¦ (¦t22.1¦preposition¦for¦IN¦ (¦t22.4¦noun¦assignment¦NN¦ ¦t22.2¦determiner¦each¦DT¦ ¦t22.3¦adjective¦new¦JJ¦)) ¦t22.5¦punctuation¦,¦Fc¦ ¦t22.6¦pronoun¦it¦PRP¦ ¦t22.8¦adverb¦also¦RB¦ (¦t22.9¦verb¦determine¦VBN¦ (¦t22.10¦preposition¦whether¦IN¦ (¦t22.17¦verb¦be¦VBZ¦CONDITION:null¦ (¦t22.13¦noun¦file¦NN¦ ¦t22.11¦determiner¦the¦DT¦ ¦t22.12¦adjective¦medical¦JJ¦ (¦t22.14¦preposition¦of¦IN¦ (¦t22.16¦noun¦patient¦NN¦ ¦t22.15¦determiner¦the¦DT¦))) ¦t22.18¦verb¦require¦VBN¦ACTIVITY:t22.13¦))) ¦t22.19¦punctuation¦.¦Fp¦), (¦t23.3¦verb¦be¦VBZ¦ (¦t23.2¦noun¦information¦NN¦ ¦t23.1¦determiner¦this¦DT¦) (¦t23.4¦verb¦add¦VBN¦ACTIVITY:t23.2¦ (¦t23.5¦particle¦to¦TO¦ (¦t23.8¦noun¦list¦NN¦ ¦t23.6¦determiner¦the¦DT¦ ¦t23.7¦noun¦assignment¦NN¦))) ¦t23.9¦punctuation¦.¦Fp¦), (¦t24.4¦noun¦store¦NNS¦ACTIVITY:t24.3¦ ¦t24.1¦determiner¦the¦DT¦ ¦t24.2¦adjective¦secretarial¦JJ¦ ¦t24.3¦noun¦office¦NN¦ (¦t24.7¦preposition¦of¦IN¦ (¦t24.6¦noun¦assignment¦NN¦ ¦t24.5¦determiner¦the¦DT¦) (¦t24.9¦noun¦patient¦NN¦ ¦t24.8¦determiner¦each¦DT¦ (¦t24.10¦preposition¦of¦IN¦ (¦t24.13¦noun¦list¦NN¦ ¦t24.11¦determiner¦the¦DT¦ ¦t24.12¦noun¦assignment¦NN¦ (¦t24.14¦preposition¦in¦IN¦ (¦t24.17¦noun¦system¦NN¦ ¦t24.15¦determiner¦the¦DT¦ ¦t24.16¦noun¦information¦NN¦)))))) ¦t24.18¦punctuation¦.¦Fp¦), (¦t25.2¦verb¦pass¦VBZ¦ACTIVITY:t25.6¦ ¦t25.1¦pronoun¦it¦PRP¦ (¦t25.6¦noun¦card¦NNS¦ ¦t25.3¦determiner¦the¦DT¦ ¦t25.4¦verb¦produce¦VBN¦ACTIVITY:t25.6¦ ¦t25.5¦noun¦registration¦NN¦ (¦t25.7¦particle¦to¦TO¦ (¦t25.12¦noun¦in_taker¦NN¦ ¦t25.8¦determiner¦the¦DT¦ (¦t25.9¦adjective¦1¦JJ¦ (¦t25.10¦conjunction¦and¦CC¦ ¦t25.11¦adjective¦2¦JJ¦)) (¦t25.13¦preposition¦of¦IN¦ (¦t25.17¦noun¦patient¦NN¦ ¦t25.14¦determiner¦each¦DT¦ (¦t25.16¦verb¦assign¦VBN¦ACTIVITY:t25.17¦ ¦t25.15¦adverb¦newly¦RB¦)))))) ¦t25.18¦punctuation¦.¦Fp¦), (¦t26.3¦verb¦keep¦VBZ¦ACTIVITY:t26.5¦ (¦t26.2¦noun¦in_taker¦NN¦ ¦t26.1¦determiner¦a¦DT¦) (¦t26.5¦noun¦registration¦NN¦ ¦t26.4¦determiner¦this¦DT¦) (¦t26.6¦preposition¦with¦IN¦ ¦t26.7¦pronoun¦him¦PRP¦) (¦t26.8¦preposition¦at¦IN¦ ¦t26.9¦noun¦time¦NNS¦) (¦t26.11¦verb¦visit¦VBG¦ACTIVITY:t26.13¦ ¦t26.10¦adverb¦when¦WRB¦ (¦t26.13¦noun¦patient¦NN¦ ¦t26.12¦determiner¦the¦DT¦) (¦t26.14¦conjunction¦and¦CC¦ (¦t26.15¦preposition¦in¦IN¦ (¦t26.18¦noun¦proximity¦NN¦ ¦t26.16¦pronoun¦his¦PRP$¦ ¦t26.17¦adjective¦close¦JJ¦ (¦t26.21¦verb¦be¦VBZ¦ ¦t26.19¦adverb¦when¦WRB¦ ¦t26.20¦pronoun¦he¦PRP¦ (¦t26.22¦preposition¦at¦IN¦ (¦t26.24¦noun¦office¦NN¦ ¦t26.23¦determiner¦the¦DT¦))))))) ¦t26.25¦punctuation¦.¦Fp¦), (¦t27.15¦verb¦prepare¦VBZ¦ (¦t27.1¦preposition¦for¦IN¦ (¦t27.3¦noun¦patient¦NN¦ ¦t27.2¦determiner¦each¦DT¦ (¦t27.9¦verb¦be¦VBZ¦ (¦t27.4¦preposition¦for¦IN¦ ¦t27.5¦determiner¦which¦WDT¦) (¦t27.8¦noun¦file¦NN¦ ¦t27.6¦determiner¦the¦DT¦ ¦t27.7¦adjective¦medical¦JJ¦) ¦t27.10¦verb¦require¦VBN¦ACTIVITY:t27.3¦))) ¦t27.11¦punctuation¦,¦Fc¦ (¦t27.14¦noun¦office¦NN¦ACTIVITY:t27.13¦ ¦t27.12¦determiner¦the¦DT¦ ¦t27.13¦adjective¦secretarial¦JJ¦) (¦t27.16¦conjunction¦and¦CC¦ (¦t27.17¦verb¦send¦VBZ¦ACTIVITY:t27.19¦ (¦t27.19¦noun¦letter¦NN¦ ¦t27.18¦determiner¦a¦DT¦ (¦t27.20¦particle¦to¦TO¦ (¦t27.23¦noun¦doctor¦NN¦ ¦t27.21¦determiner¦the¦DT¦ ¦t27.22¦noun¦family¦NN¦ (¦t27.24¦preposition¦of¦IN¦ (¦t27.26¦noun¦patient¦NN¦ ¦t27.25¦determiner¦the¦DT¦))))) ¦t27.27¦punctuation¦,¦Fc¦)) (¦t27.28¦verb¦request¦VBG¦ACTIVITY:t27.29¦ (¦t27.29¦preposition¦for¦IN¦ (¦t27.31¦noun¦copy¦NN¦ACTIVITY:t27.32¦ ¦t27.30¦determiner¦a¦DT¦ (¦t27.32¦preposition¦of¦IN¦ (¦t27.35¦noun¦file¦NN¦ ¦t27.33¦determiner¦the¦DT¦ ¦t27.34¦adjective¦medical¦JJ¦))))) ¦t27.36¦punctuation¦.¦Fp¦), (¦t28.12¦verb¦will¦MD¦ (¦t28.2¦adverb¦soon¦RB¦ ¦t28.1¦preposition¦as¦IN¦ (¦t28.3¦preposition¦as¦IN¦ (¦t28.6¦verb¦be¦VBZ¦ (¦t28.5¦noun¦copy¦NN¦ ¦t28.4¦determiner¦this¦DT¦) ¦t28.7¦verb¦receive¦VBN¦ACTIVITY:t28.5¦))) ¦t28.8¦punctuation¦,¦Fc¦ (¦t28.11¦noun¦office¦NN¦ ¦t28.9¦determiner¦the¦DT¦ ¦t28.10¦adjective¦secretarial¦JJ¦) (¦t28.13¦verb¦inform¦VB¦ACTIVITY:t28.16¦ (¦t28.16¦noun¦in_taker¦NN¦ ¦t28.14¦determiner¦the¦DT¦ ¦t28.15¦adjective¦2¦JJ¦) (¦t28.17¦conjunction¦and¦CC¦ (¦t28.18¦verb¦add¦VB¦ACTIVITY:t28.20¦ (¦t28.20¦noun¦copy¦NN¦ ¦t28.19¦determiner¦the¦DT¦) (¦t28.21¦particle¦to¦TO¦ (¦t28.24¦noun¦file¦NN¦ ¦t28.22¦determiner¦the¦DT¦ ¦t28.23¦adjective¦patient¦JJ¦))))) ¦t28.25¦punctuation¦.¦Fp¦), (¦t29.4¦verb¦plan¦VBZ¦ACTIVITY:t29.6¦ (¦t29.3¦noun¦in_taker¦NN¦ ¦t29.1¦determiner¦the¦DT¦ ¦t29.2¦adjective¦1¦JJ¦) (¦t29.6¦noun¦meeting¦NN¦ ¦t29.5¦determiner¦a¦DT¦ (¦t29.7¦preposition¦with¦IN¦ (¦t29.9¦noun¦patient¦NN¦ ¦t29.8¦determiner¦the¦DT¦))) (¦t29.11¦adverb¦soon¦RB¦ ¦t29.10¦preposition¦as¦IN¦ (¦t29.12¦preposition¦as¦IN¦ (¦t29.14¦verb¦be¦VBZ¦ ¦t29.13¦determiner¦this¦DT¦ ¦t29.15¦adjective¦possible¦JJ¦))) ¦t29.16¦punctuation¦.¦Fp¦), (¦t30.8¦verb¦be¦VBZ¦ (¦t30.1¦preposition¦during¦IN¦ (¦t30.4¦noun¦meeting¦NN¦ ¦t30.2¦determiner¦the¦DT¦ ¦t30.3¦adjective¦1¦JJ¦)) ¦t30.5¦punctuation¦,¦Fc¦ (¦t30.7¦noun¦patient¦NN¦ ¦t30.6¦determiner¦the¦DT¦) (¦t30.9¦verb¦examine¦VBN¦ACTIVITY:t30.7¦ (¦t30.10¦verb¦use¦VBG¦ (¦t30.13¦noun¦checklist¦NN¦ ¦t30.11¦determiner¦a¦DT¦ ¦t30.12¦adjective¦standard¦JJ¦ (¦t30.15¦verb¦be¦VBZ¦ ¦t30.14¦determiner¦which¦WDT¦ (¦t30.16¦verb¦fill¦VBN¦ACTIVITY:t30.13¦ ¦t30.17¦particle¦out¦RP¦))))) ¦t30.18¦punctuation¦.¦Fp¦), (¦t31.3¦verb¦be¦VBP¦ (¦t31.2¦noun¦observation¦NNS¦ ¦t31.1¦adjective¦additional¦JJ¦) (¦t31.4¦verb¦register¦VBN¦ACTIVITY:t31.2¦ (¦t31.5¦preposition¦in¦IN¦ (¦t31.8¦noun¦notebook¦NN¦ ¦t31.6¦determiner¦a¦DT¦ ¦t31.7¦adjective¦personal¦JJ¦))) ¦t31.9¦punctuation¦.¦Fp¦), (¦t32.8¦verb¦put¦VBZ¦ACTIVITY:t32.10¦ (¦t32.1¦preposition¦after¦IN¦ (¦t32.3¦noun¦visit¦NN¦ ¦t32.2¦determiner¦a¦DT¦)) ¦t32.4¦punctuation¦,¦Fc¦ (¦t32.7¦noun¦in_taker¦NN¦ ¦t32.5¦determiner¦the¦DT¦ ¦t32.6¦adjective¦1¦JJ¦) (¦t32.10¦noun¦copy¦NN¦ ¦t32.9¦determiner¦a¦DT¦ (¦t32.11¦preposition¦of¦IN¦ (¦t32.13¦noun¦note¦NNS¦ ¦t32.12¦determiner¦these¦DT¦))) (¦t32.14¦preposition¦in¦IN¦ (¦t32.16¦noun¦file¦NN¦ ¦t32.15¦determiner¦the¦DT¦ (¦t32.17¦preposition¦of¦IN¦ (¦t32.19¦noun¦patient¦NN¦ ¦t32.18¦determiner¦a¦DT¦)))) ¦t32.20¦punctuation¦.¦Fp¦), (¦t33.4¦verb¦be¦VBZ¦ (¦t33.3¦noun¦checklist¦NN¦ ¦t33.1¦determiner¦the¦DT¦ ¦t33.2¦adjective¦standard¦JJ¦) ¦t33.5¦adverb¦also¦RB¦ (¦t33.6¦verb¦add¦VBN¦ACTIVITY:t33.3¦ (¦t33.7¦particle¦to¦TO¦ (¦t33.9¦noun¦patient¦NN¦ ¦t33.8¦determiner¦the¦DT¦))) ¦t33.10¦punctuation¦?¦Fit¦ (¦t33.12¦verb¦file¦VBP¦ ¦t33.11¦noun¦s¦NNS¦) ¦t33.13¦punctuation¦.¦Fp¦), (¦t34.4¦verb¦plan¦VBZ¦ACTIVITY:t34.7¦ (¦t34.3¦noun¦in_taker¦NN¦ ¦t34.1¦determiner¦the¦DT¦ ¦t34.2¦adjective¦2¦JJ¦) (¦t34.7¦noun¦meeting¦NN¦ ¦t34.5¦determiner¦the¦DT¦ ¦t34.6¦adjective¦1¦JJ¦) (¦t34.9¦preposition¦after¦IN¦ ¦t34.8¦adverb¦only¦RB¦ (¦t34.12¦noun¦information¦NN¦ ¦t34.10¦determiner¦the¦DT¦ ¦t34.11¦adjective¦medical¦JJ¦ (¦t34.13¦preposition¦of¦IN¦ (¦t34.15¦noun¦physician¦NN¦ ¦t34.14¦determiner¦the¦DT¦)))) (¦t34.16¦preposition¦if¦IN¦ ¦t34.17¦verb¦require¦VBN¦CONDITION:null¦ (¦t34.18¦verb¦have¦VBZ¦ (¦t34.19¦verb¦be¦VBN¦ ¦t34.20¦verb¦receive¦VBN¦))) ¦t34.21¦punctuation¦.¦Fp¦), (¦t35.2¦verb¦use¦VBP¦ACTIVITY:t35.3¦ ¦t35.1¦noun¦physician¦NNS¦ ¦t35.3¦noun¦dictaphone¦NNS¦ (¦t35.4¦particle¦to¦TO¦ (¦t35.5¦verb¦record¦VB¦ACTIVITY:t35.7¦ (¦t35.7¦noun¦observation¦NNS¦ ¦t35.6¦pronoun¦their¦PRP$¦ ¦t35.8¦verb¦make¦VBN¦ACTIVITY:t35.7¦) (¦t35.9¦preposition¦during¦IN¦ (¦t35.10¦noun¦meeting¦NNS¦ACTIVITY:t35.11¦ (¦t35.11¦preposition¦with¦IN¦ ¦t35.12¦noun¦patient¦NNS¦))))) ¦t35.13¦punctuation¦.¦Fp¦), (¦t36.4¦noun¦type¦NNS¦ ¦t36.1¦determiner¦the¦DT¦ ¦t36.2¦adjective¦secretarial¦JJ¦ ¦t36.3¦noun¦office¦NN¦ (¦t36.5¦preposition¦out¦IN¦ (¦t36.7¦noun¦tape¦NNS¦ ¦t36.6¦determiner¦these¦DT¦ (¦t36.13¦verb¦be¦VBZ¦ ¦t36.8¦punctuation¦,¦Fc¦ (¦t36.9¦preposition¦after¦IN¦ ¦t36.10¦determiner¦which¦WDT¦) (¦t36.12¦noun¦information¦NN¦ ¦t36.11¦determiner¦the¦DT¦) (¦t36.14¦verb¦add¦VBN¦ACTIVITY:t36.7¦ (¦t36.15¦particle¦to¦TO¦ (¦t36.18¦noun¦file¦NN¦ ¦t36.16¦determiner¦the¦DT¦ ¦t36.17¦adjective¦patient¦JJ¦))) ¦t36.19¦punctuation¦.¦Fp¦)))), (¦t37.22¦verb¦put¦VBZ¦ACTIVITY:t37.24¦ (¦t37.2¦adverb¦soon¦RB¦ ¦t37.1¦preposition¦as¦IN¦ (¦t37.3¦preposition¦as¦IN¦ (¦t37.15¦verb¦have¦VBP¦ (¦t37.5¦noun¦meeting¦NNS¦ ¦t37.4¦determiner¦the¦DT¦ (¦t37.6¦preposition¦of¦IN¦ (¦t37.11¦noun¦in_taker¦NN¦ ¦t37.7¦determiner¦the¦DT¦ (¦t37.8¦adjective¦1¦JJ¦ (¦t37.9¦conjunction¦and¦CC¦ ¦t37.10¦adjective¦2¦JJ¦)) (¦t37.12¦preposition¦with¦IN¦ (¦t37.14¦noun¦patient¦NN¦ ¦t37.13¦determiner¦the¦DT¦))))) (¦t37.16¦verb¦take¦VBN¦ACTIVITY:t37.17¦ ¦t37.17¦noun¦place¦NN¦)))) ¦t37.18¦punctuation¦,¦Fc¦ (¦t37.21¦noun¦office¦NN¦ ¦t37.19¦determiner¦the¦DT¦ ¦t37.20¦adjective¦secretarial¦JJ¦) (¦t37.24¦noun¦patient¦NN¦ ¦t37.23¦determiner¦the¦DT¦) (¦t37.25¦preposition¦on¦IN¦ (¦t37.27¦noun¦list¦NN¦ ¦t37.26¦determiner¦the¦DT¦ (¦t37.28¦preposition¦of¦IN¦ (¦t37.29¦noun¦patient¦NNS¦ (¦t37.31¦verb¦reach¦VBP¦ACTIVITY:t37.33¦ ¦t37.30¦determiner¦that¦WDT¦ (¦t37.33¦noun¦status¦NN¦ ¦t37.32¦determiner¦this¦DT¦)))))) ¦t37.34¦punctuation¦.¦Fp¦), (¦t38.9¦verb¦provide¦VBP¦ACTIVITY:t38.11¦ (¦t38.1¦preposition¦for¦IN¦ (¦t38.4¦noun¦meeting¦NN¦ ¦t38.2¦determiner¦the¦DT¦ ¦t38.3¦noun¦staff¦NN¦ (¦t38.5¦preposition¦on¦IN¦ ¦t38.6¦date¦[X:??/??/??:??.??:??]¦W¦))) ¦t38.7¦punctuation¦,¦Fc¦ ¦t38.8¦pronoun¦they¦PRP¦ (¦t38.11¦noun¦team_leader¦NN¦ ¦t38.10¦determiner¦the¦DT¦) (¦t38.12¦preposition¦with¦IN¦ (¦t38.14¦noun¦list¦NN¦ ¦t38.13¦determiner¦a¦DT¦ (¦t38.15¦preposition¦of¦IN¦ (¦t38.17¦noun¦patient¦NNS¦ ¦t38.16¦determiner¦these¦DT¦)))) ¦t38.18¦punctuation¦.¦Fp¦), (¦t39.20¦verb¦formulate¦VB¦ACTIVITY:t39.23¦ (¦t39.1¦preposition¦for¦IN¦ (¦t39.2¦determiner¦each¦DT¦ (¦t39.3¦preposition¦of¦IN¦ (¦t39.5¦noun¦patient¦NNS¦ ¦t39.4¦determiner¦these¦DT¦)))) ¦t39.6¦punctuation¦,¦Fc¦ (¦t39.11¦noun¦in_taker¦NN¦ ¦t39.7¦determiner¦the¦DT¦ (¦t39.8¦adjective¦1¦JJ¦ (¦t39.9¦conjunction¦and¦CC¦ ¦t39.10¦adjective¦2¦JJ¦))) (¦t39.12¦adverb¦together¦RB¦ (¦t39.13¦preposition¦with¦IN¦ (¦t39.15¦noun¦team_leader¦NN¦ ¦t39.14¦determiner¦the¦DT¦ (¦t39.16¦conjunction¦and¦CC¦ (¦t39.19¦noun¦psychiatrist¦NN¦ ¦t39.17¦determiner¦the¦DT¦ ¦t39.18¦verb¦attend¦VBG¦))))) (¦t39.23¦noun¦plan¦NN¦ ¦t39.21¦determiner¦a¦DT¦ ¦t39.22¦noun¦treatment¦NN¦) ¦t39.24¦punctuation¦.¦Fp¦), (¦t40.5¦verb¦end¦VBZ¦ACTIVITY:t40.8¦ (¦t40.3¦noun¦plan¦NN¦ACTIVITY:t40.2¦ ¦t40.1¦determiner¦this¦DT¦ ¦t40.2¦noun¦treatment¦NN¦) ¦t40.4¦adverb¦formally¦RB¦ (¦t40.8¦noun¦procedure¦NN¦ ¦t40.6¦determiner¦the¦DT¦ ¦t40.7¦noun¦intake¦NN¦) ¦t40.9¦punctuation¦.¦Fp¦)]