[(¦t1.9¦verb¦clarify¦VBZ¦ (¦t1.1¦preposition¦if¦IN¦ (¦t1.3¦verb¦shall¦MD¦CONDITION:null¦ ¦t1.2¦noun¦good¦NNS¦ (¦t1.4¦verb¦be¦VB¦ ¦t1.5¦verb¦ship¦VBN¦ACTIVITY:t1.2¦))) ¦t1.6¦punctuation¦,¦Fc¦ (¦t1.8¦noun¦secretary¦NN¦ ¦t1.7¦determiner¦the¦DT¦) (¦t1.11¦verb¦will¦MD¦ ¦t1.10¦pronoun¦who¦WP¦ (¦t1.12¦verb¦do¦VB¦ (¦t1.14¦noun¦shipping¦NN¦ ¦t1.13¦determiner¦the¦DT¦))) ¦t1.15¦punctuation¦.¦Fp¦), (¦t2.9¦verb¦will¦MD¦ (¦t2.1¦preposition¦if¦IN¦ (¦t2.3¦verb¦have¦VBP¦CONDITION:null¦ ¦t2.2¦pronoun¦you¦PRP¦ (¦t2.5¦noun¦amount¦NNS¦ ¦t2.4¦adjective¦large¦JJ¦))) ¦t2.6¦punctuation¦,¦Fc¦ (¦t2.8¦noun¦shipping¦NN¦ ¦t2.7¦adjective¦special¦JJ¦) (¦t2.10¦verb¦be¦VB¦ ¦t2.11¦adjective¦necessary¦JJ¦) ¦t2.12¦punctuation¦.¦Fp¦), (¦t3.6¦verb¦invite¦VBZ¦ACTIVITY:t3.9¦ (¦t3.1¦preposition¦in¦IN¦ (¦t3.3¦noun¦case¦NNS¦ ¦t3.2¦determiner¦these¦DT¦)) (¦t3.5¦noun¦secretary¦NN¦ ¦t3.4¦determiner¦the¦DT¦) (¦t3.9¦noun¦company¦NNS¦ ¦t3.7¦number¦3¦Z¦ ¦t3.8¦adjective¦logistic¦JJ¦) (¦t3.10¦particle¦to¦TO¦ (¦t3.11¦verb¦make¦VB¦ACTIVITY:t3.12¦ ¦t3.12¦noun¦offer¦NNS¦)) (¦t3.13¦conjunction¦and¦CC¦ (¦t3.15¦verb¦select¦VBZ¦ACTIVITY:t3.16¦ ¦t3.14¦pronoun¦she¦PRP¦ (¦t3.16¦number¦1¦Z¦ (¦t3.17¦preposition¦of¦IN¦ ¦t3.18¦pronoun¦them¦PRP¦)))) ¦t3.19¦punctuation¦.¦Fp¦), (¦t4.9¦verb¦be¦VBZ¦ ¦t4.1¦conjunction¦in_case¦CC¦ (¦t4.2¦preposition¦of¦IN¦ (¦t4.4¦noun¦amount¦NNS¦ ¦t4.3¦adjective¦small¦JJ¦)) ¦t4.5¦punctuation¦,¦Fc¦ (¦t4.8¦noun¦shipment¦NN¦ ¦t4.6¦adjective¦normal¦JJ¦ ¦t4.7¦noun¦post¦NN¦) ¦t4.10¦verb¦use¦VBN¦ACTIVITY:t4.8¦ ¦t4.11¦punctuation¦.¦Fp¦), (¦t5.5¦verb¦be¦VBZ¦ (¦t5.4¦noun¦label¦NN¦ ¦t5.1¦adverb¦therefore¦RB¦ ¦t5.2¦determiner¦a¦DT¦ ¦t5.3¦noun¦package¦NN¦) (¦t5.6¦verb¦write¦VBN¦ACTIVITY:t5.4¦ (¦t5.7¦preposition¦by¦IN¦ (¦t5.9¦noun¦secretary¦NN¦ ¦t5.8¦determiner¦the¦DT¦ (¦t5.10¦conjunction¦and¦CC¦ (¦t5.13¦noun¦insurance¦NN¦ ¦t5.11¦determiner¦a¦DT¦ ¦t5.12¦noun¦parcel¦NN¦ (¦t5.14¦verb¦take¦VBN¦ACTIVITY:t5.13¦ (¦t5.15¦preposition¦by¦IN¦ (¦t5.19¦noun¦head¦NN¦ ¦t5.16¦determiner¦the¦DT¦ (¦t5.18¦noun¦department¦NN¦ ¦t5.17¦noun¦logistics¦NNS¦))) (¦t5.20¦preposition¦if¦IN¦ ¦t5.21¦adjective¦necessary¦JJ¦))))))) ¦t5.22¦punctuation¦.¦Fp¦), (¦t6.4¦verb¦can¦MD¦ ¦t6.1¦adverb¦in_the_meantime¦RB¦ (¦t6.3¦noun¦good¦NNS¦ ¦t6.2¦determiner¦the¦DT¦) (¦t6.5¦verb¦be¦VB¦ ¦t6.6¦adverb¦already¦RB¦ (¦t6.7¦verb¦package¦VBN¦ACTIVITY:t6.3¦ (¦t6.8¦preposition¦by¦IN¦ (¦t6.10¦noun¦warehouseman¦NNS¦ ¦t6.9¦determiner¦the¦DT¦)))) ¦t6.11¦punctuation¦.¦Fp¦), (¦t7.9¦verb¦be¦VBP¦ (¦t7.1¦preposition¦if¦IN¦ (¦t7.3¦verb¦be¦VBZ¦CONDITION:null¦ ¦t7.2¦pronoun¦everything¦PRP¦ ¦t7.4¦adjective¦ready¦JJ¦)) ¦t7.5¦punctuation¦,¦Fc¦ (¦t7.8¦noun¦good¦NNS¦ ¦t7.6¦determiner¦the¦DT¦ ¦t7.7¦verb¦package¦VBN¦ACTIVITY:t7.8¦) (¦t7.10¦verb¦prepare¦VBN¦ACTIVITY:t7.8¦ (¦t7.11¦preposition¦for¦IN¦ (¦t7.12¦verb¦be¦VBG¦ (¦t7.13¦verb¦pick¦VBD¦ACTIVITY:t7.8¦ ¦t7.14¦particle¦up¦RP¦ (¦t7.15¦preposition¦by¦IN¦ (¦t7.18¦noun¦company¦NN¦ ¦t7.16¦determiner¦the¦DT¦ ¦t7.17¦adjective¦logistic¦JJ¦)))))) ¦t7.19¦punctuation¦.¦Fp¦)]