[(¦t1.5¦verb¦start¦VBZ¦ (¦t1.4¦noun¦process¦NN¦ ¦t1.1¦determiner¦the¦DT¦ (¦t1.3¦noun¦approval¦NN¦ACTIVITY:t1.2¦ ¦t1.2¦noun¦loan¦NN¦)) (¦t1.6¦preposition¦by¦IN¦ (¦t1.7¦verb¦receive¦VBG¦ACTIVITY:t1.10¦ (¦t1.10¦noun¦request¦NN¦ ¦t1.8¦determiner¦a¦DT¦ ¦t1.9¦noun¦customer¦NN¦ (¦t1.11¦preposition¦for¦IN¦ (¦t1.14¦noun¦amount¦NN¦ ¦t1.12¦determiner¦a¦DT¦ ¦t1.13¦noun¦loan¦NN¦))))) ¦t1.15¦punctuation¦.¦Fp¦), (¦t2.6¦verb¦be¦VBZ¦ (¦t2.5¦noun¦service¦NN¦ ¦t2.1¦determiner¦the¦DT¦ (¦t2.3¦noun¦assessment¦NN¦ACTIVITY:t2.2¦ ¦t2.2¦noun¦risk¦NN¦) ¦t2.4¦noun¦web¦NP¦) (¦t2.7¦verb¦invoke¦VBN¦ACTIVITY:t2.5¦ (¦t2.8¦particle¦to¦TO¦ (¦t2.9¦verb¦assess¦VB¦ACTIVITY:t2.11¦ (¦t2.11¦noun¦request¦NN¦ ¦t2.10¦determiner¦the¦DT¦)))) ¦t2.12¦punctuation¦.¦Fp¦), (¦t3.15¦verb¦be¦VBZ¦ (¦t3.1¦preposition¦if¦IN¦ (¦t3.4¦verb¦be¦VBZ¦CONDITION:null¦ (¦t3.3¦noun¦loan¦NN¦ ¦t3.2¦determiner¦the¦DT¦) (¦t3.5¦adjective¦small¦JJ¦ ¦t3.6¦conjunction¦and¦CC¦)) (¦t3.9¦verb¦be¦VBZ¦ (¦t3.8¦noun¦customer¦NN¦ ¦t3.7¦determiner¦the¦DT¦) (¦t3.11¦noun¦risk¦NN¦ ¦t3.10¦adjective¦low¦JJ¦))) ¦t3.12¦punctuation¦,¦Fc¦ (¦t3.14¦noun¦loan¦NN¦ ¦t3.13¦determiner¦the¦DT¦) ¦t3.16¦verb¦approve¦VBN¦ACTIVITY:t3.14¦ ¦t3.17¦punctuation¦.¦Fp¦), (¦t4.10¦verb¦be¦VBZ¦ (¦t4.1¦preposition¦if¦IN¦ (¦t4.4¦verb¦be¦VBZ¦CONDITION:null¦ (¦t4.3¦noun¦customer¦NN¦ ¦t4.2¦determiner¦the¦DT¦) (¦t4.6¦noun¦risk¦NN¦ ¦t4.5¦adjective¦high¦JJ¦))) ¦t4.7¦punctuation¦,¦Fc¦ (¦t4.9¦noun¦loan¦NN¦ ¦t4.8¦determiner¦the¦DT¦) ¦t4.11¦verb¦deny¦VBN¦ACTIVITY:t4.9¦ ¦t4.12¦punctuation¦.¦Fp¦), (¦t5.19¦verb¦be¦VBZ¦ (¦t5.1¦preposition¦if¦IN¦ (¦t5.4¦verb¦need¦VBZ¦CONDITION:null¦ (¦t5.3¦noun¦customer¦NN¦ ¦t5.2¦determiner¦the¦DT¦)) (¦t5.11¦verb¦be¦VBZ¦ (¦t5.6¦noun¦review¦NN¦ ¦t5.5¦adjective¦further¦JJ¦ (¦t5.7¦conjunction¦or¦CC¦ (¦t5.10¦noun¦amount¦NN¦ ¦t5.8¦determiner¦the¦DT¦ ¦t5.9¦noun¦loan¦NN¦))) (¦t5.12¦preposition¦for¦IN¦ (¦t5.13¦number¦$_USD:10000¦Zm¦ (¦t5.14¦conjunction¦or¦CC¦ ¦t5.15¦adverb¦more¦RB¦))))) ¦t5.16¦punctuation¦,¦Fc¦ (¦t5.18¦noun¦request¦NN¦ ¦t5.17¦determiner¦the¦DT¦) (¦t5.20¦verb¦send¦VBN¦ACTIVITY:t5.18¦ (¦t5.21¦particle¦to¦TO¦ (¦t5.25¦noun¦service¦NN¦ ¦t5.22¦determiner¦the¦DT¦ ¦t5.23¦noun¦app_rover¦NN¦ ¦t5.24¦noun¦web¦NP¦))) ¦t5.26¦punctuation¦.¦Fp¦), (¦t6.3¦verb¦receive¦VBZ¦ACTIVITY:t6.4¦ (¦t6.2¦noun¦customer¦NN¦ ¦t6.1¦determiner¦the¦DT¦) ¦t6.4¦noun¦feedback¦NN¦ (¦t6.5¦preposition¦from¦IN¦ (¦t6.7¦noun¦assessor¦NN¦ ¦t6.6¦determiner¦the¦DT¦ (¦t6.8¦conjunction¦or¦CC¦ ¦t6.9¦noun¦app_rover¦NN¦))) ¦t6.10¦punctuation¦.¦Fp¦)]