[(¦t1.5¦verb¦start¦VBZ¦ (¦t1.4¦noun¦process¦NN¦ ¦t1.1¦determiner¦the¦DT¦ (¦t1.3¦noun¦reimbursement¦NN¦ACTIVITY:t1.2¦ ¦t1.2¦noun¦travel¦NN¦)) ¦t1.6¦adverb¦once¦RB¦ (¦t1.9¦verb¦have¦VBZ¦ (¦t1.8¦noun¦employee¦NN¦ ¦t1.7¦determiner¦a¦DT¦) (¦t1.10¦verb¦compile¦VBN¦ACTIVITY:t1.15¦ (¦t1.11¦conjunction¦and¦CC¦ ¦t1.12¦verb¦submit¦VBN¦ACTIVITY:t1.15¦) (¦t1.15¦noun¦request¦NN¦ ¦t1.13¦determiner¦a¦DT¦ ¦t1.14¦noun¦travel¦NN¦ (¦t1.17¦verb¦include¦VBZ¦ACTIVITY:t1.15¦ ¦t1.16¦determiner¦that¦WDT¦ (¦t1.21¦noun¦information¦NN¦ ¦t1.18¦determiner¦the¦DT¦ (¦t1.20¦adjective¦critical¦JJ¦ ¦t1.19¦adverb¦most¦RB¦) (¦t1.22¦preposition¦about¦IN¦ (¦t1.25¦noun¦trip¦NN¦ACTIVITY:t1.24¦ ¦t1.23¦determiner¦the¦DT¦ ¦t1.24¦noun¦business¦NN¦ (¦t1.29¦noun¦destination¦NN¦ (¦t1.27¦adjective¦e.g.¦JJ¦ ¦t1.26¦punctuation¦Fpa¦Fpa¦ ¦t1.28¦punctuation¦,¦Fc¦) ¦t1.30¦punctuation¦,¦Fc¦ (¦t1.31¦noun¦purpose¦NN¦ ¦t1.32¦conjunction¦etc¦CC¦))))))))) ¦t1.33¦punctuation¦.¦Fp¦ ¦t1.34¦punctuation¦Fpt¦Fpt¦ ¦t1.35¦punctuation¦.¦Fp¦), (¦t2.5¦verb¦be¦VBZ¦ ¦t2.1¦adverb¦then¦RB¦ ¦t2.2¦punctuation¦,¦Fc¦ (¦t2.4¦noun¦request¦NN¦ ¦t2.3¦determiner¦the¦DT¦) (¦t2.6¦verb¦select¦VBN¦ACTIVITY:t2.4¦ (¦t2.7¦preposition¦by¦IN¦ (¦t2.9¦noun¦system¦NN¦ ¦t2.8¦determiner¦the¦DT¦)) (¦t2.10¦conjunction¦and¦CC¦ (¦t2.11¦verb¦send¦VBD¦ACTIVITY:t2.4¦ (¦t2.12¦particle¦to¦TO¦ (¦t2.14¦noun¦accounting¦NN¦ ¦t2.13¦noun¦financial¦NP¦)) (¦t2.15¦conjunction¦so_as_to¦CC¦ (¦t2.16¦verb¦assess¦VB¦ACTIVITY:t2.17¦ ¦t2.17¦pronoun¦it¦PRP¦ (¦t2.18¦conjunction¦and¦CC¦ (¦t2.19¦verb¦decide¦VB¦ (¦t2.20¦preposition¦whether¦IN¦ (¦t2.22¦verb¦should¦MD¦CONDITION:null¦ ¦t2.21¦pronoun¦it¦PRP¦ (¦t2.23¦verb¦be¦VB¦ (¦t2.24¦verb¦approve¦VBN¦ACTIVITY:t2.21¦ (¦t2.25¦conjunction¦or¦CC¦ ¦t2.26¦adverb¦not¦RB¦CONDITION:null¦)))))))))))) ¦t2.27¦punctuation¦.¦Fp¦), (¦t3.26¦verb¦may¦MD¦ (¦t3.1¦preposition¦if¦IN¦ ¦t3.2¦verb¦approve¦VBN¦CONDITION:null¦) ¦t3.3¦punctuation¦,¦Fc¦ (¦t3.6¦noun¦request¦NNS¦ ¦t3.4¦determiner¦the¦DT¦ ¦t3.5¦noun¦system¦NN¦ (¦t3.7¦conjunction¦and¦CC¦ (¦t3.9¦verb¦assign¦VBZ¦ ¦t3.8¦adverb¦then¦RB¦ (¦t3.10¦particle¦to¦TO¦ (¦t3.13¦noun¦request¦NN¦ ¦t3.11¦determiner¦this¦DT¦ ¦t3.12¦adjective¦particular¦JJ¦) (¦t3.17¦noun¦amount¦NN¦ ¦t3.14¦determiner¦the¦DT¦ ¦t3.15¦adjective¦maximum¦JJ¦ ¦t3.16¦adjective¦refundable¦JJ¦ (¦t3.18¦preposition¦that¦IN¦ ¦t3.19¦punctuation¦,¦Fc¦) (¦t3.20¦verb¦depend¦VBG¦ACTIVITY:t3.21¦ (¦t3.21¦preposition¦on¦IN¦ (¦t3.24¦noun¦policy¦NNS¦ ¦t3.22¦determiner¦the¦DT¦ ¦t3.23¦noun¦company¦NN¦))) ¦t3.25¦punctuation¦,¦Fc¦))))) (¦t3.27¦verb¦include¦VB¦ACTIVITY:t3.6¦ (¦t3.28¦verb¦lodge¦VBG¦ ¦t3.29¦punctuation¦,¦Fc¦ (¦t3.30¦noun¦flight¦NNS¦ ¦t3.31¦punctuation¦,¦Fc¦ (¦t3.33¦noun¦transportation¦NN¦ ¦t3.32¦noun¦ground¦NN¦ACTIVITY:t3.33¦ ¦t3.34¦punctuation¦,¦Fc¦ ¦t3.35¦noun¦meal¦NNS¦ ¦t3.36¦punctuation¦,¦Fc¦ (¦t3.37¦conjunction¦and¦CC¦ (¦t3.40¦noun¦expense¦NNS¦ACTIVITY:t3.39¦ ¦t3.38¦adjective¦other¦JJ¦ ¦t3.39¦adjective¦incidental¦JJ¦) (¦t3.43¦verb¦may¦MD¦ (¦t3.42¦noun¦employee¦NN¦ ¦t3.41¦determiner¦a¦DT¦) (¦t3.44¦verb¦experience¦VB¦ (¦t3.45¦preposition¦while¦IN¦ (¦t3.46¦verb¦travel¦VBG¦ACTIVITY:t3.47¦ (¦t3.47¦preposition¦for¦IN¦ ¦t3.48¦noun¦work¦NN¦)))))))))) ¦t3.49¦punctuation¦.¦Fp¦), (¦t4.13¦verb¦can¦MD¦ (¦t4.1¦preposition¦after¦IN¦ ¦t4.2¦determiner¦this¦DT¦) ¦t4.3¦punctuation¦,¦Fc¦ (¦t4.7¦noun¦change¦NNS¦ ¦t4.4¦determiner¦the¦DT¦ (¦t4.6¦noun¦status¦NN¦ ¦t4.5¦noun¦request¦NN¦) (¦t4.8¦particle¦to¦TO¦ ¦t4.9¦verb¦accept¦VBN¦ACTIVITY:t4.7¦) ¦t4.10¦conjunction¦and¦CC¦) (¦t4.12¦noun¦employee¦NN¦ ¦t4.11¦determiner¦the¦DT¦) (¦t4.14¦verb¦leave¦VB¦ACTIVITY:t4.15¦ (¦t4.15¦preposition¦for¦IN¦ (¦t4.18¦noun¦trip¦NN¦ACTIVITY:t4.17¦ ¦t4.16¦pronoun¦her¦PRP$¦ ¦t4.17¦noun¦business¦NN¦))) ¦t4.19¦punctuation¦.¦Fp¦), (¦t5.12¦verb¦be¦VBZ¦ (¦t5.2¦adverb¦soon¦RB¦ ¦t5.1¦preposition¦as¦IN¦ (¦t5.3¦preposition¦as¦IN¦ (¦t5.6¦verb¦have¦VBZ¦ (¦t5.5¦noun¦trip¦NN¦ ¦t5.4¦determiner¦the¦DT¦) (¦t5.7¦verb¦be¦VBN¦ ¦t5.8¦verb¦complete¦VBN¦ACTIVITY:t5.5¦)))) ¦t5.9¦punctuation¦,¦Fc¦ (¦t5.11¦noun¦employee¦NN¦ ¦t5.10¦determiner¦the¦DT¦) (¦t5.13¦verb¦ask¦VBN¦ (¦t5.14¦particle¦to¦TO¦ (¦t5.15¦verb¦submit¦VB¦ACTIVITY:t5.18¦ (¦t5.18¦noun¦form¦NN¦ ¦t5.16¦determiner¦a¦DT¦ ¦t5.17¦noun¦reimbursement¦NN¦ (¦t5.20¦verb¦include¦VBZ¦ACTIVITY:t5.18¦ ¦t5.19¦determiner¦that¦WDT¦ (¦t5.24¦noun¦expense¦NNS¦ ¦t5.21¦determiner¦all¦DT¦ ¦t5.22¦determiner¦the¦DT¦ ¦t5.23¦noun¦travel¦NN¦)))))) ¦t5.25¦punctuation¦.¦Fp¦), (¦t6.7¦verb¦have¦VBZ¦ (¦t6.2¦adverb¦soon¦RB¦ ¦t6.1¦preposition¦as¦IN¦ ¦t6.3¦preposition¦as¦IN¦) (¦t6.6¦noun¦form¦NN¦ ¦t6.4¦determiner¦the¦DT¦ ¦t6.5¦noun¦reimbursement¦NN¦) (¦t6.8¦verb¦be¦VBN¦ (¦t6.9¦verb¦submit¦VBN¦ACTIVITY:t6.6¦ ¦t6.10¦punctuation¦,¦Fc¦ (¦t6.14¦noun¦change¦NNS¦ ¦t6.11¦determiner¦the¦DT¦ (¦t6.13¦noun¦status¦NN¦ ¦t6.12¦noun¦request¦NN¦) (¦t6.15¦particle¦to¦TO¦ ¦t6.16¦verb¦complete¦VB¦ACTIVITY:t6.14¦)))) ¦t6.17¦punctuation¦.¦Fp¦), (¦t7.3¦verb¦can¦MD¦ (¦t7.2¦noun¦system¦NN¦ ¦t7.1¦determiner¦the¦DT¦) ¦t7.4¦adverb¦then¦RB¦ (¦t7.5¦verb¦analyze¦VB¦ACTIVITY:t7.8¦ (¦t7.8¦noun¦form¦NN¦ ¦t7.6¦determiner¦the¦DT¦ ¦t7.7¦verb¦submit¦VBN¦ACTIVITY:t7.8¦) (¦t7.9¦conjunction¦and¦CC¦ (¦t7.20¦verb¦approve¦VBZ¦ ¦t7.10¦punctuation¦,¦Fc¦ (¦t7.11¦preposition¦if¦IN¦ (¦t7.15¦verb¦have¦VBP¦CONDITION:null¦ (¦t7.14¦noun¦limit¦NNS¦ ¦t7.12¦determiner¦the¦DT¦ ¦t7.13¦verb¦spend¦VBG¦) ¦t7.16¦adverb¦not¦RB¦ (¦t7.17¦verb¦be¦VBN¦ ¦t7.18¦verb¦exceed¦VBN¦ACTIVITY:t7.14¦)) ¦t7.19¦punctuation¦,¦Fc¦) (¦t7.22¦verb¦refund¦VBG¦ ¦t7.21¦determiner¦the¦DT¦)))) ¦t7.23¦punctuation¦.¦Fp¦), (¦t8.4¦verb¦be¦VBZ¦ ¦t8.1¦adverb¦otherwise¦RB¦CONDITION:null¦ (¦t8.3¦noun¦reimbursement¦NN¦ ¦t8.2¦determiner¦the¦DT¦) ¦t8.5¦verb¦reject¦VBN¦ACTIVITY:t8.3¦ ¦t8.6¦punctuation¦.¦Fp¦), (¦t9.5¦verb¦affect¦VBP¦ (¦t9.1¦determiner¦both¦DT¦ (¦t9.2¦preposition¦of¦IN¦ (¦t9.4¦noun¦decision¦NNS¦ ¦t9.3¦determiner¦these¦DT¦))) (¦t9.8¦noun¦status¦NN¦ ¦t9.6¦determiner¦the¦DT¦ ¦t9.7¦noun¦request¦NN¦ (¦t9.10¦verb¦be¦VBZ¦ ¦t9.9¦determiner¦which¦WDT¦ ¦t9.11¦adverb¦then¦RB¦ (¦t9.12¦verb¦use¦VBN¦ACTIVITY:t9.8¦ (¦t9.13¦preposition¦by¦IN¦ (¦t9.15¦noun¦system¦NN¦ ¦t9.14¦determiner¦the¦DT¦)) (¦t9.16¦particle¦to¦TO¦ (¦t9.17¦verb¦log¦VB¦ACTIVITY:t9.20¦ (¦t9.20¦noun¦information¦NN¦ ¦t9.18¦determiner¦the¦DT¦ ¦t9.19¦verb¦process¦VBN¦ACTIVITY:t9.20¦) (¦t9.21¦preposition¦into¦IN¦ (¦t9.26¦noun¦storage¦NN¦ (¦t9.23¦noun¦company¦NN¦ ¦t9.22¦determiner¦the¦DT¦ ¦t9.24¦adposition¦'s¦POS¦) ¦t9.25¦adjective¦internal¦JJ¦))))))) ¦t9.27¦punctuation¦.¦Fp¦)]