[(¦t1.7¦verb¦receive¦VBZ¦ACTIVITY:t1.8¦ (¦t1.1¦preposition¦as¦IN¦ (¦t1.4¦noun¦principle¦NN¦ ¦t1.2¦determiner¦a¦DT¦ ¦t1.3¦adjective¦basic¦JJ¦)) ¦t1.5¦punctuation¦,¦Fc¦ ¦t1.6¦noun¦acme_ag¦NP¦ (¦t1.8¦noun¦invoice¦NNS¦ (¦t1.9¦preposition¦on¦IN¦ (¦t1.10¦noun¦paper¦NN¦ (¦t1.11¦conjunction¦or¦CC¦ ¦t1.12¦noun¦fax¦NN¦)))) ¦t1.13¦punctuation¦.¦Fp¦), (¦t2.2¦verb¦be¦VBP¦ ¦t2.1¦determiner¦these¦DT¦ (¦t2.3¦verb¦receive¦VBN¦ (¦t2.4¦preposition¦by¦IN¦ (¦t2.6¦noun¦secretariat¦NP¦ ¦t2.5¦determiner¦the¦DT¦ (¦t2.7¦preposition¦in¦IN¦ (¦t2.10¦noun¦in_box¦NN¦ ¦t2.8¦determiner¦the¦DT¦ ¦t2.9¦adjective¦central¦JJ¦))))) (¦t2.11¦conjunction¦and¦CC¦ (¦t2.12¦verb¦forward¦VBN¦ (¦t2.13¦preposition¦after¦IN¦ (¦t2.17¦noun¦inspection¦NN¦ ¦t2.14¦determiner¦a¦DT¦ ¦t2.15¦adjective¦short¦JJ¦ ¦t2.16¦adjective¦visual¦JJ¦ (¦t2.18¦particle¦to¦TO¦ (¦t2.21¦noun¦employee¦NN¦ACTIVITY:t2.20¦ ¦t2.19¦determiner¦a¦DT¦ ¦t2.20¦noun¦accounting¦NN¦)))))) ¦t2.22¦punctuation¦.¦Fp¦), (¦t3.15¦verb¦identify¦VBZ¦ACTIVITY:t3.18¦ (¦t3.1¦preposition¦in¦IN¦ ¦t3.2¦punctuation¦"¦Fe¦ ¦t3.3¦noun¦acme_financial_accounting¦NP¦ ¦t3.4¦punctuation¦"¦Fe¦) ¦t3.5¦punctuation¦,¦Fc¦ (¦t3.7¦noun¦software¦NN¦ ¦t3.6¦determiner¦a¦DT¦ (¦t3.9¦verb¦develop¦VBN¦ACTIVITY:t3.7¦ ¦t3.8¦adverb¦specially¦RB¦ (¦t3.10¦preposition¦for¦IN¦ (¦t3.12¦noun¦acme_ag¦NP¦ ¦t3.11¦determiner¦the¦DT¦)))) ¦t3.13¦punctuation¦,¦Fc¦ ¦t3.14¦pronoun¦she¦PRP¦ (¦t3.18¦noun¦supplier¦NNS¦ ¦t3.16¦determiner¦the¦DT¦ ¦t3.17¦verb¦charge¦VBG¦) (¦t3.19¦conjunction¦and¦CC¦ (¦t3.20¦verb¦create¦VBZ¦ACTIVITY:t3.23¦ (¦t3.23¦noun¦instance¦NN¦ ¦t3.21¦determiner¦a¦DT¦ ¦t3.22¦adjective¦new¦JJ¦ (¦t3.25¦noun¦invoice¦NN¦ ¦t3.24¦punctuation¦Fpa¦Fpa¦ ¦t3.26¦punctuation¦Fpt¦Fpt¦)))) ¦t3.27¦punctuation¦.¦Fp¦), (¦t4.3¦verb¦check¦VBZ¦ACTIVITY:t4.6¦ ¦t4.1¦pronoun¦she¦PRP¦ ¦t4.2¦adverb¦then¦RB¦ (¦t4.6¦noun¦item¦NNS¦ ¦t4.4¦determiner¦the¦DT¦ ¦t4.5¦noun¦invoice¦NN¦ACTIVITY:t4.6¦) (¦t4.7¦conjunction¦and¦CC¦ (¦t4.8¦verb¦note¦VBZ¦ACTIVITY:t4.12¦ (¦t4.12¦noun¦center¦NN¦ ¦t4.9¦determiner¦the¦DT¦ ¦t4.10¦verb¦correspond¦VBG¦ACTIVITY:t4.12¦ ¦t4.11¦noun¦cost¦NN¦ (¦t4.13¦preposition¦at¦IN¦ (¦t4.15¦noun¦acme_ag¦NP¦ ¦t4.14¦determiner¦the¦DT¦)) (¦t4.16¦conjunction¦and¦CC¦ (¦t4.21¦noun¦manager¦NNS¦ ¦t4.17¦determiner¦the¦DT¦ ¦t4.18¦verb¦relate¦VBN¦ACTIVITY:t4.21¦ (¦t4.20¦noun¦center¦NN¦ ¦t4.19¦noun¦cost¦NN¦) (¦t4.22¦preposition¦for¦IN¦ (¦t4.24¦noun¦position¦NN¦ ¦t4.23¦determiner¦each¦DT¦ (¦t4.25¦preposition¦on¦IN¦ (¦t4.28¦noun¦form¦NN¦ ¦t4.26¦determiner¦a¦DT¦ ¦t4.27¦adjective¦separate¦JJ¦ (¦t4.31¦noun¦docket¦NN¦ ¦t4.29¦punctuation¦Fpa¦Fpa¦ ¦t4.30¦punctuation¦"¦Fe¦ ¦t4.32¦punctuation¦"¦Fe¦ ¦t4.33¦punctuation¦Fpt¦Fpt¦)))))))))) ¦t4.34¦punctuation¦.¦Fp¦), (¦t5.9¦verb¦go¦VB¦ACTIVITY:t5.2¦ (¦t5.2¦noun¦docket¦NN¦ ¦t5.1¦determiner¦the¦DT¦ (¦t5.3¦conjunction¦and¦CC¦ (¦t5.5¦noun¦copy¦NN¦ACTIVITY:t5.6¦ ¦t5.4¦determiner¦the¦DT¦ (¦t5.6¦preposition¦of¦IN¦ (¦t5.8¦noun¦invoice¦NN¦ ¦t5.7¦determiner¦the¦DT¦))))) (¦t5.10¦particle¦to¦TO¦ (¦t5.13¦noun¦mail¦NN¦ ¦t5.11¦determiner¦the¦DT¦ ¦t5.12¦adjective¦internal¦JJ¦)) ¦t5.14¦adverb¦together¦RB¦ (¦t5.15¦conjunction¦and¦CC¦ (¦t5.16¦verb¦be¦VBP¦ (¦t5.17¦verb¦send¦VBN¦ACTIVITY:t5.2¦ (¦t5.18¦particle¦to¦TO¦ (¦t5.23¦noun¦manager¦NN¦ ¦t5.19¦determiner¦the¦DT¦ ¦t5.20¦adjective¦1¦JJ¦ (¦t5.22¦noun¦center¦NN¦ ¦t5.21¦noun¦cost¦NN¦))) (¦t5.24¦particle¦to¦TO¦ (¦t5.26¦noun¦list¦NN¦ ¦t5.25¦determiner¦the¦DT¦))))) ¦t5.27¦punctuation¦.¦Fp¦), (¦t6.2¦verb¦review¦VBZ¦ACTIVITY:t6.4¦ ¦t6.1¦pronoun¦he¦PRP¦ (¦t6.4¦noun¦content¦NN¦ ¦t6.3¦determiner¦the¦DT¦ (¦t6.5¦preposition¦for¦IN¦ ¦t6.6¦noun¦accuracy¦NN¦)) (¦t6.7¦preposition¦after¦IN¦ (¦t6.8¦verb¦receive¦VBG¦ACTIVITY:t6.10¦ (¦t6.10¦noun¦copy¦NN¦ ¦t6.9¦determiner¦the¦DT¦ (¦t6.11¦preposition¦of¦IN¦ (¦t6.13¦noun¦invoice¦NN¦ ¦t6.12¦determiner¦the¦DT¦))))) ¦t6.14¦punctuation¦.¦Fp¦), (¦t7.8¦verb¦note¦VBZ¦ (¦t7.1¦verb¦should¦MD¦ ¦t7.2¦pronoun¦everything¦PRP¦ (¦t7.3¦verb¦be¦VB¦ (¦t7.4¦preposition¦in¦IN¦ ¦t7.5¦noun¦order¦NN¦ACTIVITY:t7.2¦))) ¦t7.6¦punctuation¦,¦Fc¦ ¦t7.7¦pronoun¦he¦PRP¦ (¦t7.11¦number¦1¦Z¦ (¦t7.10¦noun¦code¦NN¦ ¦t7.9¦pronoun¦his¦PRP$¦) (¦t7.12¦preposition¦on¦IN¦ (¦t7.14¦noun¦docket¦NN¦ ¦t7.13¦determiner¦the¦DT¦ (¦t7.18¦noun¦position¦NN¦ ¦t7.15¦punctuation¦Fpa¦Fpa¦ ¦t7.16¦punctuation¦"¦Fe¦ ¦t7.17¦adjective¦accurate¦JJ¦))) (¦t7.19¦punctuation¦-¦Fg¦ (¦t7.20¦noun¦ap¦NP¦ ¦t7.21¦punctuation¦"¦Fe¦ ¦t7.22¦punctuation¦Fpt¦Fpt¦ (¦t7.23¦conjunction¦and¦CC¦ ¦t7.24¦noun¦return¦NNS¦ (¦t7.26¦noun¦copy¦NN¦ACTIVITY:t7.27¦ ¦t7.25¦determiner¦the¦DT¦ (¦t7.27¦preposition¦of¦IN¦ (¦t7.29¦noun¦invoice¦NN¦ ¦t7.28¦determiner¦the¦DT¦ (¦t7.30¦particle¦to¦TO¦ (¦t7.33¦noun¦mail¦NN¦ ¦t7.31¦determiner¦the¦DT¦ ¦t7.32¦adjective¦internal¦JJ¦))))))))) ¦t7.34¦punctuation¦.¦Fp¦), (¦t8.9¦verb¦be¦VBZ¦ (¦t8.1¦preposition¦from¦IN¦ ¦t8.2¦pronoun¦it¦PRP¦) ¦t8.3¦punctuation¦,¦Fc¦ (¦t8.5¦noun¦copy¦NN¦ ¦t8.4¦determiner¦the¦DT¦ (¦t8.6¦preposition¦of¦IN¦ (¦t8.8¦noun¦invoice¦NN¦ ¦t8.7¦determiner¦the¦DT¦))) (¦t8.10¦verb¦pass¦VBN¦ACTIVITY:t8.5¦ (¦t8.11¦preposition¦on¦IN¦ (¦t8.12¦particle¦to¦TO¦ (¦t8.17¦noun¦manager¦NN¦ ¦t8.13¦determiner¦the¦DT¦ ¦t8.14¦adjective¦next¦JJ¦ (¦t8.16¦noun¦center¦NN¦ ¦t8.15¦noun¦cost¦NN¦) ¦t8.18¦punctuation¦,¦Fc¦ (¦t8.19¦verb¦base¦VBN¦ (¦t8.20¦preposition¦on¦IN¦ (¦t8.22¦noun¦docket¦NN¦ ¦t8.21¦determiner¦the¦DT¦))) ¦t8.23¦punctuation¦,¦Fc¦)) (¦t8.24¦conjunction¦or¦CC¦ (¦t8.25¦preposition¦if¦IN¦ (¦t8.28¦verb¦be¦VBP¦CONDITION:null¦ (¦t8.27¦noun¦item¦NNS¦ ¦t8.26¦determiner¦all¦DT¦) (¦t8.29¦verb¦mark¦VBN¦ACTIVITY:t8.27¦ ¦t8.30¦adjective¦correct¦JJ¦))) (¦t8.32¦verb¦send¦VBD¦ ¦t8.31¦punctuation¦,¦Fc¦ ¦t8.33¦adverb¦back¦RB¦ (¦t8.34¦particle¦to¦TO¦ ¦t8.35¦noun¦accounting¦NN¦))))) ¦t8.36¦punctuation¦.¦Fp¦), (¦t9.23¦verb¦be¦VBP¦ ¦t9.1¦adverb¦therefore¦RB¦ ¦t9.2¦punctuation¦,¦Fc¦ (¦t9.4¦noun¦copy¦NN¦ ¦t9.3¦determiner¦the¦DT¦ (¦t9.5¦preposition¦of¦IN¦ ¦t9.6¦noun¦invoice¦NN¦) (¦t9.7¦conjunction¦and¦CC¦ (¦t9.9¦noun¦docket¦NN¦ ¦t9.8¦determiner¦the¦DT¦) (¦t9.11¦verb¦move¦VB¦ACTIVITY:t9.9¦ ¦t9.10¦adverb¦gradually¦RB¦ ¦t9.12¦preposition¦through¦IN¦))) (¦t9.14¦noun¦hand¦NNS¦ ¦t9.13¦determiner¦the¦DT¦ ¦t9.15¦preposition¦of¦IN¦) (¦t9.19¦noun¦manager¦NNS¦ ¦t9.16¦determiner¦all¦DT¦ (¦t9.18¦noun¦center¦NN¦ ¦t9.17¦noun¦cost¦NN¦) ¦t9.20¦preposition¦until¦IN¦) (¦t9.22¦noun¦position¦NNS¦ ¦t9.21¦determiner¦all¦DT¦) (¦t9.24¦verb¦mark¦VBN¦ACTIVITY:t9.4¦ (¦t9.25¦preposition¦as¦IN¦ (¦t9.27¦adjective¦accurate¦JJ¦ ¦t9.26¦adverb¦completely¦RB¦))) ¦t9.28¦punctuation¦.¦Fp¦), (¦t10.25¦verb¦reject¦VBZ¦ACTIVITY:t10.27¦ ¦t10.1¦adverb¦however¦RB¦ ¦t10.2¦punctuation¦,¦Fc¦ (¦t10.3¦preposition¦if¦IN¦ (¦t10.5¦verb¦exist¦VBP¦CONDITION:null¦ ¦t10.4¦noun¦inconsistency¦NNS¦) ¦t10.6¦punctuation¦,¦Fc¦) (¦t10.8¦preposition¦because¦IN¦ ¦t10.7¦adverb¦e.g.¦RB¦ (¦t10.11¦noun¦product¦NN¦ ¦t10.9¦determiner¦the¦DT¦ ¦t10.10¦verb¦order¦VBN¦ACTIVITY:t10.11¦) (¦t10.12¦verb¦be¦VBZ¦ ¦t10.13¦adverb¦not¦RB¦ (¦t10.14¦preposition¦of¦IN¦ (¦t10.17¦noun¦quantity¦NN¦ ¦t10.15¦determiner¦the¦DT¦ ¦t10.16¦verb¦expect¦VBN¦ACTIVITY:t10.17¦ (¦t10.18¦conjunction¦or¦CC¦ ¦t10.19¦noun¦quality¦NN¦))))) ¦t10.20¦punctuation¦,¦Fc¦ (¦t10.24¦noun¦manager¦NN¦ ¦t10.21¦determiner¦the¦DT¦ ¦t10.22¦noun¦cost¦NN¦ ¦t10.23¦noun¦center¦NN¦) (¦t10.27¦noun¦ap¦NP¦ ¦t10.26¦determiner¦the¦DT¦) (¦t10.28¦preposition¦with¦IN¦ (¦t10.30¦noun¦note¦NN¦ ¦t10.29¦determiner¦a¦DT¦ (¦t10.31¦conjunction¦and¦CC¦ (¦t10.33¦noun¦statement¦NN¦ ¦t10.32¦adjective¦explanatory¦JJ¦ (¦t10.34¦preposition¦on¦IN¦ (¦t10.36¦noun¦docket¦NN¦ ¦t10.35¦determiner¦the¦DT¦)))))) ¦t10.37¦punctuation¦,¦Fc¦ (¦t10.38¦conjunction¦and¦CC¦ (¦t10.44¦verb¦be¦VBZ¦ (¦t10.40¦noun¦copy¦NN¦ ¦t10.39¦determiner¦the¦DT¦ (¦t10.41¦preposition¦of¦IN¦ (¦t10.43¦noun¦invoice¦NN¦ ¦t10.42¦determiner¦the¦DT¦))) (¦t10.45¦verb¦send¦VBN¦ (¦t10.46¦adverb¦back¦RB¦ (¦t10.47¦particle¦to¦TO¦ (¦t10.48¦verb¦account¦VBG¦ ¦t10.49¦adverb¦directly¦RB¦)))))) ¦t10.50¦punctuation¦.¦Fp¦), (¦t11.12¦verb¦will¦MD¦ (¦t11.1¦verb¦base¦VBN¦ (¦t11.2¦preposition¦on¦IN¦ (¦t11.4¦noun¦statement¦NNS¦ACTIVITY:t11.5¦ ¦t11.3¦determiner¦the¦DT¦ (¦t11.5¦preposition¦of¦IN¦ (¦t11.9¦noun¦manager¦NNS¦ ¦t11.6¦determiner¦the¦DT¦ (¦t11.8¦noun¦center¦NN¦ ¦t11.7¦noun¦cost¦NN¦)))))) ¦t11.10¦punctuation¦,¦Fc¦ ¦t11.11¦pronoun¦she¦PRP¦ (¦t11.13¦verb¦proceede¦VB¦ACTIVITY:t11.14¦ (¦t11.14¦preposition¦with¦IN¦ (¦t11.16¦noun¦clarification¦NN¦ ¦t11.15¦determiner¦the¦DT¦)) (¦t11.17¦preposition¦with¦IN¦ (¦t11.19¦noun¦vendor¦NN¦ ¦t11.18¦determiner¦the¦DT¦))) ¦t11.20¦punctuation¦,¦Fc¦ (¦t11.21¦conjunction¦but¦CC¦ (¦t11.27¦verb¦consult¦VBZ¦ACTIVITY:t11.31¦ ¦t11.22¦punctuation¦,¦Fc¦ (¦t11.23¦preposition¦if¦IN¦ ¦t11.24¦adjective¦necessary¦JJ¦) ¦t11.25¦punctuation¦,¦Fc¦ ¦t11.26¦pronoun¦she¦PRP¦ (¦t11.31¦noun¦manager¦NNS¦ ¦t11.28¦determiner¦the¦DT¦ (¦t11.30¦noun¦center¦NN¦ ¦t11.29¦noun¦cost¦NN¦)) (¦t11.32¦preposition¦by¦IN¦ (¦t11.33¦noun¦telephone¦NN¦ (¦t11.34¦conjunction¦or¦CC¦ ¦t11.35¦noun¦email¦NN¦))) ¦t11.36¦adverb¦again¦RB¦)) ¦t11.37¦punctuation¦.¦Fp¦), (¦t12.12¦verb¦be¦VBZ¦ (¦t12.8¦noun¦copy¦NN¦ (¦t12.5¦verb¦resolve¦VBN¦ACTIVITY:t12.8¦ ¦t12.1¦adverb¦when¦WRB¦ (¦t12.2¦determiner¦all¦DT¦ (¦t12.4¦verb¦be¦VBP¦ ¦t12.3¦noun¦inconsistency¦NNS¦)) ¦t12.6¦punctuation¦,¦Fc¦) ¦t12.7¦determiner¦the¦DT¦ (¦t12.9¦preposition¦of¦IN¦ (¦t12.11¦noun¦invoice¦NN¦ ¦t12.10¦determiner¦the¦DT¦))) (¦t12.13¦verb¦send¦VBN¦ACTIVITY:t12.8¦ (¦t12.14¦particle¦to¦TO¦ (¦t12.18¦noun¦manager¦NNS¦ ¦t12.15¦determiner¦the¦DT¦ ¦t12.16¦noun¦cost¦NN¦ ¦t12.17¦noun¦center¦NN¦)) ¦t12.19¦adverb¦again¦RB¦) ¦t12.20¦punctuation¦,¦Fc¦ (¦t12.21¦conjunction¦and¦CC¦ (¦t12.24¦verb¦continue¦VBZ¦ACTIVITY:t12.23¦ (¦t12.23¦noun¦process¦NN¦ ¦t12.22¦determiner¦the¦DT¦))) ¦t12.25¦punctuation¦.¦Fp¦), (¦t13.11¦verb¦forward¦VBZ¦ACTIVITY:t13.13¦ (¦t13.1¦preposition¦after¦IN¦ (¦t13.5¦verb¦be¦VBP¦ (¦t13.4¦noun¦item¦NNS¦ ¦t13.2¦determiner¦all¦DT¦ ¦t13.3¦noun¦invoice¦NN¦ACTIVITY:t13.4¦) ¦t13.6¦noun¦ap¦NP¦)) ¦t13.7¦punctuation¦,¦Fc¦ (¦t13.10¦noun¦employee¦NN¦ACTIVITY:t13.9¦ ¦t13.8¦determiner¦the¦DT¦ ¦t13.9¦noun¦accounting¦NN¦) (¦t13.13¦noun¦copy¦NN¦ ¦t13.12¦determiner¦the¦DT¦ (¦t13.14¦preposition¦of¦IN¦ (¦t13.16¦noun¦invoice¦NN¦ ¦t13.15¦determiner¦the¦DT¦ (¦t13.17¦particle¦to¦TO¦ (¦t13.20¦noun¦manager¦NN¦ ¦t13.18¦determiner¦the¦DT¦ ¦t13.19¦adjective¦commercial¦JJ¦))))) ¦t13.21¦punctuation¦.¦Fp¦), (¦t14.2¦verb¦make¦VBZ¦ACTIVITY:t14.5¦ ¦t14.1¦pronoun¦he¦PRP¦ (¦t14.5¦noun¦audit¦NN¦ ¦t14.3¦determiner¦the¦DT¦ ¦t14.4¦adjective¦commercial¦JJ¦ (¦t14.6¦conjunction¦and¦CC¦ ¦t14.7¦noun¦issue¦NNS¦)) (¦t14.9¦noun¦approval¦NN¦ ¦t14.8¦determiner¦the¦DT¦ (¦t14.10¦preposition¦for¦IN¦ ¦t14.11¦noun¦payment¦NN¦)) ¦t14.12¦punctuation¦.¦Fp¦), (¦t15.11¦verb¦want¦VBZ¦ (¦t15.1¦preposition¦if¦IN¦ (¦t15.5¦verb¦exceed¦VBZ¦CONDITION:null¦ (¦t15.4¦noun¦amount¦NN¦ ¦t15.2¦determiner¦the¦DT¦ ¦t15.3¦noun¦bill¦NN¦) (¦t15.7¦number¦20000¦Z¦ ¦t15.6¦noun¦eur¦NP¦))) ¦t15.8¦punctuation¦,¦Fc¦ (¦t15.10¦noun¦board¦NP¦ ¦t15.9¦determiner¦the¦DT¦) (¦t15.12¦particle¦to¦TO¦ (¦t15.13¦verb¦check¦VB¦ACTIVITY:t15.14¦ ¦t15.14¦pronoun¦it¦PRP¦ (¦t15.15¦adverb¦again¦RB¦ (¦t15.17¦number¦4-eyes-principle¦Z¦ ¦t15.16¦punctuation¦Fpa¦Fpa¦ ¦t15.18¦punctuation¦Fpt¦Fpt¦)))) ¦t15.19¦punctuation¦.¦Fp¦), (¦t16.9¦verb¦move¦VBZ¦ACTIVITY:t16.2¦ (¦t16.2¦noun¦copy¦NN¦ ¦t16.1¦determiner¦the¦DT¦ (¦t16.3¦preposition¦of¦IN¦ (¦t16.5¦noun¦invoice¦NN¦ ¦t16.4¦determiner¦the¦DT¦)) (¦t16.6¦verb¦include¦VBG¦ACTIVITY:t16.8¦ (¦t16.8¦noun¦docket¦NN¦ ¦t16.7¦determiner¦the¦DT¦))) (¦t16.10¦adverb¦back¦RB¦ (¦t16.11¦particle¦to¦TO¦ (¦t16.14¦noun¦employee¦NN¦ACTIVITY:t16.13¦ ¦t16.12¦determiner¦the¦DT¦ ¦t16.13¦noun¦accounting¦NN¦ (¦t16.15¦preposition¦in¦IN¦ (¦t16.19¦noun¦file¦NN¦ ¦t16.16¦determiner¦the¦DT¦ ¦t16.17¦adjective¦appropriate¦JJ¦ ¦t16.18¦noun¦signature¦NN¦))))) ¦t16.20¦punctuation¦.¦Fp¦), (¦t17.1¦verb¦should¦MD¦ ¦t17.2¦adverb¦there¦RB¦ (¦t17.3¦verb¦be¦VB¦ (¦t17.5¦noun¦complaint¦NN¦ ¦t17.4¦determiner¦a¦DT¦) (¦t17.6¦preposition¦during¦IN¦ (¦t17.9¦noun¦audit¦NN¦ ¦t17.7¦determiner¦the¦DT¦ ¦t17.8¦adjective¦commercial¦JJ¦ (¦t17.12¦verb¦will¦MD¦ ¦t17.10¦punctuation¦,¦Fc¦ ¦t17.11¦pronoun¦it¦PRP¦ (¦t17.13¦verb¦be¦VB¦ (¦t17.14¦verb¦resolve¦VBN¦ACTIVITY:t17.9¦ (¦t17.15¦preposition¦by¦IN¦ (¦t17.18¦noun¦employee¦NN¦ ¦t17.16¦determiner¦the¦DT¦ ¦t17.17¦noun¦accounting¦NN¦ (¦t17.19¦preposition¦with¦IN¦ (¦t17.21¦noun¦supplier¦NN¦ ¦t17.20¦determiner¦the¦DT¦)))))))))) ¦t17.22¦punctuation¦.¦Fp¦), (¦t18.12¦verb¦give¦VBZ¦ACTIVITY:t18.14¦ (¦t18.1¦preposition¦after¦IN¦ (¦t18.5¦verb¦be¦VBZ¦ (¦t18.4¦noun¦audit¦NN¦ ¦t18.2¦determiner¦the¦DT¦ ¦t18.3¦adjective¦commercial¦JJ¦) (¦t18.7¦verb¦complete¦VBN¦ACTIVITY:t18.4¦ ¦t18.6¦adverb¦successfully¦RB¦))) ¦t18.8¦punctuation¦,¦Fc¦ (¦t18.11¦noun¦employee¦NN¦ACTIVITY:t18.10¦ ¦t18.9¦determiner¦the¦DT¦ ¦t18.10¦noun¦accounting¦NN¦) (¦t18.14¦noun¦instruction¦NNS¦ ¦t18.13¦noun¦payment¦NN¦) (¦t18.15¦conjunction¦and¦CC¦ (¦t18.16¦verb¦close¦VBZ¦ACTIVITY:t18.18¦ (¦t18.18¦noun¦instance¦NN¦ ¦t18.17¦determiner¦the¦DT¦) (¦t18.19¦preposition¦in¦IN¦ (¦t18.23¦noun¦accounting¦NN¦ ¦t18.20¦punctuation¦"¦Fe¦ ¦t18.21¦noun¦acme¦NP¦ ¦t18.22¦adjective¦financial¦JJ¦) ¦t18.24¦punctuation¦"¦Fe¦))) ¦t18.25¦punctuation¦.¦Fp¦)]