[(¦t1.3¦verb¦start¦VBZ¦ (¦t1.2¦noun¦process¦NN¦ ¦t1.1¦determiner¦the¦DT¦) (¦t1.6¦verb¦arrive¦VBP¦ACTIVITY:t1.5¦ ¦t1.4¦adverb¦when¦WRB¦ ¦t1.5¦noun¦patient¦NNS¦ (¦t1.7¦preposition¦at¦IN¦ (¦t1.10¦noun¦ward¦NN¦ ¦t1.8¦determiner¦the¦DT¦ ¦t1.9¦noun¦emergency¦NN¦ (¦t1.11¦preposition¦of¦IN¦ (¦t1.13¦noun¦hospital¦NN¦ ¦t1.12¦determiner¦a¦DT¦))))) ¦t1.14¦punctuation¦.¦Fp¦), (¦t2.6¦verb¦be¦VBP¦ (¦t2.1¦preposition¦upon¦IN¦ (¦t2.3¦noun¦arrival¦NN¦ACTIVITY:t2.2¦ ¦t2.2¦pronoun¦their¦PRP$¦)) ¦t2.4¦punctuation¦,¦Fc¦ ¦t2.5¦noun¦patient¦NNS¦ (¦t2.7¦verb¦assign¦VBN¦ACTIVITY:t2.5¦ (¦t2.10¦noun¦color¦NN¦ ¦t2.8¦determiner¦a¦DT¦ ¦t2.9¦noun¦triage¦NN¦)) ¦t2.11¦punctuation¦.¦Fp¦), (¦t3.7¦verb¦be¦VBP¦ (¦t3.2¦preposition¦in¦IN¦ ¦t3.1¦adverb¦only¦RB¦ (¦t3.4¦noun¦case¦NNS¦ ¦t3.3¦adjective¦exceptional¦JJ¦)) ¦t3.5¦punctuation¦,¦Fc¦ ¦t3.6¦noun¦patient¦NNS¦ (¦t3.8¦verb¦assign¦VBN¦ACTIVITY:t3.6¦ (¦t3.11¦noun¦color¦NN¦ ¦t3.9¦determiner¦the¦DT¦ ¦t3.10¦noun¦triage¦NN¦) ¦t3.12¦adjective¦white¦JJ¦) ¦t3.13¦punctuation¦.¦Fp¦), (¦t4.6¦verb¦leave¦VB¦ACTIVITY:t4.9¦ (¦t4.1¦noun¦patient¦NNS¦ (¦t4.2¦verb¦classify¦VBN¦ACTIVITY:t4.1¦ (¦t4.3¦preposition¦as¦IN¦ ¦t4.4¦adjective¦white¦JJ¦))) ¦t4.5¦adverb¦typically¦RB¦ (¦t4.9¦noun¦ward¦NN¦ ¦t4.7¦determiner¦the¦DT¦ ¦t4.8¦noun¦emergency¦NN¦) (¦t4.10¦preposition¦after¦IN¦ (¦t4.11¦verb¦be¦VBG¦ ¦t4.12¦verb¦register¦VBN¦ACTIVITY:t4.1¦)) ¦t4.13¦punctuation¦,¦Fc¦ (¦t4.14¦preposition¦because¦IN¦ (¦t4.17¦verb¦do¦VBP¦ (¦t4.16¦noun¦injury¦NNS¦ ¦t4.15¦pronoun¦their¦PRP$¦) ¦t4.18¦adverb¦not¦RB¦ (¦t4.19¦verb¦require¦VB¦ACTIVITY:t4.24¦ (¦t4.24¦noun¦attendance¦NN¦ ¦t4.20¦determiner¦a¦DT¦ ¦t4.21¦adjective¦urgent¦JJ¦ ¦t4.22¦punctuation¦,¦Fc¦ ¦t4.23¦adjective¦immediate¦JJ¦ (¦t4.25¦preposition¦by¦IN¦ (¦t4.27¦noun¦doctor¦NN¦ ¦t4.26¦determiner¦a¦DT¦)))))) ¦t4.28¦punctuation¦.¦Fp¦), (¦t5.4¦verb¦be¦VBP¦ (¦t5.3¦noun¦patient¦NNS¦ ¦t5.1¦determiner¦all¦DT¦ ¦t5.2¦adjective¦other¦JJ¦) ¦t5.5¦adverb¦also¦RB¦ (¦t5.6¦verb¦register¦VBN¦ACTIVITY:t5.3¦ ¦t5.7¦punctuation¦,¦Fc¦ (¦t5.8¦verb¦assign¦VBN¦ACTIVITY:t5.3¦ (¦t5.9¦particle¦to¦TO¦ (¦t5.12¦noun¦nurse¦NN¦ ¦t5.10¦determiner¦a¦DT¦ ¦t5.11¦adjective¦responsible¦JJ¦)) (¦t5.13¦conjunction¦and¦CC¦ (¦t5.14¦verb¦admit¦VBD¦ (¦t5.15¦particle¦to¦TO¦ (¦t5.18¦noun¦ward¦NN¦ ¦t5.16¦determiner¦the¦DT¦ ¦t5.17¦noun¦emergency¦NN¦)))))) ¦t5.19¦punctuation¦.¦Fp¦), (¦t6.1¦preposition¦while¦IN¦ (¦t6.3¦verb¦be¦VBP¦ ¦t6.2¦noun¦patient¦NNS¦ (¦t6.4¦preposition¦in¦IN¦ (¦t6.7¦noun¦ward¦NN¦ ¦t6.5¦determiner¦the¦DT¦ ¦t6.6¦noun¦emergency¦NN¦ ¦t6.8¦punctuation¦,¦Fc¦ (¦t6.11¦noun¦check¦NNS¦ ¦t6.9¦determiner¦the¦DT¦ ¦t6.10¦noun¦nurse¦NN¦) (¦t6.15¦noun¦hour¦NN¦ (¦t6.13¦noun¦condition¦NN¦ ¦t6.12¦pronoun¦their¦PRP$¦) ¦t6.14¦determiner¦every¦DT¦))) ¦t6.16¦punctuation¦.¦Fp¦)), (¦t7.9¦verb¦consist¦VBZ¦ (¦t7.1¦preposition¦for¦IN¦ (¦t7.3¦noun¦patient¦NNS¦ ¦t7.2¦determiner¦the¦DT¦ (¦t7.4¦preposition¦under¦IN¦ ¦t7.5¦noun¦consideration¦NN¦))) (¦t7.8¦noun¦examination¦NN¦ ¦t7.6¦determiner¦the¦DT¦ ¦t7.7¦adjective¦medical¦JJ¦) ¦t7.10¦preposition¦of¦IN¦ (¦t7.12¦preposition¦on¦IN¦ ¦t7.11¦adverb¦at_least¦RB¦ ¦t7.13¦preposition¦of¦IN¦ (¦t7.17¦noun¦test¦NN¦ ¦t7.14¦determiner¦the¦DT¦ ¦t7.15¦adjective¦medical¦JJ¦ ¦t7.16¦adjective¦diagnostic¦JJ¦ (¦t7.18¦conjunction¦and¦CC¦ (¦t7.20¦noun¦visit¦NN¦ ¦t7.19¦number¦1¦Z¦ (¦t7.21¦preposition¦by¦IN¦ (¦t7.23¦noun¦doctor¦NN¦ ¦t7.22¦determiner¦a¦DT¦)))))) ¦t7.24¦punctuation¦.¦Fp¦), (¦t8.2¦verb¦be¦VBP¦ ¦t8.1¦pronoun¦there¦EX¦ (¦t8.6¦noun¦practice¦NNS¦ ¦t8.3¦number¦2¦Z¦ ¦t8.4¦adjective¦different¦JJ¦ ¦t8.5¦noun¦work¦NN¦ (¦t8.7¦verb¦regard¦VBG¦ (¦t8.10¦noun¦activity¦NNS¦ ¦t8.8¦determiner¦these¦DT¦ ¦t8.9¦number¦2¦Z¦))) ¦t8.11¦punctuation¦.¦Fp¦), (¦t9.1¦number¦1¦Z¦ ¦t9.2¦punctuation¦.¦Fp¦), (¦t10.5¦verb¦visit¦VBZ¦ACTIVITY:t10.7¦ ¦t10.1¦adverb¦normally¦RB¦ ¦t10.2¦punctuation¦,¦Fc¦ (¦t10.4¦noun¦doctor¦NN¦ ¦t10.3¦determiner¦a¦DT¦) (¦t10.7¦noun¦patient¦NNS¦ ¦t10.6¦determiner¦the¦DT¦) (¦t10.8¦conjunction¦and¦CC¦ (¦t10.13¦verb¦be¦VBZ¦ (¦t10.12¦noun¦test¦NN¦ ¦t10.9¦adverb¦afterwards¦RB¦ ¦t10.10¦determiner¦the¦DT¦ ¦t10.11¦adjective¦diagnostic¦JJ¦) ¦t10.14¦verb¦conduct¦VBN¦ACTIVITY:t10.12¦)) ¦t10.15¦punctuation¦.¦Fp¦), (¦t11.1¦number¦2¦Z¦ ¦t11.2¦punctuation¦.¦Fp¦), (¦t12.5¦verb¦be¦VBP¦ ¦t12.1¦adverb¦sometimes¦RB¦ ¦t12.2¦punctuation¦,¦Fc¦ (¦t12.4¦noun¦activity¦NNS¦ ¦t12.3¦determiner¦these¦DT¦) (¦t12.6¦verb¦execute¦VBN¦ACTIVITY:t12.4¦ (¦t12.7¦preposition¦in¦IN¦ (¦t12.10¦noun¦order¦NN¦ ¦t12.8¦determiner¦a¦DT¦ ¦t12.9¦verb¦reverse¦VBN¦ACTIVITY:t12.10¦))) ¦t12.11¦punctuation¦:¦Fd¦ (¦t12.17¦verb¦be¦VBZ¦ (¦t12.16¦noun¦test¦NN¦ ¦t12.12¦adjective¦1¦JJ¦ ¦t12.13¦determiner¦the¦DT¦ ¦t12.14¦adjective¦medical¦JJ¦ ¦t12.15¦adjective¦diagnostic¦JJ¦) ¦t12.18¦verb¦take¦VBN¦ACTIVITY:t12.16¦ (¦t12.19¦conjunction¦and¦CC¦ ¦t12.20¦punctuation¦,¦Fc¦ (¦t12.21¦adverb¦only¦RB¦ ¦t12.22¦adverb¦thereafter¦RB¦) (¦t12.26¦verb¦visit¦VBZ¦ ¦t12.23¦punctuation¦,¦Fc¦ (¦t12.25¦noun¦doctor¦NN¦ ¦t12.24¦determiner¦a¦DT¦) (¦t12.28¦noun¦patient¦NN¦ ¦t12.27¦determiner¦the¦DT¦)))) ¦t12.29¦punctuation¦.¦Fp¦), (¦t13.12¦verb¦can¦MD¦ (¦t13.5¦noun¦test¦NN¦ ¦t13.1¦determiner¦both¦DT¦ ¦t13.2¦determiner¦the¦DT¦ ¦t13.3¦adjective¦medical¦JJ¦ ¦t13.4¦adjective¦diagnostic¦JJ¦ (¦t13.6¦conjunction¦and¦CC¦ (¦t13.8¦noun¦visit¦NN¦ ¦t13.7¦determiner¦the¦DT¦ (¦t13.9¦preposition¦of¦IN¦ (¦t13.11¦noun¦doctor¦NN¦ ¦t13.10¦determiner¦a¦DT¦))))) (¦t13.13¦verb¦be¦VB¦ (¦t13.14¦verb¦repeat¦VBN¦ACTIVITY:t13.5¦ (¦t13.15¦preposition¦if¦IN¦ ¦t13.16¦adjective¦necessary¦JJ¦))) ¦t13.17¦punctuation¦.¦Fp¦), (¦t14.5¦verb¦visit¦VBZ¦ACTIVITY:t14.10¦ ¦t14.1¦adverb¦afterwards¦RB¦ ¦t14.2¦punctuation¦,¦Fc¦ (¦t14.4¦noun¦doctor¦NN¦ ¦t14.3¦determiner¦a¦DT¦) (¦t14.10¦noun¦time¦NN¦ ¦t14.6¦determiner¦the¦DT¦ (¦t14.8¦number¦1¦Z¦ ¦t14.7¦adjective¦patient¦JJ¦) ¦t14.9¦determiner¦more¦DT¦) (¦t14.11¦conjunction¦and¦CC¦ (¦t14.12¦verb¦decide¦VBZ¦ (¦t14.14¦particle¦to¦TO¦ ¦t14.13¦adverb¦how¦WRB¦ (¦t14.15¦verb¦proceed¦VB¦ (¦t14.16¦preposition¦in¦IN¦ (¦t14.17¦determiner¦any¦DT¦ (¦t14.18¦preposition¦of¦IN¦ (¦t14.21¦noun¦way¦NNS¦ ¦t14.19¦determiner¦the¦DT¦ ¦t14.20¦verb¦follow¦VBG¦)))))))) ¦t14.22¦punctuation¦:¦Fd¦), (¦t15.1¦number¦1¦Z¦ ¦t15.2¦punctuation¦.¦Fp¦ (¦t15.3¦particle¦to¦TO¦ (¦t15.4¦verb¦transfer¦VB¦ACTIVITY:t15.6¦ (¦t15.6¦noun¦patient¦NN¦ ¦t15.5¦determiner¦the¦DT¦) (¦t15.7¦particle¦to¦TO¦ (¦t15.9¦noun¦ward¦NN¦ ¦t15.8¦determiner¦a¦DT¦ ¦t15.10¦adjective¦whithin¦JJ¦) (¦t15.12¦noun¦hospital¦NN¦ ¦t15.11¦determiner¦the¦DT¦))))), (¦t16.1¦number¦2¦Z¦ ¦t16.2¦punctuation¦.¦Fp¦ (¦t16.3¦particle¦to¦TO¦ (¦t16.4¦verb¦transfer¦VB¦ACTIVITY:t16.6¦ (¦t16.6¦noun¦patient¦NN¦ ¦t16.5¦determiner¦the¦DT¦) (¦t16.7¦particle¦to¦TO¦ (¦t16.9¦noun¦hospital¦NN¦ ¦t16.8¦determiner¦another¦DT¦ (¦t16.12¦noun¦care¦NN¦ ¦t16.10¦punctuation¦Fpa¦Fpa¦ ¦t16.11¦adjective¦tertiary¦JJ¦ ¦t16.13¦punctuation¦Fpt¦Fpt¦ ¦t16.14¦punctuation¦,¦Fc¦) ¦t16.15¦conjunction¦or¦CC¦))))), (¦t17.1¦number¦3¦Z¦ ¦t17.2¦punctuation¦.¦Fp¦ (¦t17.3¦particle¦to¦TO¦ (¦t17.4¦verb¦discharge¦VB¦ACTIVITY:t17.5¦ (¦t17.5¦preposition¦of¦IN¦ (¦t17.7¦noun¦patient¦NN¦ ¦t17.6¦determiner¦the¦DT¦))))), (¦t18.7¦verb¦be¦VBZ¦ (¦t18.1¦preposition¦regardless_of¦IN¦ (¦t18.3¦noun¦decision¦NN¦ ¦t18.2¦determiner¦the¦DT¦)) ¦t18.4¦punctuation¦,¦Fc¦ (¦t18.6¦noun¦patient¦NN¦ ¦t18.5¦determiner¦the¦DT¦) (¦t18.8¦verb¦prepare¦VBN¦ACTIVITY:t18.6¦ (¦t18.9¦preposition¦for¦IN¦ (¦t18.12¦noun¦transfer¦NN¦ ¦t18.10¦determiner¦a¦DT¦ ¦t18.11¦adjective¦possible¦JJ¦ (¦t18.13¦conjunction¦or¦CC¦ ¦t18.14¦noun¦discharge¦NN¦)))) ¦t18.15¦punctuation¦.¦Fp¦), (¦t19.6¦verb¦want¦VBZ¦ (¦t19.1¦preposition¦if¦IN¦ ¦t19.2¦adjective¦possible¦JJ¦) ¦t19.3¦punctuation¦,¦Fc¦ (¦t19.5¦noun¦hospital¦NN¦ ¦t19.4¦determiner¦the¦DT¦) (¦t19.7¦particle¦to¦TO¦ (¦t19.8¦verb¦implement¦VB¦ACTIVITY:t19.12¦ (¦t19.12¦noun¦constraint¦NN¦ ¦t19.9¦determiner¦the¦DT¦ ¦t19.10¦verb¦retain¦VB¦ ¦t19.11¦adjective¦familiar¦JJ¦))) ¦t19.13¦punctuation¦.¦Fp¦), (¦t20.7¦verb¦shall¦MD¦ (¦t20.2¦noun¦nurse¦NN¦ ¦t20.1¦determiner¦the¦DT¦ (¦t20.4¦verb¦register¦VBD¦ACTIVITY:t20.6¦ ¦t20.3¦pronoun¦who¦WP¦ (¦t20.6¦noun¦patient¦NN¦ ¦t20.5¦determiner¦the¦DT¦))) ¦t20.8¦adverb¦also¦RB¦ (¦t20.9¦verb¦prepare¦VB¦ACTIVITY:t20.11¦ (¦t20.11¦noun¦patient¦NN¦ ¦t20.10¦determiner¦the¦DT¦) (¦t20.12¦preposition¦for¦IN¦ (¦t20.13¦noun¦transfer¦NN¦ACTIVITY:t20.11¦ (¦t20.14¦conjunction¦or¦CC¦ ¦t20.15¦noun¦discharge¦NN¦)))) ¦t20.16¦punctuation¦.¦Fp¦), (¦t21.20¦verb¦need¦VBZ¦ (¦t21.1¦preposition¦for¦IN¦ (¦t21.4¦noun¦group¦NN¦ ¦t21.2¦determiner¦a¦DT¦ ¦t21.3¦adjective¦specific¦JJ¦ (¦t21.5¦preposition¦of¦IN¦ ¦t21.6¦noun¦patient¦NNS¦))) ¦t21.7¦punctuation¦,¦Fc¦ ¦t21.8¦adverb¦i.e.¦RB¦ ¦t21.9¦punctuation¦,¦Fc¦ (¦t21.10¦determiner¦those¦DT¦ (¦t21.12¦verb¦be¦VBP¦ ¦t21.11¦pronoun¦who¦WP¦ (¦t21.13¦verb¦transfer¦VBN¦ (¦t21.14¦particle¦to¦TO¦ (¦t21.16¦noun¦hospital¦NN¦ ¦t21.15¦determiner¦another¦DT¦))))) ¦t21.17¦punctuation¦,¦Fc¦ (¦t21.19¦noun¦ambulance¦NN¦ ¦t21.18¦determiner¦a¦DT¦) (¦t21.21¦particle¦to¦TO¦ (¦t21.22¦verb¦be¦VB¦ ¦t21.23¦verb¦organize¦VBN¦ACTIVITY:t21.19¦)) ¦t21.24¦punctuation¦.¦Fp¦), (¦t22.5¦verb¦leave¦VBZ¦CONDITION:null¦ ¦t22.1¦adverb¦finally¦RB¦ ¦t22.2¦punctuation¦,¦Fc¦ (¦t22.4¦noun¦patient¦NN¦ ¦t22.3¦determiner¦the¦DT¦) (¦t22.8¦noun¦ward¦NN¦ ¦t22.6¦determiner¦the¦DT¦ ¦t22.7¦noun¦emergency¦NN¦ (¦t22.9¦preposition¦of¦IN¦ (¦t22.11¦noun¦hospital¦NN¦ ¦t22.10¦determiner¦the¦DT¦))) ¦t22.12¦punctuation¦,¦Fc¦ (¦t22.13¦adverb¦either¦RB¦ (¦t22.14¦preposition¦by¦IN¦ (¦t22.15¦verb¦be¦VBG¦ (¦t22.16¦verb¦transfer¦VBN¦ ¦t22.17¦punctuation¦,¦Fc¦) (¦t22.18¦verb¦be¦VBG¦ ¦t22.19¦verb¦discharge¦VBN¦ (¦t22.20¦conjunction¦or¦CC¦ (¦t22.21¦verb¦be¦VBG¦CONDITION:null¦ (¦t22.22¦verb¦move¦VBN¦ (¦t22.23¦particle¦to¦TO¦ (¦t22.27¦noun¦ward¦NN¦ ¦t22.24¦determiner¦a¦DT¦ ¦t22.25¦adjective¦special¦JJ¦ ¦t22.26¦noun¦observatory¦NN¦ (¦t22.28¦preposition¦for¦IN¦ (¦t22.30¦noun¦observation¦NN¦ ¦t22.29¦adjective¦further¦JJ¦))))))))))) ¦t22.31¦punctuation¦.¦Fp¦), (¦t23.9¦verb¦may¦MD¦ (¦t23.1¦noun¦patient¦NNS¦ (¦t23.3¦verb¦be¦VBP¦ ¦t23.2¦determiner¦that¦WDT¦ (¦t23.4¦verb¦move¦VBN¦ACTIVITY:t23.1¦ (¦t23.5¦particle¦to¦TO¦ (¦t23.8¦noun¦ward¦NN¦ ¦t23.6¦determiner¦the¦DT¦ ¦t23.7¦noun¦observatory¦NN¦))))) (¦t23.10¦verb¦be¦VB¦ (¦t23.11¦adjective¦subject¦JJ¦ (¦t23.12¦particle¦to¦TO¦ (¦t23.14¦noun¦examination¦NNS¦ ¦t23.13¦adjective¦further¦JJ¦ ¦t23.15¦punctuation¦,¦Fc¦ (¦t23.18¦verb¦consider¦VBP¦ACTIVITY:t23.14¦ ¦t23.16¦determiner¦which¦WDT¦ ¦t23.17¦pronoun¦we¦PRP¦ ¦t23.19¦particle¦out¦RP¦ (¦t23.20¦preposition¦of¦IN¦ (¦t23.22¦noun¦scope¦NN¦ACTIVITY:t23.23¦ ¦t23.21¦determiner¦the¦DT¦ (¦t23.23¦preposition¦of¦IN¦ (¦t23.25¦noun¦process¦NN¦ ¦t23.24¦determiner¦this¦DT¦))))))))) ¦t23.26¦punctuation¦.¦Fp¦)]