[(¦t1.5¦verb¦check¦VBZ¦ACTIVITY:t1.8¦ ¦t1.1¦adverb¦first¦RB¦ ¦t1.2¦punctuation¦,¦Fc¦ (¦t1.4¦noun¦manager¦NP¦ ¦t1.3¦determiner¦the¦DT¦) (¦t1.8¦noun¦lead¦NNS¦ ¦t1.6¦determiner¦the¦DT¦ ¦t1.7¦adjective¦open¦JJ¦) ¦t1.9¦punctuation¦.¦Fp¦), (¦t2.4¦verb¦select¦VBZ¦ACTIVITY:t2.8¦ ¦t2.1¦adverb¦afterwards¦RB¦ ¦t2.2¦punctuation¦,¦Fc¦ ¦t2.3¦pronoun¦he¦PRP¦ (¦t2.8¦noun¦one¦NNS¦ ¦t2.5¦determiner¦the¦DT¦ ¦t2.6¦adjective¦top¦JJ¦ ¦t2.7¦number¦5¦Z¦) ¦t2.9¦punctuation¦.¦Fp¦), (¦t3.3¦verb¦tell¦VBZ¦ACTIVITY:t3.5¦ ¦t3.1¦pronoun¦he¦PRP¦ ¦t3.2¦adverb¦then¦RB¦ (¦t3.5¦noun¦sales_assistant¦NP¦ ¦t3.4¦pronoun¦his¦PRP$¦) (¦t3.6¦particle¦to¦TO¦ (¦t3.7¦verb¦call¦VB¦ACTIVITY:t3.10¦ (¦t3.10¦noun¦person¦NN¦ ¦t3.8¦determiner¦the¦DT¦ ¦t3.9¦noun¦contact¦NN¦ACTIVITY:t3.11¦ (¦t3.11¦preposition¦of¦IN¦ (¦t3.13¦noun¦lead¦NNS¦ ¦t3.12¦determiner¦the¦DT¦))))) ¦t3.14¦punctuation¦.¦Fp¦), (¦t4.3¦verb¦call¦VBZ¦ACTIVITY:t4.5¦ (¦t4.2¦noun¦sales_assistant¦NP¦ ¦t4.1¦determiner¦the¦DT¦) (¦t4.5¦noun¦customer¦NN¦ ¦t4.4¦determiner¦each¦DT¦) ¦t4.6¦punctuation¦.¦Fp¦), (¦t5.7¦verb¦send¦VBZ¦ACTIVITY:t5.9¦ (¦t5.1¦preposition¦if¦IN¦ (¦t5.3¦verb¦be¦VBZ¦CONDITION:null¦ ¦t5.2¦pronoun¦someone¦PRP¦ ¦t5.4¦verb¦interest¦VBN¦ACTIVITY:t5.2¦)) ¦t5.5¦punctuation¦,¦Fc¦ ¦t5.6¦pronoun¦he¦PRP¦ (¦t5.9¦noun¦note¦NN¦ ¦t5.8¦determiner¦a¦DT¦ (¦t5.10¦particle¦to¦TO¦ (¦t5.12¦noun¦manager¦NP¦ ¦t5.11¦determiner¦the¦DT¦))) ¦t5.13¦punctuation¦.¦Fp¦), (¦t6.4¦verb¦process¦VBZ¦ACTIVITY:t6.6¦ (¦t6.2¦noun¦manager¦NP¦ ¦t6.1¦determiner¦the¦DT¦) ¦t6.3¦adverb¦then¦RB¦ (¦t6.6¦noun¦lead¦NN¦ ¦t6.5¦determiner¦the¦DT¦) ¦t6.7¦punctuation¦.¦Fp¦), (¦t7.4¦verb¦call¦VBZ¦ACTIVITY:t7.7¦ ¦t7.1¦adverb¦otherwise¦RB¦CONDITION:null¦ ¦t7.2¦punctuation¦,¦Fc¦ ¦t7.3¦pronoun¦he¦PRP¦ (¦t7.7¦noun¦customer¦NN¦ ¦t7.5¦determiner¦the¦DT¦ ¦t7.6¦adjective¦next¦JJ¦) ¦t7.8¦punctuation¦.¦Fp¦)]