[(¦t1.3¦verb¦start¦VBZ¦ (¦t1.2¦noun¦process¦NN¦ ¦t1.1¦determiner¦the¦DT¦) (¦t1.4¦preposition¦by¦IN¦ (¦t1.5¦verb¦review¦VBG¦ACTIVITY:t1.7¦ (¦t1.7¦noun¦order¦NN¦ ¦t1.6¦determiner¦the¦DT¦))) ¦t1.8¦punctuation¦.¦Fp¦), (¦t2.3¦verb¦should¦MD¦ (¦t2.2¦noun¦staff¦NN¦ ¦t2.1¦determiner¦the¦DT¦) (¦t2.4¦verb¦check¦VB¦ (¦t2.5¦preposition¦if¦IN¦ (¦t2.10¦verb¦be¦VBP¦CONDITION:null¦ (¦t2.9¦noun¦item¦NNS¦ ¦t2.6¦determiner¦all¦DT¦ ¦t2.7¦determiner¦the¦DT¦ ¦t2.8¦verb¦request¦VBN¦ACTIVITY:t2.9¦) ¦t2.11¦adjective¦available¦JJ¦))) ¦t2.12¦punctuation¦.¦Fp¦), (¦t3.8¦verb¦have¦VBZ¦ (¦t3.1¦preposition¦if¦IN¦ (¦t3.3¦verb¦be¦VBZ¦CONDITION:null¦ ¦t3.2¦pronoun¦something¦PRP¦ ¦t3.4¦verb¦miss¦VBG¦ACTIVITY:t3.2¦)) ¦t3.5¦punctuation¦,¦Fc¦ (¦t3.7¦noun¦staff¦NN¦ ¦t3.6¦determiner¦the¦DT¦) (¦t3.9¦particle¦to¦TO¦ (¦t3.10¦verb¦inform¦VB¦ACTIVITY:t3.11¦ (¦t3.11¦noun¦customer¦NN¦ (¦t3.12¦preposition¦about¦IN¦ (¦t3.15¦noun¦delay¦NN¦ ¦t3.13¦determiner¦a¦DT¦ ¦t3.14¦adjective¦potential¦JJ¦ (¦t3.16¦conjunction¦and¦CC¦ ¦t3.17¦noun¦order¦NN¦ (¦t3.20¦noun¦product¦NNS¦ ¦t3.18¦determiner¦the¦DT¦ ¦t3.19¦verb¦miss¦VBG¦ACTIVITY:t3.20¦))))))) ¦t3.21¦punctuation¦.¦Fp¦), (¦t4.12¦verb¦should¦MD¦ (¦t4.1¦preposition¦in¦IN¦ (¦t4.4¦noun¦case¦NN¦ ¦t4.2¦determiner¦the¦DT¦ ¦t4.3¦adjective¦exceptional¦JJ¦ (¦t4.5¦preposition¦of¦IN¦ (¦t4.8¦noun¦item¦NN¦ ¦t4.6¦determiner¦a¦DT¦ ¦t4.7¦verb¦discontinue¦VBN¦ACTIVITY:t4.8¦)))) ¦t4.9¦punctuation¦,¦Fc¦ (¦t4.11¦noun¦customer¦NN¦ ¦t4.10¦determiner¦the¦DT¦) (¦t4.13¦verb¦be¦VB¦ (¦t4.14¦verb¦inform¦VBN¦ACTIVITY:t4.11¦ (¦t4.15¦preposition¦about¦IN¦ (¦t4.20¦noun¦item¦NNS¦ ¦t4.16¦determiner¦the¦DT¦ (¦t4.18¦adjective¦long¦JJR¦ ¦t4.17¦adverb¦not¦RB¦) ¦t4.19¦adjective¦available¦JJ¦)))) ¦t4.21¦punctuation¦.¦Fp¦), (¦t5.14¦verb¦should¦MD¦ (¦t5.1¦preposition¦after¦IN¦ (¦t5.2¦verb¦wait¦VBG¦ACTIVITY:t5.4¦ (¦t5.4¦noun¦average¦NN¦ ¦t5.3¦determiner¦a¦DT¦ (¦t5.5¦preposition¦of¦IN¦ (¦t5.7¦noun¦day¦NNS¦ ¦t5.6¦noun¦x¦NN¦))) (¦t5.8¦preposition¦for¦IN¦ (¦t5.10¦noun¦delivery¦NN¦ACTIVITY:t5.4¦ ¦t5.9¦determiner¦the¦DT¦)))) ¦t5.11¦punctuation¦,¦Fc¦ (¦t5.13¦noun¦staff¦NN¦ ¦t5.12¦determiner¦the¦DT¦) (¦t5.15¦verb¦check¦VB¦ ¦t5.16¦adverb¦again¦RB¦ (¦t5.17¦preposition¦if¦IN¦ (¦t5.20¦verb¦be¦VBP¦CONDITION:null¦ (¦t5.19¦noun¦product¦NNS¦ ¦t5.18¦determiner¦all¦DT¦) (¦t5.21¦preposition¦on¦IN¦ ¦t5.22¦noun¦store¦NN¦)))) ¦t5.23¦punctuation¦.¦Fp¦), (¦t6.9¦verb¦recollect¦VBZ¦ACTIVITY:t6.11¦ (¦t6.1¦preposition¦if¦IN¦ (¦t6.3¦verb¦be¦VBZ¦CONDITION:null¦ ¦t6.2¦pronoun¦everything¦PRP¦ ¦t6.4¦noun¦ok¦NP¦)) ¦t6.5¦punctuation¦,¦Fc¦ (¦t6.8¦noun¦staff¦NN¦ ¦t6.6¦adverb¦then¦RB¦ ¦t6.7¦determiner¦the¦DT¦) (¦t6.11¦noun¦product¦NNS¦ ¦t6.10¦determiner¦all¦DT¦) (¦t6.12¦conjunction¦and¦CC¦ (¦t6.13¦verb¦prepare¦VB¦ACTIVITY:t6.15¦ (¦t6.15¦noun¦package¦NN¦ ¦t6.14¦determiner¦a¦DT¦))) ¦t6.16¦punctuation¦.¦Fp¦), (¦t7.3¦verb¦be¦VBZ¦ (¦t7.2¦noun¦courier¦NN¦ ¦t7.1¦determiner¦the¦DT¦) ¦t7.4¦adverb¦then¦RB¦ (¦t7.5¦verb¦inform¦VBN¦ACTIVITY:t7.2¦ (¦t7.6¦preposition¦about¦IN¦ (¦t7.9¦noun¦package¦NN¦ ¦t7.7¦determiner¦the¦DT¦ ¦t7.8¦verb¦pre-process¦VBN¦ACTIVITY:t7.9¦))) ¦t7.10¦punctuation¦.¦Fp¦), (¦t8.4¦verb¦inform¦VBZ¦ACTIVITY:t8.6¦ (¦t8.3¦noun¦company¦NN¦ ¦t8.1¦determiner¦the¦DT¦ ¦t8.2¦noun¦courier¦NN¦) (¦t8.6¦noun¦client¦NN¦ ¦t8.5¦determiner¦the¦DT¦ (¦t8.7¦preposition¦about¦IN¦ (¦t8.10¦noun¦delay¦NN¦ ¦t8.8¦determiner¦a¦DT¦ ¦t8.9¦adjective¦potential¦JJ¦))) (¦t8.11¦preposition¦until¦IN¦ (¦t8.13¦verb¦be¦VBP¦ ¦t8.12¦pronoun¦there¦EX¦ (¦t8.16¦noun¦resource¦NNS¦ (¦t8.15¦adjective¦human¦JJ¦ ¦t8.14¦adverb¦enough¦RB¦) (¦t8.17¦particle¦to¦TO¦ (¦t8.18¦verb¦process¦VB¦ACTIVITY:t8.20¦ (¦t8.20¦noun¦delivery¦NN¦ ¦t8.19¦determiner¦the¦DT¦)))))) ¦t8.21¦punctuation¦.¦Fp¦), (¦t9.5¦verb¦be¦VBZ¦ ¦t9.1¦adverb¦then¦RB¦ ¦t9.2¦punctuation¦,¦Fc¦ (¦t9.4¦noun¦package¦NN¦ ¦t9.3¦determiner¦the¦DT¦) (¦t9.6¦verb¦pick¦VBN¦ACTIVITY:t9.4¦ ¦t9.7¦particle¦up¦RP¦ (¦t9.8¦preposition¦by¦IN¦ (¦t9.11¦noun¦driver¦NN¦ ¦t9.9¦determiner¦the¦DT¦ ¦t9.10¦verb¦design¦VBN¦ACTIVITY:t9.11¦))) ¦t9.12¦punctuation¦.¦Fp¦), (¦t10.4¦verb¦decide¦VBZ¦ACTIVITY:t10.7¦ (¦t10.3¦noun¦service¦NN¦ ¦t10.1¦determiner¦a¦DT¦ ¦t10.2¦verb¦centralize¦VBN¦ACTIVITY:t10.3¦) (¦t10.7¦noun¦route¦NN¦ ¦t10.5¦determiner¦the¦DT¦ ¦t10.6¦adjective¦good¦JJS¦ (¦t10.8¦particle¦to¦TO¦ (¦t10.9¦verb¦deliver¦VB¦ACTIVITY:t10.13¦ (¦t10.13¦noun¦package¦NNS¦ (¦t10.11¦noun¦driver¦NN¦ ¦t10.10¦determiner¦all¦DT¦ ¦t10.12¦adposition¦'s¦POS¦))))) ¦t10.14¦punctuation¦.¦Fp¦), (¦t11.9¦verb¦should¦MD¦ (¦t11.1¦adverb¦once¦RB¦ (¦t11.4¦verb¦deliver¦VBZ¦ACTIVITY:t11.6¦ (¦t11.3¦noun¦driver¦NN¦ ¦t11.2¦determiner¦the¦DT¦) (¦t11.6¦noun¦package¦NN¦ ¦t11.5¦determiner¦the¦DT¦))) ¦t11.7¦punctuation¦,¦Fc¦ ¦t11.8¦pronoun¦she¦PRP¦ (¦t11.10¦verb¦update¦VB¦ACTIVITY:t11.12¦ (¦t11.12¦noun¦system¦NN¦ ¦t11.11¦determiner¦the¦DT¦) (¦t11.13¦preposition¦so¦IN¦ (¦t11.16¦verb¦be¦VBP¦ (¦t11.15¦noun¦stakeholder¦NNS¦ ¦t11.14¦determiner¦all¦DT¦) ¦t11.17¦verb¦notify¦VBN¦ACTIVITY:t11.15¦))) ¦t11.18¦punctuation¦.¦Fp¦)]