[(¦t1.7¦verb¦be¦VBZ¦ (¦t1.6¦noun¦expert¦NN¦ ¦t1.1¦determiner¦a¦DT¦ (¦t1.5¦noun¦hw¦NP¦ (¦t1.3¦noun¦front_end¦NN¦ ¦t1.2¦punctuation¦Fpa¦Fpa¦ ¦t1.4¦punctuation¦Fpt¦Fpt¦))) (¦t1.8¦preposition¦in¦IN¦ (¦t1.9¦noun¦charge¦NN¦ACTIVITY:t1.6¦ (¦t1.10¦preposition¦of¦IN¦ (¦t1.11¦verb¦welcome¦VBG¦ (¦t1.13¦noun¦customer¦NN¦ ¦t1.12¦determiner¦the¦DT¦))))) ¦t1.14¦punctuation¦,¦Fc¦ (¦t1.15¦conjunction¦and¦CC¦ (¦t1.16¦preposition¦of¦IN¦ (¦t1.17¦verb¦follow¦VBG¦ (¦t1.19¦noun¦case¦NN¦ ¦t1.18¦determiner¦the¦DT¦ (¦t1.20¦preposition¦of¦IN¦ (¦t1.23¦noun¦end-to-end¦NN¦ ¦t1.21¦determiner¦the¦DT¦ ¦t1.22¦noun¦customer¦NN¦)))))) ¦t1.24¦punctuation¦.¦Fp¦), (¦t2.5¦verb¦perform¦VBZ¦ACTIVITY:t2.8¦ ¦t2.1¦adverb¦first¦RB¦ ¦t2.2¦punctuation¦,¦Fc¦ (¦t2.4¦noun¦expert¦NN¦ ¦t2.3¦determiner¦the¦DT¦) (¦t2.8¦noun¦check¦NN¦ ¦t2.6¦determiner¦a¦DT¦ ¦t2.7¦adjective¦initial¦JJ¦) (¦t2.9¦conjunction¦so_as_to¦CC¦ (¦t2.10¦verb¦understand¦VB¦ACTIVITY:t2.12¦ (¦t2.12¦noun¦nature¦NN¦ ¦t2.11¦determiner¦the¦DT¦ (¦t2.13¦preposition¦of¦IN¦ (¦t2.15¦noun¦problem¦NN¦ ¦t2.14¦determiner¦the¦DT¦))))) ¦t2.16¦punctuation¦.¦Fp¦), (¦t3.5¦verb¦may¦MD¦ ¦t3.1¦adverb¦in_particular¦RB¦ ¦t3.2¦punctuation¦,¦Fc¦ (¦t3.4¦noun¦outcome¦NNS¦ ¦t3.3¦number¦2¦Z¦) (¦t3.6¦verb¦arise¦VB¦ ¦t3.7¦punctuation¦:¦Fd¦ (¦t3.12¦verb¦understand¦VBZ¦ (¦t3.11¦noun¦expert¦NN¦ ¦t3.8¦adverb¦either¦RB¦ ¦t3.9¦determiner¦the¦DT¦ ¦t3.10¦noun¦hw¦NP¦) (¦t3.13¦preposition¦that¦IN¦ (¦t3.16¦verb¦can¦MD¦ (¦t3.15¦noun¦problem¦NN¦ ¦t3.14¦determiner¦the¦DT¦) (¦t3.17¦verb¦be¦VB¦ (¦t3.18¦verb¦solve¦VBN¦ACTIVITY:t3.15¦ ¦t3.19¦adverb¦in-house¦RB¦)) ¦t3.20¦punctuation¦,¦Fc¦ (¦t3.21¦conjunction¦or¦CC¦ (¦t3.23¦verb¦decide¦VBZ¦ ¦t3.22¦pronoun¦she¦PRP¦ (¦t3.24¦preposition¦that¦IN¦ (¦t3.27¦verb¦must¦MD¦ (¦t3.26¦noun¦repair¦NN¦ ¦t3.25¦determiner¦the¦DT¦) (¦t3.28¦verb¦be¦VB¦ (¦t3.29¦verb¦handle¦VBN¦ACTIVITY:t3.26¦ ¦t3.30¦adverb¦externally¦RB¦)))))))))) ¦t3.31¦punctuation¦.¦Fp¦), (¦t4.9¦verb¦be¦VBZ¦ (¦t4.1¦preposition¦in¦IN¦ (¦t4.4¦noun¦case¦NN¦ ¦t4.2¦determiner¦the¦DT¦ ¦t4.3¦adjective¦1¦JJ¦)) ¦t4.5¦punctuation¦,¦Fc¦ (¦t4.8¦verb¦fix¦VBG¦ ¦t4.6¦determiner¦the¦DT¦ ¦t4.7¦adjective¦actual¦JJ¦) (¦t4.10¦verb¦do¦VBN¦ (¦t4.11¦preposition¦by¦IN¦ (¦t4.15¦noun¦expert¦NN¦ ¦t4.12¦determiner¦a¦DT¦ ¦t4.13¦adjective¦2¦JJ¦ ¦t4.14¦noun¦hw¦NP¦ (¦t4.16¦verb¦work¦VBG¦ (¦t4.17¦preposition¦in¦IN¦ (¦t4.19¦noun¦back_end¦NN¦ ¦t4.18¦determiner¦the¦DT¦ ¦t4.20¦punctuation¦,¦Fc¦ (¦t4.22¦verb¦be¦VBZ¦ ¦t4.21¦pronoun¦who¦WP¦ (¦t4.23¦adverb¦not¦RB¦ ¦t4.24¦adverb¦only¦RB¦) (¦t4.25¦adjective¦responsible¦JJ¦ (¦t4.26¦preposition¦of¦IN¦ (¦t4.29¦noun¦repair¦NN¦ ¦t4.27¦determiner¦the¦DT¦ ¦t4.28¦adjective¦actual¦JJ¦)) ¦t4.30¦punctuation¦,¦Fc¦ (¦t4.31¦conjunction¦but¦CC¦ (¦t4.32¦verb¦be¦VBZ¦ ¦t4.33¦adverb¦also¦RB¦ (¦t4.34¦preposition¦in¦IN¦ (¦t4.35¦noun¦charge¦NN¦ (¦t4.36¦preposition¦of¦IN¦ (¦t4.37¦verb¦write¦VBG¦ACTIVITY:t4.40¦ (¦t4.40¦noun¦summary¦NN¦ ¦t4.38¦determiner¦a¦DT¦ ¦t4.39¦adjective¦short¦JJ¦ (¦t4.41¦verb¦explain¦VBG¦ACTIVITY:t4.43¦ (¦t4.43¦noun¦problem¦NN¦ ¦t4.42¦determiner¦the¦DT¦ (¦t4.44¦conjunction¦and¦CC¦ (¦t4.46¦noun¦repair¦NN¦ ¦t4.45¦determiner¦the¦DT¦))))))))))))))))))) ¦t4.47¦punctuation¦.¦Fp¦), (¦t5.3¦verb¦be¦VBZ¦ (¦t5.2¦noun¦summary¦NN¦ ¦t5.1¦determiner¦the¦DT¦) ¦t5.4¦adverb¦then¦RB¦ (¦t5.5¦verb¦print¦VBN¦ACTIVITY:t5.2¦ (¦t5.6¦preposition¦by¦IN¦ (¦t5.8¦noun¦secretary¦NN¦ ¦t5.7¦determiner¦a¦DT¦))) ¦t5.9¦punctuation¦.¦Fp¦), (¦t6.9¦verb¦have¦VBP¦ (¦t6.1¦preposition¦in¦IN¦ (¦t6.4¦noun¦case¦NN¦ ¦t6.2¦determiner¦the¦DT¦ ¦t6.3¦adjective¦2¦JJ¦)) ¦t6.5¦punctuation¦,¦Fc¦ (¦t6.8¦noun¦task¦NNS¦ ¦t6.6¦number¦2¦Z¦ ¦t6.7¦adjective¦different¦JJ¦) (¦t6.10¦particle¦to¦TO¦ (¦t6.11¦verb¦be¦VB¦ ¦t6.12¦verb¦perform¦VBN¦ACTIVITY:t6.8¦)) ¦t6.13¦punctuation¦,¦Fc¦ (¦t6.15¦preposition¦from¦IN¦ ¦t6.14¦adverb¦independently¦RB¦ (¦t6.17¦adjective¦other¦JJ¦ ¦t6.16¦determiner¦each¦DT¦)) ¦t6.18¦punctuation¦.¦Fp¦), (¦t7.4¦verb¦be¦VBZ¦ (¦t7.3¦noun¦task¦NN¦ ¦t7.1¦determiner¦the¦DT¦ ¦t7.2¦adjective¦1¦JJ¦) ¦t7.5¦adverb¦again¦RB¦ (¦t7.6¦preposition¦under¦IN¦ (¦t7.8¦noun¦responsibility¦NN¦ ¦t7.7¦determiner¦the¦DT¦ (¦t7.9¦preposition¦of¦IN¦ (¦t7.13¦noun¦expert¦NN¦ ¦t7.10¦determiner¦the¦DT¦ ¦t7.11¦adjective¦front_end¦JJ¦ ¦t7.12¦noun¦hw¦NP¦ ¦t7.14¦punctuation¦,¦Fc¦ (¦t7.16¦verb¦write¦VBZ¦ACTIVITY:t7.19¦ ¦t7.15¦pronoun¦who¦WP¦ (¦t7.19¦noun¦report¦NN¦ ¦t7.17¦determiner¦a¦DT¦ ¦t7.18¦verb¦detail¦VBN¦ACTIVITY:t7.19¦ (¦t7.20¦preposition¦about¦IN¦ (¦t7.22¦noun¦nature¦NN¦ ¦t7.21¦determiner¦the¦DT¦ (¦t7.23¦preposition¦of¦IN¦ (¦t7.25¦noun¦problem¦NN¦ ¦t7.24¦determiner¦the¦DT¦)))))))))) ¦t7.26¦punctuation¦.¦Fp¦), (¦t8.9¦verb¦become¦VBZ¦ (¦t8.1¦preposition¦at¦IN¦ (¦t8.4¦noun¦time¦NN¦ ¦t8.2¦determiner¦the¦DT¦ ¦t8.3¦adjective¦same¦JJ¦)) ¦t8.5¦punctuation¦,¦Fc¦ (¦t8.8¦noun¦clerk¦NN¦ ¦t8.6¦determiner¦a¦DT¦ ¦t8.7¦noun¦shipping¦NN¦) (¦t8.10¦preposition¦in¦IN¦ (¦t8.11¦noun¦charge¦NN¦ACTIVITY:t8.8¦ (¦t8.12¦preposition¦of¦IN¦ (¦t8.15¦noun¦expedition¦NN¦ ¦t8.13¦determiner¦the¦DT¦ ¦t8.14¦noun¦device¦NN¦ ¦t8.16¦punctuation¦,¦Fc¦ (¦t8.18¦verb¦consist¦VBZ¦ ¦t8.17¦determiner¦which¦WDT¦ (¦t8.19¦preposition¦in¦IN¦ (¦t8.21¦noun¦preparation¦NN¦ACTIVITY:t8.22¦ ¦t8.20¦determiner¦the¦DT¦ (¦t8.22¦preposition¦of¦IN¦ (¦t8.24¦noun¦package¦NN¦ ¦t8.23¦determiner¦a¦DT¦ ¦t8.25¦punctuation¦Fpa¦Fpa¦ (¦t8.26¦conjunction¦and¦CC¦ (¦t8.29¦noun¦document¦NNS¦ ¦t8.27¦determiner¦the¦DT¦ ¦t8.28¦verb¦correspond¦VBG¦))))))) ¦t8.30¦punctuation¦Fpt¦Fpt¦)))) ¦t8.31¦punctuation¦.¦Fp¦), (¦t9.4¦verb¦have¦VBZ¦ ¦t9.1¦adverb¦once¦RB¦ (¦t9.3¦noun¦report¦NN¦ ¦t9.2¦determiner¦the¦DT¦) (¦t9.5¦verb¦be¦VBN¦ ¦t9.6¦verb¦write¦VBN¦ACTIVITY:t9.3¦) (¦t9.7¦conjunction¦and¦CC¦ (¦t9.9¦noun¦package¦NN¦ ¦t9.8¦determiner¦the¦DT¦ ¦t9.10¦verb¦prepare¦VBN¦ACTIVITY:t9.9¦) (¦t9.15¦verb¦assemble¦VBZ¦ACTIVITY:t9.18¦ ¦t9.11¦punctuation¦,¦Fc¦ (¦t9.14¦noun¦clerk¦NN¦ACTIVITY:t9.13¦ ¦t9.12¦determiner¦the¦DT¦ ¦t9.13¦noun¦shipping¦NN¦) (¦t9.18¦noun¦package¦NN¦ ¦t9.16¦determiner¦the¦DT¦ ¦t9.17¦adjective¦entire¦JJ¦ (¦t9.21¦verb¦will¦MD¦ ¦t9.19¦punctuation¦Fpa¦Fpa¦ ¦t9.20¦determiner¦which¦WDT¦ (¦t9.22¦verb¦be¦VB¦ ¦t9.23¦adverb¦then¦RB¦ (¦t9.25¦verb¦send¦VBN¦ACTIVITY:t9.18¦ ¦t9.24¦adverb¦automatically¦RB¦ (¦t9.26¦particle¦to¦TO¦ (¦t9.29¦noun¦office¦NN¦ ¦t9.27¦determiner¦the¦DT¦ ¦t9.28¦noun¦post¦NN¦)) ¦t9.30¦punctuation¦Fpt¦Fpt¦)))))) ¦t9.31¦punctuation¦.¦Fp¦), (¦t10.5¦verb¦print¦VBZ¦ACTIVITY:t10.7¦ ¦t10.1¦adverb¦finally¦RB¦ ¦t10.2¦punctuation¦,¦Fc¦ (¦t10.4¦noun¦secretary¦NN¦ ¦t10.3¦determiner¦the¦DT¦) (¦t10.7¦noun¦receipt¦NN¦ ¦t10.6¦determiner¦a¦DT¦ (¦t10.10¦verb¦include¦VBZ¦ACTIVITY:t10.7¦ ¦t10.8¦punctuation¦Fpa¦Fpa¦ ¦t10.9¦determiner¦which¦WDT¦ ¦t10.11¦adverb¦also¦RB¦ (¦t10.14¦noun¦code¦NN¦ ¦t10.12¦determiner¦a¦DT¦ ¦t10.13¦noun¦expedition¦NN¦) (¦t10.15¦particle¦to¦TO¦ ¦t10.16¦verb¦track¦VB¦)) (¦t10.22¦verb¦locate¦VBN¦ (¦t10.17¦adverb¦where¦WRB¦ (¦t10.20¦verb¦be¦VBZ¦ (¦t10.19¦noun¦device¦NN¦ ¦t10.18¦determiner¦the¦DT¦) ¦t10.21¦adverb¦currently¦RB¦)) ¦t10.23¦punctuation¦Fpt¦Fpt¦)) ¦t10.24¦punctuation¦,¦Fc¦ (¦t10.25¦conjunction¦and¦CC¦ (¦t10.29¦verb¦terminate¦VBZ¦ (¦t10.28¦noun¦instance¦NN¦ ¦t10.26¦determiner¦the¦DT¦ ¦t10.27¦noun¦process¦NN¦))) ¦t10.30¦punctuation¦.¦Fp¦)]