[(¦t1.3¦verb¦be¦VBZ¦ (¦t1.2¦noun¦process¦NN¦ ¦t1.1¦determiner¦the¦DT¦) (¦t1.4¦verb¦trigger¦VBN¦ACTIVITY:t1.2¦ (¦t1.5¦preposition¦by¦IN¦ (¦t1.7¦noun¦demand¦NN¦ACTIVITY:t1.8¦ ¦t1.6¦determiner¦the¦DT¦ (¦t1.8¦preposition¦of¦IN¦ (¦t1.11¦noun¦department¦NN¦ ¦t1.9¦determiner¦a¦DT¦ ¦t1.10¦adjective¦functional¦JJ¦)) (¦t1.12¦particle¦to¦TO¦ (¦t1.13¦verb¦fill¦VB¦ACTIVITY:t1.15¦ (¦t1.15¦noun¦post¦NN¦ ¦t1.14¦determiner¦a¦DT¦)))))) ¦t1.16¦punctuation¦.¦Fp¦), (¦t2.3¦verb¦be¦VBZ¦ (¦t2.2¦noun¦post¦NN¦ ¦t2.1¦determiner¦the¦DT¦) ¦t2.4¦verb¦advertise¦VBN¦ACTIVITY:t2.2¦ (¦t2.7¦verb¦apply¦VBP¦ACTIVITY:t2.6¦ ¦t2.5¦punctuation¦,¦Fc¦ ¦t2.6¦noun¦applicant¦NNS¦ ¦t2.8¦punctuation¦,¦Fc¦ (¦t2.11¦verb¦be¦VBP¦ (¦t2.10¦noun¦application¦NNS¦ ¦t2.9¦determiner¦the¦DT¦) ¦t2.12¦verb¦check¦VBN¦ACTIVITY:t2.10¦ (¦t2.13¦conjunction¦and¦CC¦ (¦t2.16¦verb¦be¦VBZ¦ (¦t2.15¦noun¦post¦NN¦ ¦t2.14¦determiner¦the¦DT¦) ¦t2.17¦verb¦fill¦VBN¦ACTIVITY:t2.15¦)))) ¦t2.18¦punctuation¦.¦Fp¦), (¦t3.3¦verb¦finish¦VBZ¦ (¦t3.2¦noun¦process¦NN¦ ¦t3.1¦determiner¦the¦DT¦) (¦t3.8¦verb¦fill¦VBN¦ACTIVITY:t3.2¦ (¦t3.4¦adverb¦when¦WRB¦ (¦t3.7¦verb¦be¦VBD¦ (¦t3.6¦noun¦post¦NN¦ ¦t3.5¦determiner¦the¦DT¦)))) ¦t3.9¦punctuation¦,¦Fc¦ (¦t3.11¦preposition¦through¦IN¦ ¦t3.10¦adverb¦precisely¦RB¦ (¦t3.13¦noun¦conclusion¦NN¦ACTIVITY:t3.14¦ ¦t3.12¦determiner¦the¦DT¦ (¦t3.14¦preposition¦of¦IN¦ (¦t3.16¦noun¦contract¦NN¦ACTIVITY:t3.17¦ ¦t3.15¦determiner¦a¦DT¦ (¦t3.17¦preposition¦of¦IN¦ ¦t3.18¦noun¦employment¦NN¦))))) ¦t3.19¦punctuation¦.¦Fp¦)]