[(¦t1.3¦verb¦start¦VBZ¦ (¦t1.2¦noun¦process¦NN¦ ¦t1.1¦determiner¦the¦DT¦) (¦t1.4¦preposition¦with¦IN¦ (¦t1.7¦noun¦analyst¦NN¦ ¦t1.5¦determiner¦the¦DT¦ ¦t1.6¦noun¦business¦NN¦ (¦t1.8¦verb¦collect¦VBG¦ACTIVITY:t1.9¦ ¦t1.9¦noun¦data¦NNS¦))) (¦t1.10¦conjunction¦and¦CC¦ (¦t1.11¦verb¦conduct¦VBG¦ACTIVITY:t1.13¦ (¦t1.13¦noun¦analysis¦NN¦ ¦t1.12¦noun¦business¦NN¦ (¦t1.14¦verb¦regard¦VBG¦ (¦t1.16¦noun¦feedback¦NN¦ ¦t1.15¦noun¦customer¦NN¦ (¦t1.22¦verb¦integrate¦VBZ¦ACTIVITY:t1.24¦ ¦t1.17¦punctuation¦,¦Fc¦ (¦t1.21¦noun¦designer¦NN¦ ¦t1.18¦adverb¦then¦RB¦ ¦t1.19¦determiner¦the¦DT¦ ¦t1.20¦noun¦web¦NN¦) (¦t1.24¦noun¦design¦NN¦ ¦t1.23¦determiner¦the¦DT¦) (¦t1.25¦conjunction¦and¦CC¦ (¦t1.26¦verb¦decide¦VBZ¦ (¦t1.32¦verb¦should¦MD¦ ¦t1.27¦adverb¦where¦WRB¦ (¦t1.31¦noun¦module¦NN¦ ¦t1.28¦determiner¦the¦DT¦ (¦t1.30¦noun¦feedback¦NN¦ ¦t1.29¦noun¦customer¦NN¦)) (¦t1.33¦verb¦be¦VB¦ ¦t1.34¦verb¦place¦VBN¦ACTIVITY:t1.31¦)))))))))) ¦t1.35¦punctuation¦.¦Fp¦), (¦t2.13¦verb¦check¦VBZ¦ACTIVITY:t2.15¦ (¦t2.5¦preposition¦until¦IN¦ (¦t2.4¦noun¦wait¦NNS¦ACTIVITY:t2.3¦ ¦t2.1¦determiner¦the¦DT¦ (¦t2.3¦noun¦analyst¦NN¦ ¦t2.2¦noun¦business¦NN¦)) (¦t2.8¦verb¦be¦VBZ¦ (¦t2.7¦noun¦design¦NN¦ ¦t2.6¦determiner¦the¦DT¦) ¦t2.9¦adjective¦complete¦JJ¦)) ¦t2.10¦punctuation¦,¦Fc¦ ¦t2.11¦adverb¦then¦RB¦ ¦t2.12¦pronoun¦she¦PRP¦ (¦t2.15¦noun¦design¦NN¦ ¦t2.14¦determiner¦the¦DT¦) (¦t2.16¦conjunction¦and¦CC¦ (¦t2.17¦verb¦provide¦VBZ¦ACTIVITY:t2.18¦ ¦t2.18¦noun¦feedback¦NN¦)) ¦t2.19¦punctuation¦.¦Fp¦), (¦t3.9¦verb¦have¦VBZ¦ (¦t3.1¦preposition¦if¦IN¦ (¦t3.4¦verb¦need¦VBZ¦CONDITION:null¦ (¦t3.3¦noun¦design¦NN¦ ¦t3.2¦determiner¦the¦DT¦) ¦t3.5¦noun¦adjustment¦NN¦)) (¦t3.8¦noun¦designer¦NN¦ ¦t3.6¦determiner¦the¦DT¦ ¦t3.7¦noun¦web¦NN¦) (¦t3.10¦particle¦to¦TO¦ (¦t3.11¦verb¦change¦VB¦ACTIVITY:t3.13¦ (¦t3.13¦noun¦design¦NN¦ ¦t3.12¦determiner¦the¦DT¦) (¦t3.14¦conjunction¦and¦CC¦ (¦t3.15¦verb¦integrate¦VBZ¦ACTIVITY:t3.17¦ (¦t3.17¦noun¦design¦NN¦ ¦t3.16¦determiner¦the¦DT¦) (¦t3.18¦conjunction¦and¦CC¦ (¦t3.19¦verb¦decide¦VBZ¦ (¦t3.25¦verb¦should¦MD¦ ¦t3.20¦adverb¦where¦WRB¦ (¦t3.24¦noun¦module¦NN¦ ¦t3.21¦determiner¦the¦DT¦ (¦t3.23¦noun¦feedback¦NN¦ ¦t3.22¦noun¦customer¦NN¦)) (¦t3.26¦verb¦be¦VB¦ ¦t3.27¦verb¦place¦VBN¦ACTIVITY:t3.24¦)) ¦t3.28¦punctuation¦,¦Fc¦ ¦t3.29¦adverb¦again¦RB¦)))))) ¦t3.30¦punctuation¦.¦Fp¦), (¦t4.1¦preposition¦if¦IN¦ (¦t4.4¦verb¦be¦VBZ¦CONDITION:null¦ (¦t4.3¦noun¦design¦NN¦ ¦t4.2¦determiner¦the¦DT¦) ¦t4.5¦noun¦ok¦NP¦ ¦t4.6¦punctuation¦.¦Fp¦)), (¦t5.8¦verb¦integrate¦VBZ¦ACTIVITY:t5.9¦ (¦t5.7¦noun¦specialist¦NN¦ ¦t5.1¦determiner¦the¦DT¦ (¦t5.2¦noun¦php¦NP¦ (¦t5.3¦punctuation¦/¦Fh¦ (¦t5.4¦noun¦html¦NP¦ (¦t5.5¦punctuation¦/¦Fh¦ ¦t5.6¦noun¦css¦NP¦))))) (¦t5.9¦preposition¦with¦IN¦ (¦t5.12¦noun¦implementation¦NN¦ ¦t5.10¦determiner¦the¦DT¦ ¦t5.11¦adjective¦overall¦JJ¦)) ¦t5.13¦punctuation¦,¦Fc¦ (¦t5.14¦conjunction¦and¦CC¦ (¦t5.18¦verb¦test¦VBZ¦ACTIVITY:t5.21¦ ¦t5.15¦adverb¦then¦RB¦ (¦t5.17¦noun¦tester¦NN¦ ¦t5.16¦determiner¦the¦DT¦) (¦t5.21¦noun¦website¦NN¦ ¦t5.19¦determiner¦the¦DT¦ ¦t5.20¦adjective¦final¦JJ¦ (¦t5.22¦particle¦to¦TO¦ (¦t5.23¦verb¦make¦VB¦ACTIVITY:t5.24¦ (¦t5.24¦adjective¦sure¦JJ¦ (¦t5.26¦verb¦be¦VBZ¦ ¦t5.25¦pronoun¦everything¦PRP¦ (¦t5.27¦verb¦go¦VBG¦ ¦t5.28¦adverb¦well¦RB¦)))))))) ¦t5.29¦punctuation¦.¦Fp¦), (¦t6.20¦verb¦provide¦VBZ¦ACTIVITY:t6.22¦ (¦t6.1¦preposition¦if¦IN¦ (¦t6.4¦verb¦be¦VBZ¦CONDITION:null¦ (¦t6.3¦noun¦test¦NN¦ ¦t6.2¦determiner¦the¦DT¦) (¦t6.5¦noun¦ok¦NP¦ ¦t6.6¦punctuation¦,¦Fc¦ (¦t6.9¦noun¦end¦NNS¦ACTIVITY:t6.8¦ ¦t6.7¦determiner¦the¦DT¦ ¦t6.8¦noun¦process¦NN¦)))) ¦t6.10¦punctuation¦,¦Fc¦ (¦t6.12¦preposition¦if¦IN¦ ¦t6.11¦adverb¦otherwise¦RB¦ (¦t6.15¦verb¦be¦VBZ¦CONDITION:null¦ (¦t6.14¦noun¦test¦NN¦ ¦t6.13¦determiner¦the¦DT¦) ¦t6.16¦adverb¦not¦RB¦ ¦t6.17¦adjective¦ok¦JJ¦)) (¦t6.19¦noun¦tester¦NN¦ ¦t6.18¦determiner¦the¦DT¦) (¦t6.22¦noun¦result¦NNS¦ ¦t6.21¦noun¦test¦NN¦) (¦t6.23¦particle¦to¦TO¦ (¦t6.30¦noun¦specialist¦NN¦ ¦t6.24¦determiner¦the¦DT¦ (¦t6.25¦noun¦php¦NP¦ (¦t6.26¦punctuation¦/¦Fh¦ (¦t6.27¦noun¦html¦NP¦ (¦t6.28¦punctuation¦/¦Fh¦ ¦t6.29¦noun¦css¦NP¦)))) (¦t6.32¦verb¦adjust¦VBZ¦ACTIVITY:t6.33¦ ¦t6.31¦pronoun¦who¦WP¦ (¦t6.33¦preposition¦according_to¦IN¦ (¦t6.36¦noun¦result¦NNS¦ACTIVITY:t6.35¦ ¦t6.34¦determiner¦the¦DT¦ ¦t6.35¦noun¦test¦NN¦))))) ¦t6.37¦punctuation¦,¦Fc¦ (¦t6.38¦conjunction¦and¦CC¦ (¦t6.39¦verb¦integrate¦VBZ¦ACTIVITY:t6.42¦ (¦t6.42¦noun¦implementation¦NN¦ ¦t6.40¦determiner¦the¦DT¦ ¦t6.41¦adjective¦overall¦JJ¦) ¦t6.43¦punctuation¦,¦Fc¦ ¦t6.44¦adverb¦again¦RB¦)) ¦t6.45¦punctuation¦.¦Fp¦)]