[(¦t1.3¦verb¦send¦VBZ¦ACTIVITY:t1.6¦ (¦t1.2¦noun¦customer_service_representative¦NP¦ ¦t1.1¦determiner¦the¦DT¦) (¦t1.6¦noun¦offer¦NN¦ ¦t1.4¦determiner¦a¦DT¦ ¦t1.5¦noun¦mortgage¦NP¦ (¦t1.7¦particle¦to¦TO¦ (¦t1.9¦noun¦customer¦NN¦ ¦t1.8¦determiner¦the¦DT¦ (¦t1.10¦conjunction¦and¦CC¦ ¦t1.11¦noun¦wait¦NNS¦))) (¦t1.12¦preposition¦for¦IN¦ (¦t1.14¦noun¦reply¦NN¦ ¦t1.13¦determiner¦a¦DT¦))) ¦t1.15¦punctuation¦.¦Fp¦), (¦t2.15¦verb¦be¦VBP¦ (¦t2.1¦preposition¦if¦IN¦ (¦t2.4¦verb¦call¦VBZ¦CONDITION:null¦ (¦t2.3¦noun¦customer¦NN¦ ¦t2.2¦determiner¦the¦DT¦) (¦t2.5¦conjunction¦or¦CC¦ (¦t2.6¦verb¦write¦VBZ¦ ¦t2.7¦adverb¦back¦RB¦ (¦t2.8¦verb¦decline¦VBG¦ACTIVITY:t2.10¦ (¦t2.10¦noun¦mortgage¦NN¦ ¦t2.9¦determiner¦the¦DT¦)))))) ¦t2.11¦punctuation¦,¦Fc¦ (¦t2.14¦noun¦detail¦NNS¦ ¦t2.12¦determiner¦the¦DT¦ ¦t2.13¦noun¦case¦NN¦) ¦t2.16¦verb¦update¦VBN¦ACTIVITY:t2.14¦ (¦t2.17¦conjunction¦and¦CC¦ (¦t2.20¦verb¦be¦VBZ¦ (¦t2.19¦noun¦work¦NN¦ ¦t2.18¦determiner¦the¦DT¦) ¦t2.21¦adverb¦then¦RB¦ (¦t2.22¦verb¦archive¦VBN¦ACTIVITY:t2.19¦ (¦t2.23¦adjective¦prior¦JJ¦ (¦t2.24¦particle¦to¦TO¦ ¦t2.25¦noun¦cancellation¦NN¦))))) ¦t2.26¦punctuation¦.¦Fp¦), (¦t3.1¦preposition¦if¦IN¦ (¦t3.4¦verb¦send¦VBZ¦CONDITION:null¦ (¦t3.3¦noun¦customer¦NN¦ ¦t3.2¦determiner¦the¦DT¦) ¦t3.5¦adverb¦back¦RB¦ (¦t3.9¦noun¦document¦NNS¦ ¦t3.6¦determiner¦the¦DT¦ ¦t3.7¦verb¦complete¦VBN¦ACTIVITY:t3.9¦ ¦t3.8¦noun¦offer¦NN¦) (¦t3.10¦conjunction¦and¦CC¦ (¦t3.11¦verb¦attach¦VBZ¦ACTIVITY:t3.14¦ (¦t3.14¦noun¦document¦NNS¦ ¦t3.12¦determiner¦all¦DT¦ ¦t3.13¦adjective¦prerequisite¦JJ¦) ¦t3.15¦adverb¦then¦RB¦))) (¦t3.18¦verb¦be¦VBZ¦ (¦t3.17¦noun¦case¦NN¦ ¦t3.16¦determiner¦the¦DT¦) (¦t3.19¦verb¦move¦VBN¦ACTIVITY:t3.17¦ (¦t3.20¦particle¦to¦TO¦ (¦t3.21¦noun¦administration¦NN¦ (¦t3.22¦preposition¦for¦IN¦ ¦t3.23¦noun¦completion¦NN¦))))) ¦t3.24¦punctuation¦.¦Fp¦), (¦t4.10¦verb¦be¦VBZ¦ (¦t4.1¦preposition¦if¦IN¦ (¦t4.5¦verb¦be¦VBP¦CONDITION:null¦ (¦t4.4¦noun¦document¦NNS¦ ¦t4.2¦determiner¦all¦DT¦ ¦t4.3¦adjective¦pre-requisite¦JJ¦) ¦t4.6¦adverb¦not¦RB¦ ¦t4.7¦verb¦provide¦VBN¦ACTIVITY:t4.4¦)) (¦t4.9¦noun¦message¦NN¦ ¦t4.8¦determiner¦a¦DT¦) (¦t4.11¦verb¦generate¦VBN¦ACTIVITY:t4.9¦ (¦t4.12¦particle¦to¦TO¦ (¦t4.14¦noun¦customer¦NN¦ ¦t4.13¦determiner¦the¦DT¦ (¦t4.15¦verb¦request¦VBG¦ACTIVITY:t4.17¦ (¦t4.17¦noun¦document¦NNS¦ ¦t4.16¦adjective¦outstanding¦JJ¦))))) ¦t4.18¦punctuation¦.¦Fp¦), (¦t5.13¦verb¦be¦VBP¦ (¦t5.1¦preposition¦if¦IN¦ (¦t5.4¦verb¦be¦VBZ¦CONDITION:null¦ (¦t5.3¦noun¦answer¦NN¦ ¦t5.2¦determiner¦no¦DT¦) (¦t5.5¦verb¦receive¦VBN¦ACTIVITY:t5.3¦ (¦t5.6¦preposition¦after¦IN¦ (¦t5.8¦noun¦week¦NNS¦ ¦t5.7¦number¦2¦Z¦))))) ¦t5.9¦punctuation¦,¦Fc¦ (¦t5.12¦noun¦detail¦NNS¦ ¦t5.10¦determiner¦the¦DT¦ ¦t5.11¦noun¦case¦NN¦) (¦t5.14¦verb¦update¦VBN¦ACTIVITY:t5.12¦ (¦t5.15¦adjective¦prior¦JJ¦ (¦t5.16¦particle¦to¦TO¦ (¦t5.17¦noun¦archive¦NN¦ (¦t5.18¦conjunction¦and¦CC¦ ¦t5.19¦noun¦cancellation¦NN¦))))) ¦t5.20¦punctuation¦.¦Fp¦)]