[(¦t1.3¦verb¦start¦VBZ¦ (¦t1.2¦noun¦process¦NN¦ ¦t1.1¦determiner¦the¦DT¦) (¦t1.4¦preposition¦with¦IN¦ (¦t1.6¦noun¦visitor¦NN¦ ¦t1.5¦determiner¦a¦DT¦) (¦t1.7¦verb¦fill¦VBG¦ACTIVITY:t1.10¦ ¦t1.8¦particle¦out¦RP¦ (¦t1.10¦noun¦registration_form¦NN¦ ¦t1.9¦determiner¦a¦DT¦))) ¦t1.11¦punctuation¦.¦Fp¦), (¦t2.9¦verb¦be¦VBZ¦ (¦t2.2¦noun¦availability¦NN¦ ¦t2.1¦determiner¦the¦DT¦ (¦t2.3¦preposition¦of¦IN¦ ¦t2.4¦noun¦product¦NNS¦) (¦t2.5¦conjunction¦and¦CC¦ (¦t2.8¦noun¦rating¦NN¦ACTIVITY:t2.7¦ ¦t2.6¦determiner¦the¦DT¦ ¦t2.7¦noun¦credit¦NN¦))) (¦t2.10¦verb¦check¦VBN¦ACTIVITY:t2.2¦ ¦t2.11¦adjective¦1¦JJ¦) ¦t2.12¦punctuation¦.¦Fp¦), (¦t3.15¦verb¦be¦VBZ¦ (¦t3.1¦preposition¦if¦IN¦ (¦t3.5¦verb¦be¦VBZ¦CONDITION:null¦ (¦t3.4¦noun¦rating¦NN¦ACTIVITY:t3.3¦ ¦t3.2¦determiner¦the¦DT¦ ¦t3.3¦noun¦credit¦NN¦) (¦t3.6¦adjective¦high¦JJR¦ (¦t3.7¦preposition¦than¦IN¦ ¦t3.8¦number¦9000¦Z¦)) (¦t3.10¦preposition¦according_to¦IN¦ ¦t3.9¦punctuation¦Fpa¦Fpa¦ ¦t3.11¦noun¦schufa¦NP¦ ¦t3.12¦punctuation¦Fpt¦Fpt¦))) (¦t3.14¦noun¦registration¦NN¦ ¦t3.13¦determiner¦the¦DT¦) (¦t3.16¦verb¦call¦VBN¦ACTIVITY:t3.14¦ ¦t3.17¦adjective¦unsuccessful¦JJ¦) ¦t3.18¦punctuation¦.¦Fp¦), (¦t4.7¦verb¦be¦VBZ¦ ¦t4.1¦adverb¦if_not¦RB¦ (¦t4.6¦noun¦record¦NN¦ ¦t4.2¦determiner¦the¦DT¦ (¦t4.5¦noun¦dataset¦NN¦ (¦t4.4¦noun¦customer¦NN¦ ¦t4.3¦noun¦interim¦NN¦))) ¦t4.8¦verb¦create¦VBN¦ACTIVITY:t4.6¦ ¦t4.9¦punctuation¦.¦Fp¦), (¦t5.5¦verb¦start¦VBZ¦ (¦t5.1¦preposition¦after¦IN¦ (¦t5.4¦noun¦sub-process¦NNS¦ ¦t5.2¦determiner¦this¦DT¦ ¦t5.3¦number¦2¦Z¦)) (¦t5.6¦preposition¦in¦IN¦ ¦t5.7¦noun¦parallel¦NN¦) ¦t5.8¦punctuation¦:¦Fd¦ (¦t5.15¦preposition¦at¦IN¦ (¦t5.14¦noun¦account¦NN¦ (¦t5.10¦noun¦provision¦NN¦ACTIVITY:t5.9¦ ¦t5.9¦noun¦device¦NN¦ ¦t5.11¦conjunction¦and¦CC¦) (¦t5.13¦noun¦customer¦NN¦ ¦t5.12¦noun¦register¦NP¦)) (¦t5.17¦noun¦node¦NNS¦ ¦t5.16¦noun¦isp¦NP¦)) ¦t5.18¦punctuation¦.¦Fp¦), (¦t6.10¦verb¦be¦VBZ¦ (¦t6.1¦adverb¦once¦RB¦ (¦t6.4¦verb¦be¦VBP¦ (¦t6.3¦noun¦sub-process¦NNS¦ ¦t6.2¦determiner¦these¦DT¦) ¦t6.5¦verb¦finish¦VBN¦ACTIVITY:t6.3¦)) ¦t6.6¦punctuation¦,¦Fc¦ (¦t6.9¦noun¦package¦NN¦ ¦t6.7¦determiner¦a¦DT¦ ¦t6.8¦adjective¦welcome¦JJ¦) (¦t6.11¦verb¦create¦VBN¦ACTIVITY:t6.9¦ (¦t6.12¦conjunction¦and¦CC¦ (¦t6.13¦verb¦send¦VBN¦ACTIVITY:t6.9¦ (¦t6.14¦particle¦to¦TO¦ (¦t6.16¦noun¦customer¦NN¦ ¦t6.15¦determiner¦the¦DT¦)))) (¦t6.17¦particle¦to¦TO¦ (¦t6.18¦verb¦alert¦VB¦ACTIVITY:t6.19¦ ¦t6.19¦pronoun¦them¦PRP¦ (¦t6.20¦preposition¦that¦IN¦ (¦t6.24¦verb¦be¦VBD¦ (¦t6.23¦noun¦process¦NN¦ ¦t6.21¦determiner¦the¦DT¦ ¦t6.22¦noun¦registration¦NN¦) (¦t6.25¦verb¦complete¦VBN¦ACTIVITY:t6.23¦ ¦t6.26¦adverb¦successfully¦RB¦)))))) ¦t6.27¦punctuation¦.¦Fp¦)]